[Date:] 2012/03/13 11:10:44 
[Message:]
 monitor监控共享内存(9990671)<<创建>>成功! 
^^^^^^^^^^^^^^^^^^^^^^^^^^^^^^^^^^^^^^^^^^^^^^^^^^^^^^
[Date:] 2012/03/13 11:10:44 
[Message:]
 初始化MC_流程调度共享内存... 
^^^^^^^^^^^^^^^^^^^^^^^^^^^^^^^^^^^^^^^^^^^^^^^^^^^^^^
[Date:] 2012/03/13 11:10:44 
[Message:]
 初始化信号量... 
^^^^^^^^^^^^^^^^^^^^^^^^^^^^^^^^^^^^^^^^^^^^^^^^^^^^^^
[Date:] 2012/03/13 11:10:44 
[Message:]
 MC_流程调度共享内存(9990673)<<创建>>成功! 
^^^^^^^^^^^^^^^^^^^^^^^^^^^^^^^^^^^^^^^^^^^^^^^^^^^^^^
[Date:] 2012/03/13 11:11:30 
[Message:]
 StartCommand: acctrecmsg -p 88888 -n 6  
 ExecPath: /oradata/abmaccu/abm_product/bin
[File(line):] Guard.cpp(632)
^^^^^^^^^^^^^^^^^^^^^^^^^^^^^^^^^^^^^^^^^^^^^^^^^^^^^^
[Date:] 2012/03/13 11:11:30 
[Message:]
 argv[1],-p
[File(line):] Guard.cpp(638)
^^^^^^^^^^^^^^^^^^^^^^^^^^^^^^^^^^^^^^^^^^^^^^^^^^^^^^
[Date:] 2012/03/13 11:11:30 
[Message:]
 argv[2],88888
[File(line):] Guard.cpp(638)
^^^^^^^^^^^^^^^^^^^^^^^^^^^^^^^^^^^^^^^^^^^^^^^^^^^^^^
[Date:] 2012/03/13 11:11:30 
[Message:]
 argv[3],-n
[File(line):] Guard.cpp(638)
^^^^^^^^^^^^^^^^^^^^^^^^^^^^^^^^^^^^^^^^^^^^^^^^^^^^^^
[Date:] 2012/03/13 11:11:30 
[Message:]
 argv[4],6
[File(line):] Guard.cpp(638)
^^^^^^^^^^^^^^^^^^^^^^^^^^^^^^^^^^^^^^^^^^^^^^^^^^^^^^
[Date:] 2012/03/13 11:11:30 
[Message:]
 child process create ,pid:26628 
^^^^^^^^^^^^^^^^^^^^^^^^^^^^^^^^^^^^^^^^^^^^^^^^^^^^^^
[Date:] 2012/03/13 11:11:30 
[Message:]
 StartCommand: acctsendmsg -p 66666 -n 6  
 ExecPath: /oradata/abmaccu/abm_product/bin
[File(line):] Guard.cpp(632)
^^^^^^^^^^^^^^^^^^^^^^^^^^^^^^^^^^^^^^^^^^^^^^^^^^^^^^
[Date:] 2012/03/13 11:11:30 
[Message:]
 argv[1],-p
[File(line):] Guard.cpp(638)
^^^^^^^^^^^^^^^^^^^^^^^^^^^^^^^^^^^^^^^^^^^^^^^^^^^^^^
[Date:] 2012/03/13 11:11:30 
[Message:]
 argv[2],66666
[File(line):] Guard.cpp(638)
^^^^^^^^^^^^^^^^^^^^^^^^^^^^^^^^^^^^^^^^^^^^^^^^^^^^^^
[Date:] 2012/03/13 11:11:30 
[Message:]
 argv[3],-n
[File(line):] Guard.cpp(638)
^^^^^^^^^^^^^^^^^^^^^^^^^^^^^^^^^^^^^^^^^^^^^^^^^^^^^^
[Date:] 2012/03/13 11:11:30 
[Message:]
 argv[4],6
[File(line):] Guard.cpp(638)
^^^^^^^^^^^^^^^^^^^^^^^^^^^^^^^^^^^^^^^^^^^^^^^^^^^^^^
[Date:] 2012/03/13 11:11:30 
[Message:]
 child process create ,pid:26629 
^^^^^^^^^^^^^^^^^^^^^^^^^^^^^^^^^^^^^^^^^^^^^^^^^^^^^^
[Date:] 2012/03/13 11:11:30 
[Message:]
 App Login sucess! 
[File(line):] Guard.cpp(1009)
^^^^^^^^^^^^^^^^^^^^^^^^^^^^^^^^^^^^^^^^^^^^^^^^^^^^^^
[Date:] 2012/03/13 11:11:30 
[Message:]
 App Login sucess! 
[File(line):] Guard.cpp(1009)
^^^^^^^^^^^^^^^^^^^^^^^^^^^^^^^^^^^^^^^^^^^^^^^^^^^^^^
