This file contains any messages produced by compilers while
running configure, to aid debugging if configure makes a mistake.

It was created by sqlite configure 3.7.5, which was
generated by GNU Autoconf 2.62.  Invocation command line was

  $ ./configure CC=aCC --prefix=/hss/sgw/SGW_HOME/ CFLAGS=-g +DD64 -w

## --------- ##
## Platform. ##
## --------- ##

hostname = hss4
uname -m = ia64
uname -r = B.11.31
uname -s = HP-UX
uname -v = U

/usr/bin/uname -p = unknown
/bin/uname -X     = unknown

/bin/arch              = unknown
/usr/bin/arch -k       = unknown
/usr/convex/getsysinfo = unknown
/usr/bin/hostinfo      = unknown
/bin/machine           = unknown
/usr/bin/oslevel       = unknown
/bin/universe          = unknown

PATH: /bea/bea/tuxedo8.1/bin
PATH: /opt/java1.5/bin
PATH: /hss/sgw/gnu_make/make-3.81/bin
PATH: /usr/bin
PATH: /usr/ccs/bin
PATH: /usr/contrib/bin
PATH: /usr/contrib/Q4/bin
PATH: /opt/perl/bin
PATH: /opt/gvsd/bin
PATH: /opt/ipf/bin
PATH: /opt/nettladm/bin
PATH: /opt/fcms/bin
PATH: /opt/wbem/bin
PATH: /opt/wbem/sbin
PATH: /opt/sas/bin
PATH: /opt/graphics/common/bin
PATH: /opt/atok/bin
PATH: /usr/bin/X11
PATH: /usr/contrib/bin/X11
PATH: /opt/sec_mgmt/bastille/bin
PATH: /opt/caliper/bin
PATH: /opt/drd/bin
PATH: /opt/dsau/bin
PATH: /opt/dsau/sbin
PATH: /opt/resmon/bin
PATH: /opt/firefox
PATH: /opt/gnome/bin
PATH: /opt/propplus/bin
PATH: /usr/contrib/kwdb/bin
PATH: /opt/perl_32/bin
PATH: /opt/perl_64/bin
PATH: /opt/prm/bin
PATH: /opt/sfm/bin
PATH: /opt/swm/bin
PATH: /opt/sec_mgmt/spc/bin
PATH: /opt/ssh/bin
PATH: /opt/swa/bin
PATH: /opt/hpsmh/bin
PATH: /opt/thunderbird
PATH: /opt/langtools/bin
PATH: /opt/gwlm/bin
PATH: /opt/ignite/bin
PATH: /opt/aCC/bin
PATH: /opt/cadvise/bin
PATH: /opt/sentinel/bin
PATH: /oracle/app/oracle/product/10.2/bin
PATH: .
PATH: /opt/java6/bin
PATH: /opt/java6/jre/bin
PATH: .
PATH: /hss/sgw/SGW_HOME/bin
PATH: .


## ----------- ##
## Core tests. ##
## ----------- ##

configure:2092: checking for a BSD-compatible install
configure:2160: result: ./install-sh -c
configure:2171: checking whether build environment is sane
configure:2214: result: yes
configure:2276: checking for gawk
configure:2306: result: no
configure:2276: checking for mawk
configure:2306: result: no
configure:2276: checking for nawk
configure:2306: result: no
configure:2276: checking for awk
configure:2292: found /usr/bin/awk
configure:2303: result: awk
configure:2314: checking whether make sets $(MAKE)
configure:2336: result: yes
configure:2533: checking for style of include used by make
configure:2561: result: GNU
configure:2634: checking for gcc
configure:2661: result: aCC
configure:2899: checking for C compiler version
configure:2907: aCC --version >&5
aCC: HP C/aC++ B3910B A.06.15 [May 16 2007]
configure:2911: $? = 0
configure:2918: aCC -v >&5
configure:2922: $? = 0
configure:2929: aCC -V >&5
aCC: HP C/aC++ B3910B A.06.15 [May 16 2007]
configure:2933: $? = 0
configure:2956: checking for C compiler default output file name
configure:2978: aCC -g +DD64 -w   conftest.c  >&5
configure:2982: $? = 0
configure:3020: result: a.out
configure:3037: checking whether the C compiler works
configure:3047: ./a.out
configure:3051: $? = 0
configure:3068: result: yes
configure:3075: checking whether we are cross compiling
configure:3077: result: no
configure:3080: checking for suffix of executables
configure:3087: aCC -o conftest -g +DD64 -w   conftest.c  >&5
configure:3091: $? = 0
configure:3115: result: 
configure:3121: checking for suffix of object files
configure:3147: aCC -c -g +DD64 -w  conftest.c >&5
configure:3151: $? = 0
configure:3174: result: o
configure:3178: checking whether we are using the GNU C compiler
configure:3207: aCC -c -g +DD64 -w  conftest.c >&5
"conftest.c", line 15: error #2020: identifier "choke" is undefined
         choke me
         ^

1 error detected in the compilation of "conftest.c".
configure:3214: $? = 2
configure: failed program was:
| /* confdefs.h.  */
| #define PACKAGE_NAME "sqlite"
| #define PACKAGE_TARNAME "sqlite"
| #define PACKAGE_VERSION "3.7.5"
| #define PACKAGE_STRING "sqlite 3.7.5"
| #define PACKAGE_BUGREPORT "http://www.sqlite.org"
| #define PACKAGE "sqlite"
| #define VERSION "3.7.5"
| /* end confdefs.h.  */
| 
| int
| main ()
| {
| #ifndef __GNUC__
|        choke me
| #endif
| 
|   ;
|   return 0;
| }
configure:3231: result: no
configure:3240: checking whether aCC accepts -g
configure:3270: aCC -c -g  conftest.c >&5
configure:3277: $? = 0
configure:3378: result: yes
configure:3395: checking for aCC option to accept ISO C89
configure:3469: aCC  -c -g +DD64 -w  conftest.c >&5
"conftest.c", line 17: error #2020: identifier "p" is undefined
  static char *e (p, i)
                  ^

"conftest.c", line 17: error #2020: identifier "i" is undefined
  static char *e (p, i)
                     ^

"conftest.c", line 18: error #2130: expected a "{"
       char **p;
       ^

"conftest.c", line 21: error #2020: identifier "p" is undefined
    return p[i];
           ^

"conftest.c", line 21: error #2020: identifier "i" is undefined
    return p[i];
             ^

5 errors detected in the compilation of "conftest.c".
configure:3476: $? = 2
configure: failed program was:
| /* confdefs.h.  */
| #define PACKAGE_NAME "sqlite"
| #define PACKAGE_TARNAME "sqlite"
| #define PACKAGE_VERSION "3.7.5"
| #define PACKAGE_STRING "sqlite 3.7.5"
| #define PACKAGE_BUGREPORT "http://www.sqlite.org"
| #define PACKAGE "sqlite"
| #define VERSION "3.7.5"
| /* end confdefs.h.  */
| #include <stdarg.h>
| #include <stdio.h>
| #include <sys/types.h>
| #include <sys/stat.h>
| /* Most of the following tests are stolen from RCS 5.7's src/conf.sh.  */
| struct buf { int x; };
| FILE * (*rcsopen) (struct buf *, struct stat *, int);
| static char *e (p, i)
|      char **p;
|      int i;
| {
|   return p[i];
| }
| static char *f (char * (*g) (char **, int), char **p, ...)
| {
|   char *s;
|   va_list v;
|   va_start (v,p);
|   s = g (p, va_arg (v,int));
|   va_end (v);
|   return s;
| }
| 
| /* OSF 4.0 Compaq cc is some sort of almost-ANSI by default.  It has
|    function prototypes and stuff, but not '\xHH' hex character constants.
|    These don't provoke an error unfortunately, instead are silently treated
|    as 'x'.  The following induces an error, until -std is added to get
|    proper ANSI mode.  Curiously '\x00'!='x' always comes out true, for an
|    array size at least.  It's necessary to write '\x00'==0 to get something
|    that's true only with -std.  */
| int osf4_cc_array ['\x00' == 0 ? 1 : -1];
| 
| /* IBM C 6 for AIX is almost-ANSI by default, but it replaces macro parameters
|    inside strings and character constants.  */
| #define FOO(x) 'x'
| int xlc6_cc_array[FOO(a) == 'x' ? 1 : -1];
| 
| int test (int i, double x);
| struct s1 {int (*f) (int a);};
| struct s2 {int (*f) (double a);};
| int pairnames (int, char **, FILE *(*)(struct buf *, struct stat *, int), int, int);
| int argc;
| char **argv;
| int
| main ()
| {
| return f (e, argv, 0) != argv[0]  ||  f (e, argv, 1) != argv[1];
|   ;
|   return 0;
| }
configure:3469: aCC -qlanglvl=extc89 -c -g +DD64 -w  conftest.c >&5
"conftest.c", line 17: error #2020: identifier "p" is undefined
  static char *e (p, i)
                  ^

"conftest.c", line 17: error #2020: identifier "i" is undefined
  static char *e (p, i)
                     ^

"conftest.c", line 18: error #2130: expected a "{"
       char **p;
       ^

"conftest.c", line 21: error #2020: identifier "p" is undefined
    return p[i];
           ^

"conftest.c", line 21: error #2020: identifier "i" is undefined
    return p[i];
             ^

5 errors detected in the compilation of "conftest.c".
configure:3476: $? = 2
configure: failed program was:
| /* confdefs.h.  */
| #define PACKAGE_NAME "sqlite"
| #define PACKAGE_TARNAME "sqlite"
| #define PACKAGE_VERSION "3.7.5"
| #define PACKAGE_STRING "sqlite 3.7.5"
| #define PACKAGE_BUGREPORT "http://www.sqlite.org"
| #define PACKAGE "sqlite"
| #define VERSION "3.7.5"
| /* end confdefs.h.  */
| #include <stdarg.h>
| #include <stdio.h>
| #include <sys/types.h>
| #include <sys/stat.h>
| /* Most of the following tests are stolen from RCS 5.7's src/conf.sh.  */
| struct buf { int x; };
| FILE * (*rcsopen) (struct buf *, struct stat *, int);
| static char *e (p, i)
|      char **p;
|      int i;
| {
|   return p[i];
| }
| static char *f (char * (*g) (char **, int), char **p, ...)
| {
|   char *s;
|   va_list v;
|   va_start (v,p);
|   s = g (p, va_arg (v,int));
|   va_end (v);
|   return s;
| }
| 
| /* OSF 4.0 Compaq cc is some sort of almost-ANSI by default.  It has
|    function prototypes and stuff, but not '\xHH' hex character constants.
|    These don't provoke an error unfortunately, instead are silently treated
|    as 'x'.  The following induces an error, until -std is added to get
|    proper ANSI mode.  Curiously '\x00'!='x' always comes out true, for an
|    array size at least.  It's necessary to write '\x00'==0 to get something
|    that's true only with -std.  */
| int osf4_cc_array ['\x00' == 0 ? 1 : -1];
| 
| /* IBM C 6 for AIX is almost-ANSI by default, but it replaces macro parameters
|    inside strings and character constants.  */
| #define FOO(x) 'x'
| int xlc6_cc_array[FOO(a) == 'x' ? 1 : -1];
| 
| int test (int i, double x);
| struct s1 {int (*f) (int a);};
| struct s2 {int (*f) (double a);};
| int pairnames (int, char **, FILE *(*)(struct buf *, struct stat *, int), int, int);
| int argc;
| char **argv;
| int
| main ()
| {
| return f (e, argv, 0) != argv[0]  ||  f (e, argv, 1) != argv[1];
|   ;
|   return 0;
| }
configure:3469: aCC -qlanglvl=ansi -c -g +DD64 -w  conftest.c >&5
"conftest.c", line 17: error #2020: identifier "p" is undefined
  static char *e (p, i)
                  ^

"conftest.c", line 17: error #2020: identifier "i" is undefined
  static char *e (p, i)
                     ^

"conftest.c", line 18: error #2130: expected a "{"
       char **p;
       ^

"conftest.c", line 21: error #2020: identifier "p" is undefined
    return p[i];
           ^

"conftest.c", line 21: error #2020: identifier "i" is undefined
    return p[i];
             ^

5 errors detected in the compilation of "conftest.c".
configure:3476: $? = 2
configure: failed program was:
| /* confdefs.h.  */
| #define PACKAGE_NAME "sqlite"
| #define PACKAGE_TARNAME "sqlite"
| #define PACKAGE_VERSION "3.7.5"
| #define PACKAGE_STRING "sqlite 3.7.5"
| #define PACKAGE_BUGREPORT "http://www.sqlite.org"
| #define PACKAGE "sqlite"
| #define VERSION "3.7.5"
| /* end confdefs.h.  */
| #include <stdarg.h>
| #include <stdio.h>
| #include <sys/types.h>
| #include <sys/stat.h>
| /* Most of the following tests are stolen from RCS 5.7's src/conf.sh.  */
| struct buf { int x; };
| FILE * (*rcsopen) (struct buf *, struct stat *, int);
| static char *e (p, i)
|      char **p;
|      int i;
| {
|   return p[i];
| }
| static char *f (char * (*g) (char **, int), char **p, ...)
| {
|   char *s;
|   va_list v;
|   va_start (v,p);
|   s = g (p, va_arg (v,int));
|   va_end (v);
|   return s;
| }
| 
| /* OSF 4.0 Compaq cc is some sort of almost-ANSI by default.  It has
|    function prototypes and stuff, but not '\xHH' hex character constants.
|    These don't provoke an error unfortunately, instead are silently treated
|    as 'x'.  The following induces an error, until -std is added to get
|    proper ANSI mode.  Curiously '\x00'!='x' always comes out true, for an
|    array size at least.  It's necessary to write '\x00'==0 to get something
|    that's true only with -std.  */
| int osf4_cc_array ['\x00' == 0 ? 1 : -1];
| 
| /* IBM C 6 for AIX is almost-ANSI by default, but it replaces macro parameters
|    inside strings and character constants.  */
| #define FOO(x) 'x'
| int xlc6_cc_array[FOO(a) == 'x' ? 1 : -1];
| 
| int test (int i, double x);
| struct s1 {int (*f) (int a);};
| struct s2 {int (*f) (double a);};
| int pairnames (int, char **, FILE *(*)(struct buf *, struct stat *, int), int, int);
| int argc;
| char **argv;
| int
| main ()
| {
| return f (e, argv, 0) != argv[0]  ||  f (e, argv, 1) != argv[1];
|   ;
|   return 0;
| }
configure:3469: aCC -std -c -g +DD64 -w  conftest.c >&5
aCC: error 1914: bad form for `-t' option
configure:3476: $? = 1
configure: failed program was:
| /* confdefs.h.  */
| #define PACKAGE_NAME "sqlite"
| #define PACKAGE_TARNAME "sqlite"
| #define PACKAGE_VERSION "3.7.5"
| #define PACKAGE_STRING "sqlite 3.7.5"
| #define PACKAGE_BUGREPORT "http://www.sqlite.org"
| #define PACKAGE "sqlite"
| #define VERSION "3.7.5"
| /* end confdefs.h.  */
| #include <stdarg.h>
| #include <stdio.h>
| #include <sys/types.h>
| #include <sys/stat.h>
| /* Most of the following tests are stolen from RCS 5.7's src/conf.sh.  */
| struct buf { int x; };
| FILE * (*rcsopen) (struct buf *, struct stat *, int);
| static char *e (p, i)
|      char **p;
|      int i;
| {
|   return p[i];
| }
| static char *f (char * (*g) (char **, int), char **p, ...)
| {
|   char *s;
|   va_list v;
|   va_start (v,p);
|   s = g (p, va_arg (v,int));
|   va_end (v);
|   return s;
| }
| 
| /* OSF 4.0 Compaq cc is some sort of almost-ANSI by default.  It has
|    function prototypes and stuff, but not '\xHH' hex character constants.
|    These don't provoke an error unfortunately, instead are silently treated
|    as 'x'.  The following induces an error, until -std is added to get
|    proper ANSI mode.  Curiously '\x00'!='x' always comes out true, for an
|    array size at least.  It's necessary to write '\x00'==0 to get something
|    that's true only with -std.  */
| int osf4_cc_array ['\x00' == 0 ? 1 : -1];
| 
| /* IBM C 6 for AIX is almost-ANSI by default, but it replaces macro parameters
|    inside strings and character constants.  */
| #define FOO(x) 'x'
| int xlc6_cc_array[FOO(a) == 'x' ? 1 : -1];
| 
| int test (int i, double x);
| struct s1 {int (*f) (int a);};
| struct s2 {int (*f) (double a);};
| int pairnames (int, char **, FILE *(*)(struct buf *, struct stat *, int), int, int);
| int argc;
| char **argv;
| int
| main ()
| {
| return f (e, argv, 0) != argv[0]  ||  f (e, argv, 1) != argv[1];
|   ;
|   return 0;
| }
configure:3469: aCC -Ae -c -g +DD64 -w  conftest.c >&5
configure:3476: $? = 0
configure:3506: result: -Ae
configure:3519: checking dependency style of aCC -Ae
configure:3609: result: none
configure:3634: checking for special C compiler options needed for large files
configure:3674: aCC -Ae -c -g +DD64 -w  conftest.c >&5
configure:3681: $? = 0
configure:3729: result: no
configure:3735: checking for _FILE_OFFSET_BITS value needed for large files
configure:3770: aCC -Ae -c -g +DD64 -w  conftest.c >&5
configure:3777: $? = 0
configure:3846: result: no
configure:4033: checking for gcc
configure:4060: result: aCC
configure:4298: checking for C compiler version
configure:4306: aCC --version >&5
aCC: HP C/aC++ B3910B A.06.15 [May 16 2007]
configure:4310: $? = 0
configure:4317: aCC -v >&5
configure:4321: $? = 0
configure:4328: aCC -V >&5
aCC: HP C/aC++ B3910B A.06.15 [May 16 2007]
configure:4332: $? = 0
configure:4335: checking whether we are using the GNU C compiler
configure:4388: result: no
configure:4397: checking whether aCC accepts -g
configure:4535: result: yes
configure:4552: checking for aCC option to accept ISO C89
configure:4663: result: -Ae
configure:4676: checking dependency style of aCC -Ae
configure:4766: result: none
configure:4826: checking for ranlib
configure:4842: found /usr/bin/ranlib
configure:4853: result: ranlib
configure:4957: checking build system type
configure:4975: result: ia64-hp-hpux11.31
configure:4997: checking host system type
configure:5012: result: ia64-hp-hpux11.31
configure:5034: checking for a sed that does not truncate output
configure:5088: result: /usr/bin/sed
configure:5091: checking for grep that handles long lines and -e
configure:5151: result: /usr/bin/grep
configure:5156: checking for egrep
configure:5220: result: /usr/bin/grep -E
configure:5269: checking for non-GNU ld
configure:5303: result: /usr/bin/ld
configure:5312: checking if the linker (/usr/bin/ld) is GNU ld
configure:5327: result: no
configure:5332: checking for /usr/bin/ld option to reload object files
configure:5339: result: -r
configure:5357: checking for BSD-compatible nm
configure:5406: result: /usr/bin/nm -p
configure:5410: checking whether ln -s works
configure:5414: result: yes
configure:5421: checking how to recognise dependent libraries
configure:5597: result: file_magic (s[0-9][0-9][0-9]|ELF-[0-9][0-9]) shared object file - IA64
configure:5628: aCC -Ae -c -g +DD64 -w  conftest.c >&5
configure:5631: $? = 0
configure:5834: checking how to run the C preprocessor
configure:5874: aCC -Ae -E  conftest.c
configure:5881: $? = 0
configure:5912: aCC -Ae -E  conftest.c
"conftest.c", line 10: error #2005-D: could not open source file "ac_nonexistent.h"
  #include <ac_nonexistent.h>
                             ^

1 error detected in the compilation of "conftest.c".
configure:5919: $? = 2
configure: failed program was:
| /* confdefs.h.  */
| #define PACKAGE_NAME "sqlite"
| #define PACKAGE_TARNAME "sqlite"
| #define PACKAGE_VERSION "3.7.5"
| #define PACKAGE_STRING "sqlite 3.7.5"
| #define PACKAGE_BUGREPORT "http://www.sqlite.org"
| #define PACKAGE "sqlite"
| #define VERSION "3.7.5"
| /* end confdefs.h.  */
| #include <ac_nonexistent.h>
configure:5952: result: aCC -Ae -E
configure:5981: aCC -Ae -E  conftest.c
configure:5988: $? = 0
configure:6019: aCC -Ae -E  conftest.c
"conftest.c", line 10: error #2005-D: could not open source file "ac_nonexistent.h"
  #include <ac_nonexistent.h>
                             ^

1 error detected in the compilation of "conftest.c".
configure:6026: $? = 2
configure: failed program was:
| /* confdefs.h.  */
| #define PACKAGE_NAME "sqlite"
| #define PACKAGE_TARNAME "sqlite"
| #define PACKAGE_VERSION "3.7.5"
| #define PACKAGE_STRING "sqlite 3.7.5"
| #define PACKAGE_BUGREPORT "http://www.sqlite.org"
| #define PACKAGE "sqlite"
| #define VERSION "3.7.5"
| /* end confdefs.h.  */
| #include <ac_nonexistent.h>
configure:6064: checking for ANSI C header files
configure:6094: aCC -Ae -c -g +DD64 -w  conftest.c >&5
configure:6101: $? = 0
configure:6200: aCC -Ae -o conftest -g +DD64 -w   conftest.c  >&5
configure:6204: $? = 0
configure:6210: ./conftest
configure:6214: $? = 0
configure:6232: result: yes
configure:6256: checking for sys/types.h
configure:6277: aCC -Ae -c -g +DD64 -w  conftest.c >&5
configure:6284: $? = 0
configure:6301: result: yes
configure:6256: checking for sys/stat.h
configure:6277: aCC -Ae -c -g +DD64 -w  conftest.c >&5
configure:6284: $? = 0
configure:6301: result: yes
configure:6256: checking for stdlib.h
configure:6277: aCC -Ae -c -g +DD64 -w  conftest.c >&5
configure:6284: $? = 0
configure:6301: result: yes
configure:6256: checking for string.h
configure:6277: aCC -Ae -c -g +DD64 -w  conftest.c >&5
configure:6284: $? = 0
configure:6301: result: yes
configure:6256: checking for memory.h
configure:6277: aCC -Ae -c -g +DD64 -w  conftest.c >&5
configure:6284: $? = 0
configure:6301: result: yes
configure:6256: checking for strings.h
configure:6277: aCC -Ae -c -g +DD64 -w  conftest.c >&5
configure:6284: $? = 0
configure:6301: result: yes
configure:6256: checking for inttypes.h
configure:6277: aCC -Ae -c -g +DD64 -w  conftest.c >&5
configure:6284: $? = 0
configure:6301: result: yes
configure:6256: checking for stdint.h
configure:6277: aCC -Ae -c -g +DD64 -w  conftest.c >&5
configure:6284: $? = 0
configure:6301: result: yes
configure:6256: checking for unistd.h
configure:6277: aCC -Ae -c -g +DD64 -w  conftest.c >&5
configure:6284: $? = 0
configure:6301: result: yes
configure:6330: checking dlfcn.h usability
configure:6347: aCC -Ae -c -g +DD64 -w  conftest.c >&5
configure:6354: $? = 0
configure:6368: result: yes
configure:6372: checking dlfcn.h presence
configure:6387: aCC -Ae -E  conftest.c
configure:6394: $? = 0
configure:6408: result: yes
configure:6441: checking for dlfcn.h
configure:6450: result: yes
configure:6522: checking for g++
configure:6552: result: no
configure:6522: checking for c++
configure:6552: result: no
configure:6522: checking for gpp
configure:6552: result: no
configure:6522: checking for aCC
configure:6538: found /opt/aCC/bin/aCC
configure:6549: result: aCC
configure:6580: checking for C++ compiler version
configure:6588: aCC --version >&5
aCC: HP C/aC++ B3910B A.06.15 [May 16 2007]
configure:6592: $? = 0
configure:6599: aCC -v >&5
configure:6603: $? = 0
configure:6610: aCC -V >&5
aCC: HP C/aC++ B3910B A.06.15 [May 16 2007]
configure:6614: $? = 0
configure:6617: checking whether we are using the GNU C++ compiler
configure:6646: aCC -c   conftest.cpp >&5
"conftest.cpp", line 26: error #2020: identifier "choke" is undefined
         choke me
         ^

1 error detected in the compilation of "conftest.cpp".
configure:6653: $? = 2
configure: failed program was:
| /* confdefs.h.  */
| #define PACKAGE_NAME "sqlite"
| #define PACKAGE_TARNAME "sqlite"
| #define PACKAGE_VERSION "3.7.5"
| #define PACKAGE_STRING "sqlite 3.7.5"
| #define PACKAGE_BUGREPORT "http://www.sqlite.org"
| #define PACKAGE "sqlite"
| #define VERSION "3.7.5"
| #define STDC_HEADERS 1
| #define HAVE_SYS_TYPES_H 1
| #define HAVE_SYS_STAT_H 1
| #define HAVE_STDLIB_H 1
| #define HAVE_STRING_H 1
| #define HAVE_MEMORY_H 1
| #define HAVE_STRINGS_H 1
| #define HAVE_INTTYPES_H 1
| #define HAVE_STDINT_H 1
| #define HAVE_UNISTD_H 1
| #define HAVE_DLFCN_H 1
| /* end confdefs.h.  */
| 
| int
| main ()
| {
| #ifndef __GNUC__
|        choke me
| #endif
| 
|   ;
|   return 0;
| }
configure:6670: result: no
configure:6679: checking whether aCC accepts -g
configure:6709: aCC -c -g  conftest.cpp >&5
configure:6716: $? = 0
configure:6817: result: yes
configure:6842: checking dependency style of aCC
configure:6932: result: none
configure:6959: checking how to run the C++ preprocessor
configure:6995: aCC -E  conftest.cpp
configure:7002: $? = 0
configure:7033: aCC -E  conftest.cpp
"conftest.cpp", line 21: error #2005-D: could not open source file "ac_nonexistent.h"
  #include <ac_nonexistent.h>
                             ^

1 error detected in the compilation of "conftest.cpp".
configure:7040: $? = 2
configure: failed program was:
| /* confdefs.h.  */
| #define PACKAGE_NAME "sqlite"
| #define PACKAGE_TARNAME "sqlite"
| #define PACKAGE_VERSION "3.7.5"
| #define PACKAGE_STRING "sqlite 3.7.5"
| #define PACKAGE_BUGREPORT "http://www.sqlite.org"
| #define PACKAGE "sqlite"
| #define VERSION "3.7.5"
| #define STDC_HEADERS 1
| #define HAVE_SYS_TYPES_H 1
| #define HAVE_SYS_STAT_H 1
| #define HAVE_STDLIB_H 1
| #define HAVE_STRING_H 1
| #define HAVE_MEMORY_H 1
| #define HAVE_STRINGS_H 1
| #define HAVE_INTTYPES_H 1
| #define HAVE_STDINT_H 1
| #define HAVE_UNISTD_H 1
| #define HAVE_DLFCN_H 1
| /* end confdefs.h.  */
| #include <ac_nonexistent.h>
configure:7073: result: aCC -E
configure:7102: aCC -E  conftest.cpp
configure:7109: $? = 0
configure:7140: aCC -E  conftest.cpp
"conftest.cpp", line 21: error #2005-D: could not open source file "ac_nonexistent.h"
  #include <ac_nonexistent.h>
                             ^

1 error detected in the compilation of "conftest.cpp".
configure:7147: $? = 2
configure: failed program was:
| /* confdefs.h.  */
| #define PACKAGE_NAME "sqlite"
| #define PACKAGE_TARNAME "sqlite"
| #define PACKAGE_VERSION "3.7.5"
| #define PACKAGE_STRING "sqlite 3.7.5"
| #define PACKAGE_BUGREPORT "http://www.sqlite.org"
| #define PACKAGE "sqlite"
| #define VERSION "3.7.5"
| #define STDC_HEADERS 1
| #define HAVE_SYS_TYPES_H 1
| #define HAVE_SYS_STAT_H 1
| #define HAVE_STDLIB_H 1
| #define HAVE_STRING_H 1
| #define HAVE_MEMORY_H 1
| #define HAVE_STRINGS_H 1
| #define HAVE_INTTYPES_H 1
| #define HAVE_STDINT_H 1
| #define HAVE_UNISTD_H 1
| #define HAVE_DLFCN_H 1
| /* end confdefs.h.  */
| #include <ac_nonexistent.h>
configure:7240: checking for g77
configure:7270: result: no
configure:7240: checking for xlf
configure:7270: result: no
configure:7240: checking for f77
configure:7270: result: no
configure:7240: checking for frt
configure:7270: result: no
configure:7240: checking for pgf77
configure:7270: result: no
configure:7240: checking for cf77
configure:7270: result: no
configure:7240: checking for fort77
configure:7270: result: no
configure:7240: checking for fl32
configure:7270: result: no
configure:7240: checking for af77
configure:7270: result: no
configure:7240: checking for xlf90
configure:7270: result: no
configure:7240: checking for f90
configure:7270: result: no
configure:7240: checking for pgf90
configure:7270: result: no
configure:7240: checking for pghpf
configure:7270: result: no
configure:7240: checking for epcf90
configure:7270: result: no
configure:7240: checking for gfortran
configure:7270: result: no
configure:7240: checking for g95
configure:7270: result: no
configure:7240: checking for xlf95
configure:7270: result: no
configure:7240: checking for f95
configure:7270: result: no
configure:7240: checking for fort
configure:7270: result: no
configure:7240: checking for ifort
configure:7270: result: no
configure:7240: checking for ifc
configure:7270: result: no
configure:7240: checking for efc
configure:7270: result: no
configure:7240: checking for pgf95
configure:7270: result: no
configure:7240: checking for lf95
configure:7270: result: no
configure:7240: checking for ftn
configure:7270: result: no
configure:7297: checking for Fortran 77 compiler version
configure:7305:  --version >&5
./configure[7307]: --version:  not found.
configure:7309: $? = 127
configure:7316:  -v >&5
./configure[7318]: -v:  not found.
configure:7320: $? = 127
configure:7327:  -V >&5
./configure[7329]: -V:  not found.
configure:7331: $? = 127
configure:7339: checking whether we are using the GNU Fortran 77 compiler
configure:7358:  -c  conftest.F >&5
./configure[7360]: -c:  not found.
configure:7365: $? = 127
configure: failed program was:
|       program main
| #ifndef __GNUC__
|        choke me
| #endif
| 
|       end
configure:7382: result: no
configure:7388: checking whether  accepts -g
configure:7405:  -c -g conftest.f >&5
./configure[7407]: -c:  not found.
configure:7412: $? = 127
configure: failed program was:
|       program main
| 
|       end
configure:7428: result: no
configure:7462: checking the maximum length of command line arguments
configure:7571: result: 262144
configure:7582: checking command to parse /usr/bin/nm -p output from aCC -Ae object
configure:7687: aCC -Ae -c -g +DD64 -w  conftest.c >&5
configure:7690: $? = 0
configure:7694: /usr/bin/nm -p conftest.o \| sed -n -e 's/^.*[ 	]\([ABCDEGRST][ABCDEGRST]*\)[ 	][ 	]*\([_A-Za-z][_A-Za-z0-9]*\)$/\1 \2 \2/p' \> conftest.nm
configure:7697: $? = 0
configure:7749: aCC -Ae -o conftest -g +DD64 -w   conftest.c conftstm.o >&5
configure:7752: $? = 0
configure:7790: result: ok
configure:7794: checking for objdir
configure:7809: result: .libs
configure:7901: checking for ar
configure:7917: found /usr/bin/ar
configure:7928: result: ar
configure:7997: checking for ranlib
configure:8024: result: ranlib
configure:8093: checking for strip
configure:8109: found /usr/bin/strip
configure:8120: result: strip
configure:8456: checking for aCC -Ae option to produce PIC
configure:8666: result: 
configure:8737: checking if aCC -Ae static flag -Wl,-a -Wl,archive works
configure:8765: result: no
configure:8775: checking if aCC -Ae supports -c -o file.o
configure:8796: aCC -Ae -c -g +DD64 -w  -o out/conftest2.o conftest.c >&5
configure:8800: $? = 0
configure:8822: result: yes
configure:8848: checking whether the aCC -Ae linker (/usr/bin/ld) supports shared libraries
configure:9810: result: yes
configure:9877: checking dynamic linker characteristics
configure:10465: result: hpux11.31 dld.so
configure:10474: checking how to hardcode library paths into programs
configure:10499: result: immediate
configure:10513: checking whether stripping libraries is possible
configure:10534: result: no
configure:11347: checking if libtool supports shared libraries
configure:11349: result: yes
configure:11352: checking whether to build shared libraries
configure:11373: result: yes
configure:11376: checking whether to build static libraries
configure:11380: result: yes
configure:11472: creating libtool
configure:12202: checking whether the aCC linker (/usr/bin/ld) supports shared libraries
configure:13144: result: yes
configure:13162: aCC -c -g  conftest.cpp >&5
configure:13165: $? = 0
configure:13284: checking for aCC option to produce PIC
configure:13558: result: 
configure:13629: checking if aCC static flag -Wl,-a -Wl,archive works
configure:13657: result: no
configure:13667: checking if aCC supports -c -o file.o
configure:13688: aCC -c -g  -o out/conftest2.o conftest.cpp >&5
configure:13692: $? = 0
configure:13714: result: yes
configure:13740: checking whether the aCC linker (/usr/bin/ld) supports shared libraries
configure:13765: result: yes
configure:13832: checking dynamic linker characteristics
configure:14420: result: hpux11.31 dld.so
configure:14429: checking how to hardcode library paths into programs
configure:14454: result: immediate
configure:20620: checking for fdatasync
configure:20676: aCC -Ae -o conftest -g +DD64 -w   conftest.c  >&5
configure:20683: $? = 0
configure:20705: result: yes
configure:20620: checking for usleep
configure:20676: aCC -Ae -o conftest -g +DD64 -w   conftest.c  >&5
configure:20683: $? = 0
configure:20705: result: yes
configure:20620: checking for fullfsync
configure:20676: aCC -Ae -o conftest -g +DD64 -w   conftest.c  >&5
ld: Unsatisfied symbol "fullfsync" in file conftest.o
1 errors.
configure:20683: $? = 1
configure: failed program was:
| /* confdefs.h.  */
| #define PACKAGE_NAME "sqlite"
| #define PACKAGE_TARNAME "sqlite"
| #define PACKAGE_VERSION "3.7.5"
| #define PACKAGE_STRING "sqlite 3.7.5"
| #define PACKAGE_BUGREPORT "http://www.sqlite.org"
| #define PACKAGE "sqlite"
| #define VERSION "3.7.5"
| #define STDC_HEADERS 1
| #define HAVE_SYS_TYPES_H 1
| #define HAVE_SYS_STAT_H 1
| #define HAVE_STDLIB_H 1
| #define HAVE_STRING_H 1
| #define HAVE_MEMORY_H 1
| #define HAVE_STRINGS_H 1
| #define HAVE_INTTYPES_H 1
| #define HAVE_STDINT_H 1
| #define HAVE_UNISTD_H 1
| #define HAVE_DLFCN_H 1
| #define HAVE_FDATASYNC 1
| #define HAVE_USLEEP 1
| /* end confdefs.h.  */
| /* Define fullfsync to an innocuous variant, in case <limits.h> declares fullfsync.
|    For example, HP-UX 11i <limits.h> declares gettimeofday.  */
| #define fullfsync innocuous_fullfsync
| 
| /* System header to define __stub macros and hopefully few prototypes,
|     which can conflict with char fullfsync (); below.
|     Prefer <limits.h> to <assert.h> if __STDC__ is defined, since
|     <limits.h> exists even on freestanding compilers.  */
| 
| #ifdef __STDC__
| # include <limits.h>
| #else
| # include <assert.h>
| #endif
| 
| #undef fullfsync
| 
| /* Override any GCC internal prototype to avoid an error.
|    Use char because int might match the return type of a GCC
|    builtin and then its argument prototype would still apply.  */
| #ifdef __cplusplus
| extern "C"
| #endif
| char fullfsync ();
| /* The GNU C library defines this for functions which it implements
|     to always fail with ENOSYS.  Some functions are actually named
|     something starting with __ and the normal name is an alias.  */
| #if defined __stub_fullfsync || defined __stub___fullfsync
| choke me
| #endif
| 
| int
| main ()
| {
| return fullfsync ();
|   ;
|   return 0;
| }
configure:20705: result: no
configure:20620: checking for localtime_r
configure:20676: aCC -Ae -o conftest -g +DD64 -w   conftest.c  >&5
configure:20683: $? = 0
configure:20705: result: yes
configure:20620: checking for gmtime_r
configure:20676: aCC -Ae -o conftest -g +DD64 -w   conftest.c  >&5
configure:20683: $? = 0
configure:20705: result: yes
configure:20734: checking for library containing tgetent
configure:20775: aCC -Ae -o conftest -g +DD64 -w   conftest.c  >&5
ld: Unsatisfied symbol "tgetent" in file conftest.o
1 errors.
configure:20782: $? = 1
configure: failed program was:
| /* confdefs.h.  */
| #define PACKAGE_NAME "sqlite"
| #define PACKAGE_TARNAME "sqlite"
| #define PACKAGE_VERSION "3.7.5"
| #define PACKAGE_STRING "sqlite 3.7.5"
| #define PACKAGE_BUGREPORT "http://www.sqlite.org"
| #define PACKAGE "sqlite"
| #define VERSION "3.7.5"
| #define STDC_HEADERS 1
| #define HAVE_SYS_TYPES_H 1
| #define HAVE_SYS_STAT_H 1
| #define HAVE_STDLIB_H 1
| #define HAVE_STRING_H 1
| #define HAVE_MEMORY_H 1
| #define HAVE_STRINGS_H 1
| #define HAVE_INTTYPES_H 1
| #define HAVE_STDINT_H 1
| #define HAVE_UNISTD_H 1
| #define HAVE_DLFCN_H 1
| #define HAVE_FDATASYNC 1
| #define HAVE_USLEEP 1
| #define HAVE_LOCALTIME_R 1
| #define HAVE_GMTIME_R 1
| /* end confdefs.h.  */
| 
| /* Override any GCC internal prototype to avoid an error.
|    Use char because int might match the return type of a GCC
|    builtin and then its argument prototype would still apply.  */
| #ifdef __cplusplus
| extern "C"
| #endif
| char tgetent ();
| int
| main ()
| {
| return tgetent ();
|   ;
|   return 0;
| }
configure:20775: aCC -Ae -o conftest -g +DD64 -w   conftest.c -lcurses   >&5
configure:20782: $? = 0
configure:20813: result: -lcurses
configure:20821: checking for library containing readline
configure:20862: aCC -Ae -o conftest -g +DD64 -w   conftest.c -lcurses  >&5
ld: Unsatisfied symbol "readline" in file conftest.o
1 errors.
configure:20869: $? = 1
configure: failed program was:
| /* confdefs.h.  */
| #define PACKAGE_NAME "sqlite"
| #define PACKAGE_TARNAME "sqlite"
| #define PACKAGE_VERSION "3.7.5"
| #define PACKAGE_STRING "sqlite 3.7.5"
| #define PACKAGE_BUGREPORT "http://www.sqlite.org"
| #define PACKAGE "sqlite"
| #define VERSION "3.7.5"
| #define STDC_HEADERS 1
| #define HAVE_SYS_TYPES_H 1
| #define HAVE_SYS_STAT_H 1
| #define HAVE_STDLIB_H 1
| #define HAVE_STRING_H 1
| #define HAVE_MEMORY_H 1
| #define HAVE_STRINGS_H 1
| #define HAVE_INTTYPES_H 1
| #define HAVE_STDINT_H 1
| #define HAVE_UNISTD_H 1
| #define HAVE_DLFCN_H 1
| #define HAVE_FDATASYNC 1
| #define HAVE_USLEEP 1
| #define HAVE_LOCALTIME_R 1
| #define HAVE_GMTIME_R 1
| /* end confdefs.h.  */
| 
| /* Override any GCC internal prototype to avoid an error.
|    Use char because int might match the return type of a GCC
|    builtin and then its argument prototype would still apply.  */
| #ifdef __cplusplus
| extern "C"
| #endif
| char readline ();
| int
| main ()
| {
| return readline ();
|   ;
|   return 0;
| }
configure:20862: aCC -Ae -o conftest -g +DD64 -w   conftest.c -lreadline  -lcurses  >&5
ld: Can't find library for -lreadline
Fatal error.
configure:20869: $? = 1
configure: failed program was:
| /* confdefs.h.  */
| #define PACKAGE_NAME "sqlite"
| #define PACKAGE_TARNAME "sqlite"
| #define PACKAGE_VERSION "3.7.5"
| #define PACKAGE_STRING "sqlite 3.7.5"
| #define PACKAGE_BUGREPORT "http://www.sqlite.org"
| #define PACKAGE "sqlite"
| #define VERSION "3.7.5"
| #define STDC_HEADERS 1
| #define HAVE_SYS_TYPES_H 1
| #define HAVE_SYS_STAT_H 1
| #define HAVE_STDLIB_H 1
| #define HAVE_STRING_H 1
| #define HAVE_MEMORY_H 1
| #define HAVE_STRINGS_H 1
| #define HAVE_INTTYPES_H 1
| #define HAVE_STDINT_H 1
| #define HAVE_UNISTD_H 1
| #define HAVE_DLFCN_H 1
| #define HAVE_FDATASYNC 1
| #define HAVE_USLEEP 1
| #define HAVE_LOCALTIME_R 1
| #define HAVE_GMTIME_R 1
| /* end confdefs.h.  */
| 
| /* Override any GCC internal prototype to avoid an error.
|    Use char because int might match the return type of a GCC
|    builtin and then its argument prototype would still apply.  */
| #ifdef __cplusplus
| extern "C"
| #endif
| char readline ();
| int
| main ()
| {
| return readline ();
|   ;
|   return 0;
| }
configure:20900: result: no
configure:20914: checking for readline
configure:20970: aCC -Ae -o conftest -g +DD64 -w   conftest.c -lcurses  >&5
ld: Unsatisfied symbol "readline" in file conftest.o
1 errors.
configure:20977: $? = 1
configure: failed program was:
| /* confdefs.h.  */
| #define PACKAGE_NAME "sqlite"
| #define PACKAGE_TARNAME "sqlite"
| #define PACKAGE_VERSION "3.7.5"
| #define PACKAGE_STRING "sqlite 3.7.5"
| #define PACKAGE_BUGREPORT "http://www.sqlite.org"
| #define PACKAGE "sqlite"
| #define VERSION "3.7.5"
| #define STDC_HEADERS 1
| #define HAVE_SYS_TYPES_H 1
| #define HAVE_SYS_STAT_H 1
| #define HAVE_STDLIB_H 1
| #define HAVE_STRING_H 1
| #define HAVE_MEMORY_H 1
| #define HAVE_STRINGS_H 1
| #define HAVE_INTTYPES_H 1
| #define HAVE_STDINT_H 1
| #define HAVE_UNISTD_H 1
| #define HAVE_DLFCN_H 1
| #define HAVE_FDATASYNC 1
| #define HAVE_USLEEP 1
| #define HAVE_LOCALTIME_R 1
| #define HAVE_GMTIME_R 1
| /* end confdefs.h.  */
| /* Define readline to an innocuous variant, in case <limits.h> declares readline.
|    For example, HP-UX 11i <limits.h> declares gettimeofday.  */
| #define readline innocuous_readline
| 
| /* System header to define __stub macros and hopefully few prototypes,
|     which can conflict with char readline (); below.
|     Prefer <limits.h> to <assert.h> if __STDC__ is defined, since
|     <limits.h> exists even on freestanding compilers.  */
| 
| #ifdef __STDC__
| # include <limits.h>
| #else
| # include <assert.h>
| #endif
| 
| #undef readline
| 
| /* Override any GCC internal prototype to avoid an error.
|    Use char because int might match the return type of a GCC
|    builtin and then its argument prototype would still apply.  */
| #ifdef __cplusplus
| extern "C"
| #endif
| char readline ();
| /* The GNU C library defines this for functions which it implements
|     to always fail with ENOSYS.  Some functions are actually named
|     something starting with __ and the normal name is an alias.  */
| #if defined __stub_readline || defined __stub___readline
| choke me
| #endif
| 
| int
| main ()
| {
| return readline ();
|   ;
|   return 0;
| }
configure:20999: result: no
configure:21029: checking for library containing pthread_create
configure:21070: aCC -Ae -o conftest -g +DD64 -w   conftest.c  >&5
configure:21077: $? = 0
configure:21108: result: none required
configure:21131: checking for library containing dlopen
configure:21172: aCC -Ae -o conftest -g +DD64 -w   conftest.c  >&5
configure:21179: $? = 0
configure:21210: result: none required
configure:21221: checking for whether to support dynamic extensions
configure:21223: result: yes
configure:21419: creating ./config.status

## ---------------------- ##
## Running config.status. ##
## ---------------------- ##

This file was extended by sqlite config.status 3.7.5, which was
generated by GNU Autoconf 2.62.  Invocation command line was

  CONFIG_FILES    = 
  CONFIG_HEADERS  = 
  CONFIG_LINKS    = 
  CONFIG_COMMANDS = 
  $ ./config.status 

on hss4

config.status:716: creating Makefile
config.status:716: creating sqlite3.pc
config.status:921: executing depfiles commands

## ---------------- ##
## Cache variables. ##
## ---------------- ##

ac_cv_build=ia64-hp-hpux11.31
ac_cv_c_compiler_gnu=no
ac_cv_cxx_compiler_gnu=no
ac_cv_env_CCC_set=''
ac_cv_env_CCC_value=''
ac_cv_env_CC_set=set
ac_cv_env_CC_value=aCC
ac_cv_env_CFLAGS_set=set
ac_cv_env_CFLAGS_value='-g +DD64 -w'
ac_cv_env_CPPFLAGS_set=''
ac_cv_env_CPPFLAGS_value=''
ac_cv_env_CPP_set=''
ac_cv_env_CPP_value=''
ac_cv_env_CXXCPP_set=''
ac_cv_env_CXXCPP_value=''
ac_cv_env_CXXFLAGS_set=''
ac_cv_env_CXXFLAGS_value=''
ac_cv_env_CXX_set=''
ac_cv_env_CXX_value=''
ac_cv_env_F77_set=''
ac_cv_env_F77_value=''
ac_cv_env_FFLAGS_set=''
ac_cv_env_FFLAGS_value=''
ac_cv_env_LDFLAGS_set=''
ac_cv_env_LDFLAGS_value=''
ac_cv_env_LIBS_set=''
ac_cv_env_LIBS_value=''
ac_cv_env_build_alias_set=''
ac_cv_env_build_alias_value=''
ac_cv_env_host_alias_set=''
ac_cv_env_host_alias_value=''
ac_cv_env_target_alias_set=''
ac_cv_env_target_alias_value=''
ac_cv_f77_compiler_gnu=no
ac_cv_func_fdatasync=yes
ac_cv_func_fullfsync=no
ac_cv_func_gmtime_r=yes
ac_cv_func_localtime_r=yes
ac_cv_func_readline=no
ac_cv_func_usleep=yes
ac_cv_header_dlfcn_h=yes
ac_cv_header_inttypes_h=yes
ac_cv_header_memory_h=yes
ac_cv_header_stdc=yes
ac_cv_header_stdint_h=yes
ac_cv_header_stdlib_h=yes
ac_cv_header_string_h=yes
ac_cv_header_strings_h=yes
ac_cv_header_sys_stat_h=yes
ac_cv_header_sys_types_h=yes
ac_cv_header_unistd_h=yes
ac_cv_host=ia64-hp-hpux11.31
ac_cv_objext=o
ac_cv_path_EGREP='/usr/bin/grep -E'
ac_cv_path_GREP=/usr/bin/grep
ac_cv_prog_AWK=awk
ac_cv_prog_CPP='aCC -Ae -E'
ac_cv_prog_CXXCPP='aCC -E'
ac_cv_prog_ac_ct_AR=ar
ac_cv_prog_ac_ct_CC=aCC
ac_cv_prog_ac_ct_CXX=aCC
ac_cv_prog_ac_ct_RANLIB=ranlib
ac_cv_prog_ac_ct_STRIP=strip
ac_cv_prog_cc_c89=-Ae
ac_cv_prog_cc_g=yes
ac_cv_prog_cxx_g=yes
ac_cv_prog_f77_g=no
ac_cv_prog_make_make_set=yes
ac_cv_search_dlopen='none required'
ac_cv_search_pthread_create='none required'
ac_cv_search_readline=no
ac_cv_search_tgetent=-lcurses
ac_cv_sys_file_offset_bits=no
ac_cv_sys_largefile_CC=no
am_cv_CC_dependencies_compiler_type=none
am_cv_CXX_dependencies_compiler_type=none
lt_cv_deplibs_check_method='file_magic (s[0-9][0-9][0-9]|ELF-[0-9][0-9]) shared object file - IA64'
lt_cv_file_magic_cmd=/usr/bin/file
lt_cv_file_magic_test_file=/usr/lib/hpux32/libc.so
lt_cv_ld_reload_flag=-r
lt_cv_objdir=.libs
lt_cv_path_LD=/usr/bin/ld
lt_cv_path_LDCXX=''
lt_cv_path_NM='/usr/bin/nm -p'
lt_cv_path_SED=/usr/bin/sed
lt_cv_prog_compiler_c_o=yes
lt_cv_prog_compiler_c_o_CXX=yes
lt_cv_prog_gnu_ld=no
lt_cv_prog_gnu_ldcxx=''
lt_cv_sys_global_symbol_pipe='sed -n -e '\''s/^.*[ 	]\([ABCDEGRST][ABCDEGRST]*\)[ 	][ 	]*\([_A-Za-z][_A-Za-z0-9]*\)$/\1 \2 \2/p'\'
lt_cv_sys_global_symbol_to_c_name_address='sed -n -e '\''s/^: \([^ ]*\) $/  {\"\1\", (lt_ptr) 0},/p'\'' -e '\''s/^[ABCDEGRST]* \([^ ]*\) \([^ ]*\)$/  {"\2", (lt_ptr) \&\2},/p'\'
lt_cv_sys_global_symbol_to_cdecl='sed -n -e '\''s/^T .* \(.*\)$/extern int \1();/p'\'' -e '\''s/^[ABCDEGRST]* .* \(.*\)$/extern char \1;/p'\'
lt_cv_sys_max_cmd_len=262144
lt_lt_cv_prog_compiler_c_o='"yes"'
lt_lt_cv_prog_compiler_c_o_CXX='"yes"'
lt_lt_cv_sys_global_symbol_pipe='"sed -n -e '\''s/^.*[ 	]\\([ABCDEGRST][ABCDEGRST]*\\)[ 	][ 	]*\\([_A-Za-z][_A-Za-z0-9]*\\)\$/\\1 \\2 \\2/p'\''"'
lt_lt_cv_sys_global_symbol_to_c_name_address='"sed -n -e '\''s/^: \\([^ ]*\\) \$/  {\\\"\\1\\\", (lt_ptr) 0},/p'\'' -e '\''s/^[ABCDEGRST]* \\([^ ]*\\) \\([^ ]*\\)\$/  {\"\\2\", (lt_ptr) \\&\\2},/p'\''"'
lt_lt_cv_sys_global_symbol_to_cdecl='"sed -n -e '\''s/^T .* \\(.*\\)\$/extern int \\1();/p'\'' -e '\''s/^[ABCDEGRST]* .* \\(.*\\)\$/extern char \\1;/p'\''"'

## ----------------- ##
## Output variables. ##
## ----------------- ##

ACLOCAL='${SHELL} /hss/sgw/SGW_HOME/libsrc/libite/missing --run aclocal-1.9'
AMDEPBACKSLASH='\'
AMDEP_FALSE='#'
AMDEP_TRUE=''
AMTAR='${SHELL} /hss/sgw/SGW_HOME/libsrc/libite/missing --run tar'
AR='ar'
AUTOCONF='${SHELL} /hss/sgw/SGW_HOME/libsrc/libite/missing --run autoconf'
AUTOHEADER='${SHELL} /hss/sgw/SGW_HOME/libsrc/libite/missing --run autoheader'
AUTOMAKE='${SHELL} /hss/sgw/SGW_HOME/libsrc/libite/missing --run automake-1.9'
AWK='awk'
BUILD_CFLAGS=''
CC='aCC -Ae'
CCDEPMODE='depmode=none'
CFLAGS='-g +DD64 -w'
CPP='aCC -Ae -E'
CPPFLAGS=''
CXX='aCC'
CXXCPP='aCC -E'
CXXDEPMODE='depmode=none'
CXXFLAGS='-g'
CYGPATH_W='echo'
DEFS='-DPACKAGE_NAME=\"sqlite\" -DPACKAGE_TARNAME=\"sqlite\" -DPACKAGE_VERSION=\"3.7.5\" -DPACKAGE_STRING=\"sqlite\ 3.7.5\" -DPACKAGE_BUGREPORT=\"http://www.sqlite.org\" -DPACKAGE=\"sqlite\" -DVERSION=\"3.7.5\" -DSTDC_HEADERS=1 -DHAVE_SYS_TYPES_H=1 -DHAVE_SYS_STAT_H=1 -DHAVE_STDLIB_H=1 -DHAVE_STRING_H=1 -DHAVE_MEMORY_H=1 -DHAVE_STRINGS_H=1 -DHAVE_INTTYPES_H=1 -DHAVE_STDINT_H=1 -DHAVE_UNISTD_H=1 -DHAVE_DLFCN_H=1 -DHAVE_FDATASYNC=1 -DHAVE_USLEEP=1 -DHAVE_LOCALTIME_R=1 -DHAVE_GMTIME_R=1'
DEPDIR='.deps'
DYNAMIC_EXTENSION_FLAGS=''
ECHO='print -r'
ECHO_C='\c'
ECHO_N=''
ECHO_T=''
EGREP='/usr/bin/grep -E'
EXEEXT=''
F77=''
FFLAGS=''
GREP='/usr/bin/grep'
INSTALL_DATA='${INSTALL} -m 644'
INSTALL_PROGRAM='${INSTALL}'
INSTALL_SCRIPT='${INSTALL}'
INSTALL_STRIP_PROGRAM='${SHELL} $(install_sh) -c -s'
LDFLAGS=''
LIBOBJS=''
LIBS=''
LIBTOOL='$(SHELL) $(top_builddir)/libtool'
LN_S='ln -s'
LTLIBOBJS=''
MAKEINFO='${SHELL} /hss/sgw/SGW_HOME/libsrc/libite/missing --run makeinfo'
OBJEXT='o'
PACKAGE='sqlite'
PACKAGE_BUGREPORT='http://www.sqlite.org'
PACKAGE_NAME='sqlite'
PACKAGE_STRING='sqlite 3.7.5'
PACKAGE_TARNAME='sqlite'
PACKAGE_VERSION='3.7.5'
PATH_SEPARATOR=':'
RANLIB='ranlib'
READLINE_LIBS='-lcurses '
SET_MAKE=''
SHELL='/bin/sh'
STRIP='strip'
THREADSAFE_FLAGS='-DSQLITE_THREADSAFE=1'
VERSION='3.7.5'
ac_ct_CC='aCC'
ac_ct_CXX='aCC'
ac_ct_F77=''
am__fastdepCC_FALSE=''
am__fastdepCC_TRUE='#'
am__fastdepCXX_FALSE=''
am__fastdepCXX_TRUE='#'
am__include='include'
am__leading_dot='.'
am__quote=''
am__tar='${AMTAR} chof - "$$tardir"'
am__untar='${AMTAR} xf -'
bindir='${exec_prefix}/bin'
build='ia64-hp-hpux11.31'
build_alias=''
build_cpu='ia64'
build_os='hpux11.31'
build_vendor='hp'
datadir='${datarootdir}'
datarootdir='${prefix}/share'
docdir='${datarootdir}/doc/${PACKAGE_TARNAME}'
dvidir='${docdir}'
exec_prefix='${prefix}'
host='ia64-hp-hpux11.31'
host_alias=''
host_cpu='ia64'
host_os='hpux11.31'
host_vendor='hp'
htmldir='${docdir}'
includedir='${prefix}/include'
infodir='${datarootdir}/info'
install_sh='/hss/sgw/SGW_HOME/libsrc/libite/install-sh'
libdir='${exec_prefix}/lib'
libexecdir='${exec_prefix}/libexec'
localedir='${datarootdir}/locale'
localstatedir='${prefix}/var'
mandir='${datarootdir}/man'
mkdir_p='$(install_sh) -d'
oldincludedir='/usr/include'
pdfdir='${docdir}'
prefix='/hss/sgw/SGW_HOME'
program_transform_name='s,x,x,'
psdir='${docdir}'
sbindir='${exec_prefix}/sbin'
sharedstatedir='${prefix}/com'
sysconfdir='${prefix}/etc'
target_alias=''

## ----------- ##
## confdefs.h. ##
## ----------- ##

#define PACKAGE_NAME "sqlite"
#define PACKAGE_TARNAME "sqlite"
#define PACKAGE_VERSION "3.7.5"
#define PACKAGE_STRING "sqlite 3.7.5"
#define PACKAGE_BUGREPORT "http://www.sqlite.org"
#define PACKAGE "sqlite"
#define VERSION "3.7.5"
#define STDC_HEADERS 1
#define HAVE_SYS_TYPES_H 1
#define HAVE_SYS_STAT_H 1
#define HAVE_STDLIB_H 1
#define HAVE_STRING_H 1
#define HAVE_MEMORY_H 1
#define HAVE_STRINGS_H 1
#define HAVE_INTTYPES_H 1
#define HAVE_STDINT_H 1
#define HAVE_UNISTD_H 1
#define HAVE_DLFCN_H 1
#define HAVE_FDATASYNC 1
#define HAVE_USLEEP 1
#define HAVE_LOCALTIME_R 1
#define HAVE_GMTIME_R 1

configure: exit 0
