230613
240388
250385
260384
270385
280385
290387
300385
310386
320524
330385
340453
350385
360385
370385
380385
390387
400384
410385
420384
430385
440387
450447
460387
470387
480384
490389
500386
510386
520397
530387
540615
550386
560452
570387
580389
590390
600386
610564
620421
630385
640388
650384
660384
670450
680386
690387
700384
710387
720384
730386
740388
750385
760385
770385
780450
790388
800385
810385
820384
830410
840387
850383
860384
870384
880384
890450
900386
910385
920385
930384
940387
950446
960385
970384
980385
990388
449
10385
20385
30386
40387
50384
60384
70384
80379
90381
100425
110441
120378
130378
140380
150378
160377
170376
180378
190379
200378
210377
220440
230378
240380
250377
260377
270377
280377
290380
300377
310377
320377
330444
340404
350378
360378
370378
380378
390382
400378
410377
420378
430378
440444
450378
460378
470376
480377
490380
500376
510377
520384
530378
540379
550489
560378
570378
580377
590380
600377
610377
620437
630377
640380
650377
660442
670377
680378
690380
700377
710377
720377
730378
740379
750377
760378
770439
780377
790380
800377
810377
820376
830377
840379
850399
860377
870377
880440
890381
900378
910378
920379
930380
940379
950376
960393
970377
980377
990446
378
10378
20378
30378
40380
50377
60377
70377
80373
90374
100440
110498
120372
130372
140374
150371
160371
170371
180372
190373
200371
210435
220371
230371
240375
250372
260372
270371
280371
290373
300370
310370
320432
330372
340374
350372
360393
370370
380371
390373
400371
410372
420372
430437
440374
450371
460371
470372
480372
490373
500371
510372
520386
530373
540439
550371
560408
570373
580371
590374
600371
610370
620371
630431
640373
650449
660372
670372
680371
690374
700371
710371
720371
730371
740372
750372
760435
770371
780371
790374
800371
810371
820371
830373
840374
850371
860370
870457
880371
890374
900371
910371
920371
930371
940373
950371
960371
970386
980441
990374
374
10372
20371
30370
40374
50370
60371
70371
80363
90429
100366
110366
120365
130366
140367
150365
160366
170364
180364
190368
200434
210367
220367
230365
240366
250364
260365
270364
280365
290366
300364
310425
320364
330364
340366
350366
360365
370365
380387
390366
400364
410364
420428
430366
440368
450365
460365
470364
480365
490369
500367
510366
520372
530432
540367
550364
560364
570406
580365
590368
600364
610364
620365
630366
640489
650365
660365
670365
680365
690369
700365
710364
720364
730363
740366
750426
760364
770366
780364
790366
800363
810363
820364
830364
840366
850366
860428
870365
880365
890390
900364
910364
920363
930363
940368
950365
960364
970429
980380
990367
365
10365
20364
30364
40367
50363
60364
70364
80422
90360
100358
110358
120357
130358
140359
150357
160357
170357
180357
190420
200357
210357
220358
230359
240362
250357
260357
270357
280357
290359
300419
310357
320358
330357
340359
350357
360357
370357
380357
390359
400378
410423
420357
430359
440360
450358
460357
470357
480356
490360
500358
510357
520429
530359
540359
550357
560357
570357
580396
590361
600357
610357
620358
630426
640361
650413
660357
670357
680357
690359
700356
710358
720356
730357
740424
750358
760357
770359
780359
790360
800356
810359
820358
830358
840360
850425
860358
870358
880358
890361
900357
910380
920357
930357
940359
950356
960427
970357
980358
990380
359
10357
20358
30357
40360
50357
60358
70423
80350
90353
100351
110353
120351
130352
140352
150350
160349
170350
180412
190353
200351
210351
220350
230350
240353
250349
260351
270351
280350
290418
300352
310350
320351
330350
340352
350350
360349
370351
380350
390351
400413
410351
420373
430353
440353
450349
460350
470351
480350
490352
500351
510416
520357
530356
540356
550350
560350
570349
580349
590404
600351
610351
620422
630351
640352
650351
660411
670351
680352
690354
700352
710351
720351
730415
740354
750350
760351
770350
780351
790352
800350
810350
820350
830351
840414
850352
860351
870352
880351
890353
900350
910350
920349
930375
940352
950415
960350
970350
980350
990352
366
10349
20351
30351
40352
50350
60416
70350
80344
90346
100345
110343
120343
130343
140346
150343
160343
170406
180344
190347
200346
210344
220344
230344
240346
250345
260343
270343
280406
290347
300343
310344
320344
330344
340347
350343
360344
370343
380342
390409
400344
410344
420344
430345
440369
450345
460345
470345
480344
490351
500414
510344
520350
530345
540346
550343
560344
570344
580344
590345
600391
610409
620344
630344
640347
650344
660343
670460
680343
690345
700343
710343
720409
730346
740345
750342
760343
770343
780344
790345
800345
810344
820343
830405
840346
850343
860356
870343
880343
890346
900343
910343
920343
930343
940407
950368
960343
970343
980344
990345
343
10359
20343
30343
40346
50408
60343
70343
80338
90340
100336
110338
120336
130335
140338
150335
160400
170336
180337
190338
200336
210337
220336
230336
240339
250336
260337
270400
280338
290339
300336
310335
320336
330336
340338
350336
360336
370335
380399
390338
400336
410336
420336
430336
440337
450338
460360
470337
480338
490409
500394
511309
521158
530347
540340
550337
560338
570335
580337
590339
600502
610487
620338
630338
640339
650336
660336
670337
680464
690340
700337
710402
720337
730338
740340
750337
760338
770335
780337
790339
800337
810336
820399
830337
840340
850337
860337
870338
880337
890339
900337
910336
920337
930398
940341
950337
960338
970425
980336
990341
337
10336
20382
30336
40405
50336
60337
70337
80331
90331
100329
110330
120329
130328
140330
150395
160331
170328
180330
190330
200329
210328
220328
230331
240332
250329
260393
270329
280330
290333
300330
310328
320329
330328
340331
350328
360328
370391
380328
390331
400328
410329
420327
430329
440332
450328
460327
470329
480418
490333
500334
510330
520329
530329
540338
550328
560327
570331
580333
590398
600329
610328
620380
630329
640330
650329
660329
670329
680328
690433
700400
710329
720328
730328
740336
750328
760328
770329
780328
790331
800328
810395
820329
830329
840331
850327
860329
870328
880330
890331
900328
910328
920391
930329
940330
950328
960330
970327
980329
990352
329
10328
20328
30409
40332
50328
60330
70328
80320
90323
100322
110322
120321
130320
140392
150321
160321
170321
180321
190323
200320
210320
220321
230320
240325
250383
260322
270321
280321
290325
300320
310322
320320
330319
340325
350320
360386
370320
380321
390322
400321
410320
420321
430320
440324
450320
460319
470388
480322
490325
500346
510321
520320
530321
540322
550320
560320
570321
580386
590324
600321
610321
620321
630366
640323
650320
660321
670321
680320
690387
700421
710320
720320
730323
740323
750320
760319
770320
780320
790323
800389
810320
820321
830326
840324
850319
860321
870320
880320
890322
900320
910383
920321
930321
940323
950320
960320
970319
980320
990321
319
10342
20384
30320
40341
50320
60320
70320
80314
90317
100313
110316
120313
130381
140316
150314
160313
170313
180312
190315
200312
210312
220313
230313
240382
250313
260313
270312
280313
290314
300312
310313
320314
330314
340315
350377
360313
370314
380314
390316
400313
410312
420313
430314
440316
450313
460378
470313
480314
490318
500313
510313
520338
530312
540315
550313
560314
570379
580314
590315
600313
610314
620313
630313
640361
650313
660313
670313
680379
690315
700314
710369
720315
730314
740315
750313
760313
770312
780315
790382
800314
810315
820316
830315
840317
850335
860332
870767
880314
890316
900382
910314
920313
930314
940316
950313
960312
970313
980313
990318
312
10375
20315
30337
40316
50329
60312
70313
80304
90307
100305
110305
120371
130306
140308
150305
160306
170305
180305
190307
200305
210305
220305
230368
240308
250305
260306
270305
280305
290307
300305
310304
320305
330304
340368
350305
360307
370305
380305
390308
400305
410304
420305
430304
440307
450368
460306
470306
480305
490307
500305
510305
520307
530309
540337
550310
560374
570306
580306
590310
600308
610308
620307
630305
640310
650356
660308
670377
680308
690310
700308
710308
720440
730308
740309
750307
760307
770306
780374
790308
800306
810305
820306
830305
840307
850304
860304
870305
880305
890370
900306
910305
920307
930305
940308
950306
960306
970305
980306
990307
367
10306
20305
30306
40309
50326
60322
70306
80298
90300
100298
110369
120299
130299
140301
150299
160298
170298
180298
190301
200298
210297
220363
230298
240301
250297
260299
270298
280298
290300
300297
310299
320297
330360
340300
350298
360298
370298
380298
390300
400298
410296
420298
430297
440361
450298
460299
470297
480298
490302
500297
510297
520298
530296
540300
550361
560323
570298
580299
590300
600297
610297
620298
630297
640300
650297
660408
670298
680297
690299
700297
710297
720297
730397
740299
750298
760297
770366
780299
790299
800298
810297
820296
830297
840299
850296
860297
870296
880360
890299
900297
910296
920298
930296
940299
950296
960299
970298
980298
990362
298
10297
20298
30297
40301
50297
60297
70331
80290
90292
100355
110291
120290
130290
140292
150289
160290
170289
180292
190294
200290
210356
220290
230290
240294
250290
260289
270289
280290
290292
300290
310289
320352
330291
340294
350292
360291
370290
380291
390294
400291
410290
420290
430351
440293
450290
460290
470290
480290
490292
500289
510289
520290
530290
540354
550290
560291
570290
580315
590292
600289
610289
620290
630292
640295
650360
660290
670339
680290
690292
700290
710289
720290
730288
740345
750291
760355
770290
780290
790293
800290
810288
820290
830289
840291
850288
860291
870351
880291
890294
900290
910289
920290
930289
940292
950288
960291
970290
980357
990292
290
10290
20290
30288
40293
50290
60289
70289
80295
90370
100281
110282
120280
130280
140282
150281
160280
170280
180280
190282
200343
210281
220281
230281
240283
250279
260280
270280
280280
290282
300280
310341
320280
330280
340283
350279
360280
370279
380280
390286
400280
410279
420343
430281
440283
450279
460281
470279
480281
490281
500280
510280
520280
530341
540282
550280
560286
570281
580281
590283
600305
610279
620280
630281
640350
650280
660281
670281
680325
690284
700280
710280
720280
730281
740282
750395
760280
770281
780281
790282
800280
810280
820280
830280
840283
850281
860347
870280
880282
890281
900281
910281
920281
930280
940283
950280
960282
970343
980281
990283
281
10282
20281
30280
40284
50280
60282
70280
80334
90294
100273
110295
120272
130273
140277
150271
160273
170273
180275
190343
200273
210272
220272
230273
240275
250274
260273
270271
280272
290275
300337
310273
320273
330274
340275
350272
360273
370271
380273
390275
400271
410336
420273
430274
440276
450271
460272
470271
480273
490274
500272
510272
520334
530272
540275
550271
560272
570272
580271
590274
600272
610273
620296
630338
640275
650272
660272
670272
680272
690325
700272
710271
720272
730272
740341
750273
760322
770272
780272
790276
800273
810272
820273
830272
840274
850338
860273
870272
880272
890277
900273
910273
920273
930273
940275
950273
960336
970272
980273
990275
272
10271
20272
30272
40275
50272
60272
70336
80264
90266
100280
110265
120263
130282
140265
150263
160262
170264
180328
190266
200264
210265
220264
230264
240265
250263
260263
270263
280263
290330
300264
310263
320263
330264
340267
350263
360264
370264
380264
390266
400327
410264
420264
430263
440268
450263
460263
470263
480264
490265
500263
510325
520265
530264
540266
550264
560264
570263
580264
590266
600263
610263
620329
630263
640292
650262
660265
670264
680264
690268
700307
710263
720264
730329
740265
750265
760265
770311
780264
790266
800263
810262
820264
830263
840331
850264
860265
870263
880264
890266
900263
910262
920263
930262
940265
950326
960263
970263
980262
990265
264
10262
20263
30262
40266
50264
60325
70263
80255
90256
100254
110271
120253
130254
140257
150273
160254
170318
180255
190257
200254
210253
220255
230255
240256
250255
260256
270254
280317
290257
300254
310254
320254
330254
340257
350255
360255
370254
380254
390323
400255
410253
420255
430254
440257
450254
460255
470254
480254
490257
500316
510254
520255
530253
540257
550254
560253
570259
580255
590256
600254
610319
620255
630255
640258
650254
660278
670253
680255
690256
700255
710297
720321
730255
740257
750254
760254
770256
780305
790258
800255
810254
820255
830320
840258
850255
860255
870257
880256
890257
900255
910253
920255
930255
940321
950255
960255
970254
980255
990258
255
10254
20255
30254
40257
50317
60256
70255
80247
90250
100247
110246
120262
130246
140249
150248
160313
170266
180247
190251
200247
210247
220246
230247
240249
250247
260247
270311
280249
290249
300246
310247
320246
330246
340248
350245
360246
370245
380311
390248
400247
410246
420245
430247
440248
450246
460247
470247
480248
490311
500248
510247
520247
530246
540249
550246
560245
570246
580245
590249
600309
610247
620246
630246
640249
650246
660247
670246
680270
690250
700246
710312
720291
730248
740249
750246
760247
770245
780247
790300
800247
810246
820310
830247
840248
850246
860247
870246
880246
890251
900246
910246
920247
930310
940250
950246
960246
970246
980246
990249
246
10245
20246
30251
40309
50247
60246
70247
80239
90240
100237
110238
120238
130251
140240
150302
160238
170237
180238
190261
200237
210237
220237
230237
240239
250237
260303
270237
280239
290240
300238
310238
320238
330237
340240
350237
360237
370299
380238
390241
400237
410237
420241
430237
440240
450240
460239
470237
480299
490240
500239
510237
520238
530237
540239
550236
560238
570236
580238
590305
600238
610238
620238
630238
640240
650238
660237
670237
680238
690240
700327
710239
720239
730283
740241
750239
760238
770237
780238
790239
800335
810307
820239
830240
840241
850237
860238
870237
880237
890239
900237
910238
920301
930238
940240
950237
960238
970236
980237
990239
237
10237
20237
30300
40240
50236
60237
70237
80229
90231
100231
110232
120229
130228
140314
150229
160229
170228
180229
190230
200228
210250
220228
230228
240231
250293
260229
270227
280229
290230
300229
310228
320229
330227
340231
350229
360295
370229
380229
390232
400228
410228
420228
430228
440230
450227
460228
470291
480230
490231
500229
510228
520229
530228
540230
550227
560228
570228
580295
590233
600229
610228
620228
630228
640231
650227
660229
670227
680229
690296
700228
710228
720252
730230
740276
750228
760228
770228
780229
790231
800293
810292
820229
830228
840230
850227
860227
870228
880228
890231
900228
910293
920228
930229
940231
950228
960228
970228
980228
990232
228
10227
20292
30230
40232
50230
60231
70229
80219
90221
100219
110220
120220
130283
140224
150233
160218
170218
180218
190220
200217
210218
220218
230241
240286
250219
260218
270217
280219
290221
300217
310218
320218
330217
340221
350279
360218
370218
380218
390220
400218
410218
420218
430218
440220
450217
460280
470219
480219
490220
500218
510217
520218
530218
540221
550218
560218
570280
580218
590220
600218
610218
620219
630218
640221
650217
660219
670218
680280
690221
700219
710216
720219
730217
740244
750259
760219
770220
780220
790286
800218
810218
820266
830218
840221
850218
860218
870217
880218
890228
900282
910217
920218
930219
940220
950217
960218
970218
980218
990220
218
10281
20219
30218
40221
50218
60219
70218
80210
90212
100210
110210
120272
130210
140212
150209
160226
170210
180209
190212
200210
210209
220209
230274
240212
250229
260209
270209
280210
290210
300209
310208
320209
330209
340277
350210
360210
370211
380212
390212
400209
410208
420209
430209
440211
450272
460210
470209
480209
490213
500211
510208
520209
530209
540211
550210
560275
570209
580210
590210
600210
610209
620209
630210
640213
650208
660209
670272
680210
690212
700209
710209
720209
730208
740211
750208
760275
770210
780274
790211
800209
810210
820210
830265
840212
850208
860208
870209
880208
890277
900209
910209
920208
930209
940211
950208
960209
970210
980209
990211
270
10210
20209
30208
40210
50209
60209
70208
80201
90202
100200
110264
120201
130200
140202
150200
160200
170216
180201
190202
200199
210201
220264
230201
240204
250199
260200
270220
280200
290202
300199
310199
320201
330267
340202
350200
360201
370200
380201
390204
400199
410200
420200
430199
440266
450200
460201
470199
480201
490203
500200
510200
520200
530200
540202
550262
560201
570200
580204
590210
600203
610201
620202
630201
640204
650201
660268
670201
680201
690203
700200
710201
720200
730200
740203
750199
760201
770307
780225
790203
800201
810200
820200
830201
840256
850200
860200
870201
880265
890203
900200
910199
920202
930201
940201
950200
960200
970200
980201
990266
201
10200
20200
30200
40203
50200
60200
70200
80190
90192
100255
110192
120190
130190
140193
150190
160190
170189
180205
190194
200190
210254
220191
230190
240192
250190
260189
270189
280190
290917
300191
310190
320257
330190
340192
350189
360190
370190
380191
390191
400190
410191
420190
430252
440194
450190
460190
470190
480191
490193
500189
510189
520190
530190
540254
550190
560190
570190
580190
590193
600190
610190
620190
630190
640193
650252
660190
670190
680190
690192
700190
710190
720189
730189
740192
750189
760252
770190
780235
790195
800213
810190
820190
830189
840193
850241
860190
870255
880190
890192
900192
910190
920190
930190
940192
950190
960189
970190
980257
990195
191
10190
20191
30190
40193
50190
60190
70190
80180
90245
100182
110182
120181
130181
140182
150180
160179
170179
180180
190197
200245
210181
220182
230181
240183
250182
260181
270179
280180
290182
300181
310266
320180
330181
340183
350180
360183
370178
380180
390182
400179
410180
420246
430180
440183
450179
460180
470180
480179
490182
500180
510180
520180
530242
540182
550180
560180
570180
580181
590182
600179
610179
620180
630180
640247
650180
660180
670181
680180
690182
700180
710180
720179
730180
740182
750242
760181
770179
780180
790225
800181
810180
820201
830181
840184
850180
860297
870180
880181
890182
900180
910179
920180
930180
940183
950179
960180
970241
980180
990182
180
10180
20179
30179
40182
50180
60180
70181
80234
90173
100173
110172
120171
130171
140173
150172
160172
170173
180173
190238
200187
210171
220172
230171
240174
250171
260170
270171
280171
290173
300236
310171
320172
330191
340174
350171
360171
370170
380172
390175
400172
410237
420173
430172
440180
450180
460172
470170
480172
490174
500171
510171
520237
530172
540174
550171
560172
570171
580171
590174
600175
610208
620170
630237
640175
650172
660173
670172
680172
690175
700172
710171
720170
730172
740237
750171
760172
770170
780173
790175
800213
810171
820170
830171
840196
850237
860171
870227
880172
890174
900172
910171
920170
930171
940173
950170
960235
970170
980172
990173
171
10170
20175
30170
40172
50172
60171
70232
80162
90163
100162
110161
120161
130160
140163
150161
160161
170161
180226
190164
200162
210175
220162
230161
240164
250161
260162
270161
280162
290228
300162
310161
320161
330161
340164
350181
360161
370161
380162
390163
400226
410160
420161
430161
440164
450161
460161
470162
480162
490165
500163
510225
520161
530161
540162
550161
560161
570160
580162
590162
600161
610161
620223
630161
640164
650161
660161
670161
680161
690163
700161
710160
720161
730224
740164
750161
760161
770161
780162
790164
800160
810204
820162
830162
840230
850161
860184
870161
880217
890164
900161
910161
920162
930162
940163
950227
960162
970161
980163
990164
162
10160
20161
30162
40164
50160
60223
70162
80152
90152
100153
110153
120151
130151
140153
150150
160152
170217
180153
190153
200151
210151
220167
230150
240153
250151
260151
270151
280218
290154
300151
310150
320152
330152
340153
350151
360150
370172
380151
390218
400151
410151
420150
430151
440153
450150
460151
470151
480152
490153
500213
510152
520150
530151
540153
550151
560151
570151
580150
590153
600150
610213
620151
630151
640153
650151
660150
670151
680153
690154
700152
710152
720217
730152
740155
750151
760152
770151
780151
790153
800151
810149
820194
830216
840154
850150
860151
870151
880173
890208
900151
910151
920150
930152
940219
950151
960152
970150
980152
990154
150
10150
20151
30150
40152
50212
60151
70151
80142
90143
100141
110142
120141
130141
140144
150140
160203
170141
180142
190144
200141
210141
220140
230156
240144
250142
260142
270205
280141
290144
300141
310142
320142
330142
340144
350141
360141
370140
380206
390164
400142
410140
420142
430142
440144
450140
460141
470140
480142
490208
500142
510141
520142
530141
540146
550140
560141
570145
580142
590144
600203
610147
620144
630141
640144
650142
660142
670140
680141
690143
700141
710210
720142
730142
740143
750141
760141
770140
780142
790143
800141
810142
820205
830188
840144
850140
860141
870141
880141
890142
900264
910141
920141
930209
940144
950142
960141
970141
980142
990143
141
10139
20141
30140
40205
50142
60141
70140
80131
90132
100131
110131
120130
130131
140132
150194
160130
170130
180131
190133
200131
210129
220129
230130
240150
250130
260195
270131
280131
290132
300130
310129
320130
330129
340132
350129
360130
370191
380132
390132
400130
410149
420131
430129
440132
450129
460130
470130
480194
490134
500131
510131
520130
530130
540131
550130
560130
570130
580130
590197
600130
610130
620130
630130
640134
650130
660131
670133
680131
690133
700196
710130
720130
730131
740132
750130
760130
770131
780131
790133
800131
810195
820131
830130
840172
850130
860131
870130
880131
890132
900130
910184
920218
930133
940134
950130
960130
970130
980132
990133
131
10130
20130
30195
40133
50130
60132
70130
80121
90123
100122
110121
120120
130120
140186
150121
160121
170120
180120
190122
200119
210120
220119
230120
240121
250201
260122
270122
280121
290123
300122
310120
320121
330120
340122
350120
360185
370121
380121
390122
400120
410120
420120
430138
440121
450119
460119
470186
480120
490123
500120
510120
520121
530120
540123
550121
560120
570119
580181
590122
600120
610119
620120
630120
640123
650120
660120
670119
680122
690184
700121
710119
720120
730120
740123
750120
760121
770119
780120
790123
800183
810119
820121
830119
840123
850165
860120
870120
880119
890122
900119
910184
920177
930120
940145
950120
960121
970120
980120
990123
120
10120
20186
30121
40123
50120
60121
70120
80110
90113
100112
110111
120228
130174
140112
150110
160110
170111
180110
190113
200110
210110
220110
230110
240177
250111
260125
270109
280111
290113
300109
310110
320110
330111
340114
350173
360111
370110
380111
390113
400110
410110
420111
430112
440112
450129
460176
470110
480111
490112
500112
510110
520110
530111
540112
550109
560109
570174
580111
590114
600110
610110
620116
630110
640112
650111
660110
670110
680177
690112
700110
710110
720111
730110
740112
750109
760110
770111
780110
790174
800110
810110
820110
830110
840113
850110
860153
870110
880110
890112
900175
910110
920111
930164
940113
950110
960131
970109
980110
990112
110
10175
20110
30112
40113
50111
60110
70110
80099
90102
100099
110100
120166
130099
140101
150099
160100
170099
180100
190101
200099
210099
220099
230161
240101
250099
260100
270115
280101
290101
300101
310098
320099
330099
340165
350099
360099
370100
380100
390100
400099
410099
420099
430098
440101
450160
460099
470120
480099
490102
500100
510100
520100
530099
540101
550098
560164
570099
580099
590100
600100
610099
620099
630099
640102
650098
660099
670165
680100
690102
700099
710099
720100
730099
740102
750099
760100
770098
780162
790103
800099
810099
820102
830100
840103
850099
860102
870144
880101
890169
900099
910099
920098
930101
940152
950098
960099
970100
980121
990101
164
10099
20099
30099
40101
50099
60099
70099
80090
90091
100089
110154
120090
130089
140091
150088
160089
170089
180090
190091
200090
210089
220152
230090
240093
250089
260090
270088
280104
290092
300089
310089
320089
330154
340091
350089
360088
370089
380090
390092
400089
410089
420091
430088
440154
450090
460090
470088
480090
490112
500089
510089
520089
530090
540105
550167
560097
570095
580096
590100
600088
610090
620091
630090
640093
650091
660157
670091
680091
690093
700090
710090
720089
730089
740091
750090
760090
770153
780091
790092
800090
810092
820090
830090
840091
850089
860090
870090
880190
890093
900090
910090
920091
930091
940094
950147
960090
970091
980091
990157
116
10091
20089
30090
40093
50091
60090
70090
80079
90082
100145
110085
120080
130078
140082
150079
160079
170080
180079
190081
200079
210142
220080
230080
240082
250080
260080
270079
280079
290097
300080
310078
320143
330083
340081
350080
360079
370079
380080
390081
400079
410080
420079
430145
440083
450079
460080
470081
480078
490081
500079
510099
520079
530079
540146
550079
560080
570078
580080
590082
600078
610078
620078
630086
640086
650148
660080
670079
680080
690082
700079
710078
720079
730079
740081
750079
760140
770080
780080
790081
800079
810079
820079
830080
840082
850079
860079
870149
880080
890134
900079
910078
920079
930079
940081
950079
960132
970079
980145
990082
79
10078
20106
30079
40082
50078
60078
70079
80070
90138
100108
110068
120068
130069
140071
150067
160068
170068
180069
190070
200132
210067
220068
230069
240072
250068
260067
270067
280068
290070
300084
310133
320068
330069
340070
350068
360070
370069
380070
390070
400069
410068
420133
430071
440072
450068
460068
470068
480069
490071
500069
510068
520069
530153
540072
550068
560069
570068
580068
590071
600086
610075
620069
630069
640160
650069
660069
670069
680069
690071
700069
710068
720068
730068
740071
750132
760069
770070
780070
790072
800069
810068
820069
830069
840071
850069
860132
870068
880068
890071
900126
910070
920068
930068
940069
950068
960068
970198
980068
990071
67
10067
20068
30068
40101
50068
60069
70068
80123
90060
100082
110057
120057
130058
140059
150056
160057
170056
180057
190123
200057
210057
220057
230057
240060
250057
260058
270057
280057
290058
300119
310078
320057
330057
340059
350057
360056
370057
380058
390060
400057
410121
420057
430057
440059
450057
460057
470057
480056
490060
500056
510057
520119
530058
540060
550078
560058
570057
580061
590059
600057
610056
620056
630123
640061
650057
660056
670058
680058
690059
700057
710056
720057
730057
740123
750058
760058
770057
780057
790063
800057
810057
820057
830057
840060
850121
860058
870057
880057
890060
900058
910100
920058
930058
940060
950058
960122
970059
980111
990060
58
10057
20058
30057
40061
50057
60083
70123
80048
90050
100071
110048
120047
130046
140048
150046
160046
170046
180116
190049
200047
210047
220046
230046
240048
250047
260047
270048
280047
290115
300046
310046
320061
330048
340050
350047
360046
370045
380047
390049
400111
410046
420046
430046
440049
450046
460046
470046
480047
490049
500045
510109
520046
530047
540047
550046
560046
570065
580046
590049
600046
610046
620110
630047
640055
650046
660046
670046
680046
690049
700046
710046
720045
730115
740048
750046
760047
770047
780046
790047
800045
810046
820046
830047
840114
850046
860045
870046
880047
890049
900046
910046
920087
930046
940050
950113
960048
970048
980048
990107
48
10046
20045
30046
40047
50046
60111
70046
80061
90038
100058
110035
120035
130036
140036
150035
160034
170098
180036
190037
200035
210036
220038
230036
240038
250034
260035
270036
280101
290043
300043
310176
320043
330083
340040
350037
360035
370035
380036
390190
400036
410036
420037
430036
440037
450034
460034
470034
480036
490037
500098
510035
520036
530034
540038
550035
560034
570035
580034
590106
600034
610099
620037
630035
640037
650037
660035
670035
680037
690039
700037
710035
720103
730036
740038
750034
760035
770035
780036
790038
800033
810035
820032
830112
840039
850034
860034
870035
880035
890037
900034
910034
920036
930156
940106
950035
960034
970034
980035
990038
175
10034
20035
30034
40035
50100
60035
70033
80023
90028
100085
110022
120023
130024
140024
150023
160090
170023
180023
190026
200024
210024
220023
230024
240026
250022
260022
270085
280023
290027
300022
310023
320024
330024
340043
350023
360023
370023
380089
390025
400024
410023
420024
430023
440026
450022
460023
470022
480023
490088
500023
510023
520023
530025
540025
550025
560023
570022
580025
590025
600087
610042
620023
630023
640027
650024
660022
670022
680023
690025
700023
710087
720024
730024
740025
750024
760024
770023
780023
790026
800022
810023
820086
830024
840027
850023
860023
870023
880023
890025
900023
910023
920023
930085
940070
950023
960024
970023
980024
990025
23
10080
20023
30023
40091
50023
60024
70023
80015
90016
100012
110015
120034
130013
140014
150078
160015
170014
180012
190015
200013
210011
220013
230014
240015
250012
260077
270012
280013
290015
300013
310012
320012
330013
340014
350027
360013
370078
380012
390015
400011
410013
420012
430012
440015
450012
460011
470011
480074
490014
500013
510015
520013
530015
540015
550012
560013
570011
580012
590077
600013
610011
620012
630030
640015
650017
660012
670012
680011
690015
700076
710013
720013
730013
740014
750013
760011
770012
780013
790013
800012
810074
820013
830012
840015
850012
860012
870012
880012
890013
900012
910012
920073
930012
940014
950056
960013
970012
980013
990015
12
10011
20076
30080
40014
50012
60012
70012
80003
90003
100000
110001
120000
130000
140088
150001
160001
170000
180001
190003
200000
210000
220000
230001
240003
250066
260001
270001
280000
290003
300000
310000
320000
330000
340003
350000
360080
370001
380001
390003
400001
410001
420000
430001
440003
449999
460000
470063
480000
490003
500002
510000
520001
530001
540003
550000
560001
570000
580065
590004
600001
610000
620000
629999
640002
650023
660000
670001
680001
690067
700003
710001
720000
730000
740003
750000
759999
770000
779999
790004
800067
810003
819999
830003
840004
850000
859999
870000
879999
890002
899999
910065
920000
930001
940002
950000
960044
970000
980001
990002
0
9999
20065
30061
40003
50000
60000
70000
79989
89992
99989
109989
119989
130055
139992
149989
160010
169989
179989
189990
199987
209989
219989
229989
240058
249991
259988
269988
279989
289992
299989
309988
319989
330026
339990
350054
359989
370003
379988
389993
399989
409988
419987
429989
439992
449991
460056
469988
479989
489991
499989
509990
519998
529989
539990
549988
559988
570056
579990
589993
599988
609989
619989
629988
640002
649988
659988
670012
680058
689992
699989
709989
719989
729989
739991
749989
759989
769989
779989
790057
799989
809989
819989
829988
839991
849990
859988
869988
879988
889992
900054
909989
919988
929989
939992
949989
959990
970035
979991
989992
999988
10054
19989
29993
40060
49990
59989
69989
79977
89980
99978
109981
120044
129977
139978
149977
159976
169976
179996
189978
199975
209978
219977
230057
239979
249976
259976
269976
279976
289990
299976
309977
319975
329977
340043
349977
359978
369976
379993
389981
399976
409976
419976
429976
439979
450041
459977
469976
479977
489979
499976
509976
519976
529977
539980
549976
560038
569978
579977
589980
599977
609976
619978
629976
639979
649977
659983
670047
679981
690002
699976
709979
719978
729977
739978
749977
759976
770530
780085
789988
799998
810000
819983
830001
839980
849978
859977
869977
879977
890045
899978
909976
919977
929977
939980
949977
959978
969977
980021
989980
43
9978
19978
29977
39980
50042
59978
69977
79966
89968
99970
110032
119968
129967
139970
149966
159967
169968
179966
189970
199991
209965
220031
229967
239969
249966
259968
269966
279966
289969
299966
309966
319966
330028
339968
349967
359966
369969
379967
389988
399968
409968
419966
429967
440035
449967
459967
469967
479967
489969
499966
509966
519966
529968
539968
550033
559976
569967
579966
589970
599966
609966
619966
629966
639969
649966
660032
669966
679966
689969
699966
709988
719968
729968
739968
749967
759966
770046
779967
789970
799966
809967
819967
829968
839971
849967
859966
869967
880031
889970
899967
909967
919967
929967
939968
949967
959966
969966
979968
990083
999967
9968
19966
29966
39969
49966
60029
69966
79955
89956
100025
109955
119955
129954
139957
149954
159952
169954
179953
189956
199953
210020
219974
229956
239956
249954
259956
269955
279955
289957
299953
309955
320020
329956
339957
349954
359954
369955
379953
389957
399969
409953
419954
430019
439957
449954
459954
469954
479954
489956
499954
509954
519954
529954
540019
549954
559955
569954
579954
589957
599953
609954
619955
629956
639958
650017
659955
669955
679956
689956
699955
709952
719954
729975
739955
749953
760019
769954
779953
789957
799955
809954
819953
829954
839955
849954
859954
870017
879955
889957
899954
909955
919954
929954
939957
949954
959954
969954
980016
989958
3
9954
19955
29954
39957
49954
59956
70016
79942
90010
99945
109942
119942
129942
139945
149942
159942
169943
179943
189945
200007
209943
219943
229942
239964
249942
259942
269942
279943
289946
299944
310006
319943
329944
339945
349943
359943
369941
379942
389945
399941
409957
420009
429942
439946
449942
459942
469942
479942
489943
499942
509941
519942
530006
539944
549943
559942
569942
579943
589943
599941
609941
619941
629942
640005
649944
659943
669947
679944
689945
699941
709942
719941
729941
739944
750031
759943
769943
779943
789944
799942
809944
819943
829942
839945
849941
860005
869943
879942
889945
899943
909942
919942
929942
939944
949942
959941
970009
979942
989947
999941
9987
19943
29941
39944
49941
59942
69942
80060
89933
99933
109933
119932
129933
139933
149931
159931
169930
179931
189995
199931
209932
219931
229932
239934
249931
259950
269931
279931
289934
299998
309933
319932
329932
339935
349931
359931
369931
379932
389933
399932
409993
419947
429931
439935
449933
459932
469931
479932
489934
499932
509931
519996
529932
539933
549931
559934
569932
579932
589934
599931
609931
619931
629992
639935
649931
659931
669932
679933
689933
699931
709931
719932
729932
739997
749932
759932
769958
779933
789935
799931
809932
819931
829931
839934
849998
859933
869934
879930
889934
899930
909931
919930
929931
939934
949930
959997
969933
979931
989933
999931
9931
19980
29931
39933
49932
59933
69997
79921
90016
99922
109920
119919
129919
139921
149918
159919
169918
179990
189923
199921
209920
219920
229921
239922
249919
259919
269919
279941
289986
299920
309919
319919
329919
339922
349917
359919
369919
379919
389921
399982
409920
419920
429935
439921
449919
459919
469918
479919
489921
499919
509990
519920
529920
539920
549919
559920
569918
579919
589921
599918
609918
619979
629918
639922
649918
659920
669919
679919
689922
699918
709917
719918
729986
739921
749919
759918
769920
779919
789945
799919
809921
819921
829925
839989
849920
859919
869919
879921
889922
899920
909919
919919
929919
939923
949982
959920
969919
979919
989922
999920
9919
19918
29974
39923
49919
59992
69919
79907
89910
99997
109908
119908
129907
139909
149906
159908
169973
179908
189910
199908
209907
219908
229910
239910
249906
259909
269907
279972
289911
299929
309908
319908
329907
339909
349907
359907
369906
379907
389975
399908
409909
419906
429907
439926
449906
459907
469906
479907
489910
499973
509908
519906
529908
539911
549906
559907
569908
579907
589909
599907
609968
619908
629908
639909
649907
659908
669906
679914
689910
699907
709906
719973
729908
739911
749906
759908
769907
779907
789908
799906
809929
819907
829975
839910
849908
859907
869906
879908
889911
899906
909906
919907
929906
939976
949907
959908
969906
979908
989910
999907
9906
19907
29905
39960
49972
59907
69907
79894
89899
99897
109962
119894
129895
139896
149894
159959
169895
179895
189896
199895
209896
219894
229895
239898
249895
259895
269958
279896
289898
299895
309895
319922
329895
339898
349895
359895
369896
379959
389898
399896
409896
419895
429896
439898
449910
459895
469895
479895
489963
499896
509895
519896
529896
539897
549895
559895
569895
579895
589898
599958
609899
619895
629895
639900
649897
659896
669895
679895
689897
699895
709958
719895
729897
739901
749898
759896
769896
779896
789899
799895
809895
819958
829918
839899
849895
859896
869895
879895
889898
899895
909895
919901
929965
939898
949930
959897
969901
979897
989898
999895
9896
19895
29896
39968
49940
59896
69895
79884
89886
99887
109883
119948
129884
139886
149949
159885
169884
179884
189886
199884
209884
219884
229883
239887
249883
259949
269885
279885
289887
299883
309885
319884
329885
339908
349884
359886
369948
379884
389888
399884
409884
419885
429884
439886
449884
459900
469884
479949
489886
499883
509883
519886
529884
539884
549883
559883
569884
579883
589948
599883
609885
619883
629884
639887
649884
659883
669884
679884
689887
699948
709884
719885
729884
739887
749885
759884
769884
779884
789887
799884
809947
819885
829885
839887
849908
859885
869885
879885
889886
899884
909885
919949
929885
939887
949883
959884
969884
979884
989886
999885
9884
19886
29948
39887
49885
59931
69883
79873
89874
99873
109873
119872
129934
139938
149871
159872
169870
179873
189873
199870
209870
219870
229871
239873
249936
259871
269872
279872
289874
299870
309871
319871
329870
339873
349872
359957
369870
379872
389873
399870
409871
419870
429871
439873
449871
459870
469949
479872
489874
499871
509871
519871
529872
539873
549871
559871
569870
579932
589873
599871
609870
619871
629872
639873
649871
659871
669870
679873
689945
699871
709871
719871
729872
739873
749871
759870
769871
779870
789873
799936
809870
819871
829870
839874
849872
859876
869892
879869
889873
899869
909936
919871
929871
939871
949871
959870
969869
979870
989872
999869
9870
19933
29870
39872
49870
59869
69919
79859
89860
99858
109860
119858
129928
139926
149858
159859
169859
179859
189861
199858
209858
219859
229858
239926
249859
259859
269857
279859
289861
299859
309860
319860
329859
339862
349923
359860
369860
379878
389861
399859
409858
419858
429859
439861
449859
459923
469860
479873
489862
499859
509858
519858
529860
539861
549860
559858
569922
579859
589860
599858
609861
619859
629858
639860
649857
659858
669857
679922
689860
699859
709859
719858
729858
739860
749858
759858
769857
779858
789926
799858
809859
819858
829858
839860
849857
859859
869858
879858
889881
899924
909859
919858
929859
939860
949859
959859
969858
979857
989861
999858
9920
19859
29859
39861
49859
59858
69858
79901
89855
99853
109853
119921
129853
139855
149914
159853
169853
179853
189854
199851
209853
219853
229921
239854
249853
259851
269852
279854
289853
299852
309851
319852
329851
339918
349852
359855
369855
379852
389855
399872
409852
419852
429851
439854
449920
459853
469853
479855
489872
499853
509852
519853
529855
539855
549852
559918
569853
579852
589855
599852
609853
619852
629853
639855
649852
659853
669915
679853
689856
699854
709852
719852
729852
739854
749853
759853
769852
779918
789855
799853
809852
819852
829853
839856
849852
859852
869853
879852
889917
899854
909878
919852
929853
939857
949851
959852
969854
979853
989855
999918
9853
19852
29852
39855
49853
59853
69852
79846
89898
99848
109916
119848
129848
139850
149847
159908
169847
179847
189849
199845
209850
219911
229847
239850
249846
259847
269847
279846
289849
299848
309846
319847
329912
339850
349847
359850
369846
379848
389850
399846
409847
419867
429847
439915
449850
459847
469846
479848
489849
499861
509846
519847
529846
539851
549912
559848
569847
579846
589850
599848
609846
619880
629847
639849
649847
659909
669847
679848
689850
699852
709848
719846
729847
739849
749847
759846
769912
779847
789849
799846
809846
819847
829846
839849
849845
859849
869847
879910
889851
899849
909848
919849
929872
939849
949848
959847
969848
979847
989917
999847
9847
19848
29848
39851
49847
59847
69848
79842
89844
99983
109842
119842
129841
139844
149841
159841
169902
179842
189844
199841
209906
219842
229842
239843
249842
259842
269840
279841
289844
299841
309841
319907
329843
339845
349841
359842
369842
379842
389844
399841
409841
419841
429905
439868
449842
459844
469841
479841
489844
499841
509855
519841
529841
539908
549841
559840
569842
579842
589844
599840
609841
619840
629841
639844
649904
659841
669842
679841
689843
699841
709842
719839
729841
739843
749840
759902
769842
779841
789844
799842
809842
819842
829840
839843
849841
859840
869901
879842
889844
899841
909840
919842
929841
939843
949864
959842
969841
979908
989844
999841
9840
19841
29841
39844
49841
59841
69841
79836
89899
99837
109887
119836
129835
139838
149835
159835
169834
179889
189838
199900
209836
219834
229836
239837
249834
259834
269834
279834
289836
299833
309898
319835
329835
339837
349835
359835
369834
379834
389837
399835
409835
419895
429836
439837
449835
459857
469836
479835
489838
499835
509837
519850
529906
539838
549836
559835
569836
579836
589839
599835
609836
619835
629835
639902
649836
659835
669836
679835
689839
699835
709835
719834
729836
739837
749899
759837
769836
779835
789838
799835
809836
819835
829835
839838
849836
859898
869837
879835
889838
899839
909835
919850
929836
939839
949834
959835
969925
979836
989837
999836
9836
19835
29836
39837
49835
59835
69836
79892
89831
99831
109828
119876
129828
139829
149828
159828
169830
179830
189978
199832
209833
219828
229828
239831
249827
259829
269828
279829
289830
299896
309828
319829
329827
339830
349829
359829
369827
379829
389830
399829
409892
419829
429830
439832
449830
459829
469829
479851
489831
499828
509828
519893
529846
539830
549827
559829
569830
579828
589829
599828
609826
619828
629891
639830
649828
659829
669827
679827
689830
699827
709832
719828
729827
739894
749828
759827
769828
779829
789830
799827
809828
819827
829832
839831
849892
859828
869829
879827
889831
899829
909828
919828
929828
939831
949828
959893
969829
979830
989854
999829
9830
19829
29828
39832
49829
59829
69897
79823
89826
99826
109822
119824
129872
139825
149821
159823
169822
179887
189827
199907
209822
219822
229822
239826
249822
259822
269822
279822
289898
299824
309822
319823
329822
339827
349823
359821
369823
379823
389824
399885
409823
419822
429823
439825
449822
459821
469822
479821
489826
499843
509888
519823
529826
539839
549823
559822
569822
579822
589824
599821
609822
619890
629823
639825
649822
659822
669823
679823
689824
699821
709824
719822
729884
739824
749823
759821
769822
779822
789824
799822
809822
819823
829823
839887
849823
859823
869822
879822
889825
899821
909822
919822
929822
939825
949885
959822
969823
979821
989825
999824
9846
19822
29821
39824
49823
59888
69822
79814
89818
99816
109814
119814
129814
139861
149815
159814
169878
179814
189816
199814
209872
219815
229815
239816
249814
259814
269815
279883
289818
299814
309816
319815
329816
339817
349814
359815
369815
379815
389882
399817
409816
419814
429816
439818
449815
459817
469815
479816
489818
499879
509816
519835
529816
539818
549830
559816
569815
579815
589818
599816
609880
619817
629816
639818
649816
659816
669816
679816
689818
699814
709815
719878
729818
739817
749815
759816
769815
779815
789819
799814
809816
819816
829878
839819
849815
859814
869817
879815
889817
899815
909814
919814
929816
939883
949817
959816
969814
979816
989818
999815
9815
19819
29849
39819
49881
59816
69815
79808
89811
99811
109808
119809
129928
139811
149854
159876
169809
179808
189811
199808
209809
219870
229808
239814
249809
259809
269873
279809
289811
299808
309808
319809
329808
339811
349808
359809
369807
379873
389811
399808
409809
419809
429809
439812
449808
459808
469808
479809
489873
499808
509811
519807
529808
539831
549807
559822
569807
579808
589812
599874
609808
619808
629808
639811
649808
659808
669808
679808
689810
699807
709869
719814
729809
739810
749809
759808
769810
779809
789809
799808
809809
819873
829809
839812
849808
859809
869809
879807
889811
899808
909808
919808
929871
939811
949809
959809
969808
979809
989810
999807
9809
19808
29809
39875
49832
59809
69808
79809
89807
99824
109802
119802
129803
139804
149876
159858
169805
179801
189805
199801
209801
219801
229863
239804
249801
259868
269802
279801
289802
299801
309803
319800
329801
339802
349801
359801
369870
379803
389804
399800
409801
419800
429800
439805
449801
459800
469800
479867
489804
499802
509800
519801
529802
539803
549801
559830
569819
579803
589868
599801
609801
619801
629803
639803
649801
659800
669801
679801
689803
699865
709813
719801
729801
739802
749801
759800
769801
779800
789804
799800
809867
819801
829801
839802
849801
859801
869800
879828
889803
899800
909801
919866
929801
939805
949801
959800
969801
979801
989802
999801
9800
19801
29865
39804
49801
59801
69825
79794
89797
99795
109799
119793
129795
139861
149795
159795
169844
179795
189798
199794
209794
219795
229794
239851
249863
259795
269796
279796
289798
299794
309795
319796
329795
339798
349796
359862
369795
379797
389797
399813
409796
419795
429795
439797
449795
459795
469860
479797
489799
499797
509795
519796
529798
539799
549796
559796
569796
579896
589811
599797
609796
619795
629796
639796
649795
659794
669795
679796
689865
699798
709795
719794
729796
739797
749797
759794
769796
779795
789798
799863
809795
819795
829795
839796
849795
859793
869794
879796
889816
899795
909860
919796
929796
939797
949795
959794
969796
979795
989799
999795
9794
19859
29796
39798
49795
59796
69795
79788
89815
99821
109788
119788
129853
139790
149789
159787
169789
179837
189791
199787
209788
219788
229789
239856
249844
259788
269789
279788
289791
299789
309787
319788
329788
339789
349854
359788
369790
379787
389791
399787
409787
419788
429787
439790
449788
459851
469788
479789
489791
499789
509790
519788
529789
539792
549788
559788
569854
579788
589807
599809
609788
619789
629788
639791
649789
659788
669788
679854
689792
699788
709789
719790
729794
739797
749788
759788
769788
779788
789861
799790
809788
819788
829789
839793
849787
859788
869788
879788
889795
899853
909789
919790
929789
939791
949788
959789
969788
979788
989791
999788
9852
19789
29789
39792
49788
59788
69788
79782
89784
99805
109805
119848
129784
139784
149782
159782
169781
179781
189832
199782
209780
219781
229847
239786
249783
259846
269782
279782
289783
299781
309782
319781
329781
339850
349783
359782
369781
379782
389785
399781
409781
419781
429780
439784
449845
459782
469783
479782
489785
499781
509781
519780
529782
539785
549782
559845
569793
579783
589783
599800
609784
619802
629782
639783
649781
659780
669851
679781
689783
699780
709782
719781
729781
739783
749781
759781
769780
779843
789784
799780
809780
819781
829782
839783
849780
859781
869780
879781
889845
899781
909781
919781
929782
939783
949781
959780
969781
979781
989785
999842
9782
19782
29781
39783
49782
59781
69781
79774
89776
99796
109839
119775
129798
139775
149775
159775
169774
179773
189795
199825
209781
219850
229775
239775
249772
259772
269830
279772
289774
299771
309772
319772
329837
339775
349772
359772
369773
379774
389775
399771
409772
419773
429772
439837
449772
459773
469771
479772
489775
499772
509772
519772
529773
539775
549834
559777
569774
579773
589775
599773
609789
619773
629773
639799
649772
659839
669773
679773
689774
699774
709772
719773
729773
739775
749773
759773
769837
779774
789776
799773
809773
819774
829772
839776
849773
859773
869773
879836
889776
899774
909774
919774
929774
939776
949773
959773
969772
979773
989841
999773
9775
19773
29773
39777
49773
59773
69774
79765
89768
99855
109768
119766
129764
139768
149787
159764
169765
179764
189767
199765
209877
219765
229765
239767
249765
259766
269764
279822
289767
299767
309764
319833
329765
339767
349764
359765
369764
379764
389766
399764
409765
419766
429828
439768
449764
459765
469765
479766
489768
499765
509765
519763
529765
539828
549765
559765
569764
579767
589768
599763
609763
619778
629765
639766
649829
659785
669765
679764
689766
699764
709763
719764
729763
739771
749765
759829
769764
779765
789766
799765
809764
819765
829765
839767
849763
859765
869829
879766
889768
899765
909765
919765
929765
939767
949765
959765
969765
979827
989768
999765
9765
19766
29766
39768
49765
59765
69766
79758
89823
99760
109758
119758
129758
139762
149759
159759
169782
179758
189761
199825
209760
219808
229759
239762
249762
259759
269758
279759
289850
299758
309828
319761
329760
339762
349758
359759
369758
379759
389761
399758
409758
419827
429759
439761
449758
459760
469762
479759
489762
499758
509760
519759
529823
539761
549761
559759
569759
579759
589765
599759
609758
619758
629776
639825
649759
659760
669759
679783
689762
699760
709759
719760
729759
739761
749822
759759
769758
779758
789762
799759
809758
819758
829763
839761
849760
859822
869760
879760
889761
899759
909759
919758
929759
939761
949759
959759
969825
979759
989761
999758
9760
19760
29759
39761
49758
59758
69759
79814
89756
99757
109752
119752
129750
139753
149751
159751
169749
179750
189843
199750
209750
219750
229805
239754
249750
259750
269750
279751
289753
299899
309751
319751
329750
339753
349751
359750
369750
379750
389753
399750
409814
419752
429751
439752
449751
459751
469750
479751
489753
499750
509751
519812
529751
539753
549751
559751
569750
579751
589752
599751
609750
619750
629817
639771
649750
659751
669750
679752
689753
699770
709751
719750
729751
739819
749751
759751
769750
779752
789754
799750
809750
819750
829750
839753
849815
859750
869751
879750
889755
899750
909750
919751
929752
939753
949751
959815
969751
979752
989754
999751
9750
19752
29752
39753
49752
59770
69824
79744
89746
99767
109742
119742
129741
139743
149742
159742
169742
179808
189745
199742
209762
219741
229742
239790
249741
259744
269743
279743
289809
299742
309799
319741
329742
339744
349740
359741
369742
379742
389743
399806
409742
419741
429741
439745
449741
459741
469741
479741
489744
499741
509805
519743
529741
539743
549741
559741
569741
579741
589743
599741
609740
619803
629742
639744
649755
659742
669741
679741
689743
699742
709741
719762
729806
739745
749746
759741
769741
779742
789744
799742
809741
819741
829742
839809
849741
859741
869741
879742
889745
899741
909740
919741
929741
939744
949803
959741
969741
979741
989743
999741
9740
19741
29740
39744
49741
59804
69743
79734
89735
99736
109736
119734
129734
139735
149733
159733
169796
179734
189742
199737
209735
219736
229754
239736
249785
259734
269733
279802
289736
299733
309732
319790
329734
339735
349730
359732
369732
379733
389800
399732
409734
419733
429732
439734
449734
459733
469731
479732
489734
499798
509732
519732
529731
539735
549732
559732
569731
579732
589735
599732
609795
619738
629732
639735
649731
659749
669732
679732
689735
699732
709733
719805
729733
739757
749732
759732
769732
779732
789734
799732
809731
819731
829797
839735
849732
859731
869733
879733
889733
899731
909731
919732
929731
939807
949733
959732
969731
979732
989733
999732
9731
19731
29731
39733
49793
59733
69730
79723
89727
99725
109726
119723
129724
139728
149723
159787
169725
179724
189726
199724
209725
219723
229725
239726
249746
259772
269790
279726
289726
299724
309725
319724
329779
339727
349725
359724
369724
379790
389727
399725
409723
419725
429724
439727
449724
459724
469724
479725
489791
499726
509724
519724
529726
539728
549724
559724
569723
579725
589727
599787
609725
620460
629727
639729
649725
659725
669739
679725
689727
699724
709793
719724
729724
739726
749724
759746
769724
779724
789727
799724
809725
819790
829726
839727
849725
859724
869724
879725
889727
899723
909723
919723
929788
939727
949724
959724
969724
979725
989726
999724
9724
19724
29723
39789
49724
59725
69724
79716
89717
99715
109716
119718
129715
139717
149779
159716
169715
179715
189717
199716
209715
219715
229714
239718
249714
259777
269789
279716
289717
299718
309715
319714
329715
339774
349714
359715
369781
379716
389717
399714
409715
419715
429714
439718
449714
459714
469714
479779
489717
499715
509715
519715
529716
539716
549715
559714
569715
579714
589779
599716
609715
619715
629834
639719
649715
659715
669715
679731
689717
699782
709715
719715
729716
739717
749715
759720
769717
779738
789718
799716
809781
819717
829716
839719
849715
859716
869714
879715
889717
899715
909715
919780
929717
939718
949716
959716
969716
979715
989717
999715
9714
19716
29778
39718
49716
59715
69717
79709
89710
99709
109708
119707
129708
139773
149709
159708
169707
179709
189714
199708
209707
219707
229707
239709
249771
259707
269708
279755
289730
299706
309708
319707
329706
339709
349760
359774
369707
379707
389709
399708
409707
419708
429707
439709
449706
459707
469771
479708
489710
499707
509706
519707
529706
539709
549708
559707
569707
579770
589709
599707
609707
619708
629707
639834
649708
659707
669706
679707
689794
699709
709707
719707
729708
739708
749706
759707
769706
779707
789709
799793
809708
819707
829706
839710
849707
859706
869705
879706
889708
899707
909768
919707
929707
939712
949707
959707
969706
979707
989709
999707
9706
19769
29707
39709
49706
59708
69706
79698
89700
99699
109699
119698
129760
139701
149699
159697
169698
179698
189701
199698
209698
219698
229698
239764
249699
259698
269698
279699
289746
299699
309721
319698
329698
339702
349765
359753
369699
379700
389701
399699
409697
419699
429697
439701
449698
459764
469699
479699
489700
499700
509700
519699
529698
539702
549697
559698
569761
579699
589700
599698
609698
619701
629700
639700
649816
659701
669698
679766
689703
699718
709700
719699
729698
739699
749700
759698
769698
779697
789767
799698
809698
819722
829698
839700
849697
859697
869697
879698
889700
899763
909698
919698
929697
939700
949698
959698
969699
979699
989700
999698
9760
19699
29697
39701
49697
59698
69697
79689
89691
99690
109691
119750
129689
139693
149689
159689
169689
179690
189690
199689
209688
219689
229753
239693
249689
259688
269689
279688
289690
299734
309689
319689
329712
339758
349690
359691
369748
379690
389692
399690
409689
419689
429688
439692
449755
459690
469689
479689
489692
499689
509689
519689
529688
539691
549689
559753
569689
579689
589692
599690
609688
619689
629689
639691
649689
660065
669761
679690
689692
699691
709704
719689
729688
739692
749689
759691
769695
779757
789692
799691
809688
819690
829690
839714
849688
859689
869689
879689
889757
899690
909688
919689
929690
939692
949689
959689
969688
979689
989692
999751
9690
19690
29689
39693
49691
59691
69688
79680
89682
99680
109743
119681
129682
139682
149680
159680
169681
179680
189687
199679
209680
219746
229681
239682
249679
259680
269680
279680
289681
299679
309753
319681
329744
339683
349701
359680
369680
379738
389682
399681
409679
419681
429679
439748
449680
459680
469679
479681
489683
499680
509679
519680
529680
539682
549742
559680
569680
579679
589683
599680
609679
619679
629679
639682
649678
659744
669681
679680
689682
699950
709681
719696
729679
739681
749679
759679
769748
779680
789682
799679
809680
819680
829680
839681
849680
859702
869679
879745
889682
899680
909679
919680
929680
939683
949680
959679
969680
979680
989744
999680
9680
19680
29681
39683
49679
59680
69680
79671
89673
99733
109673
119671
129670
139674
149671
159671
169672
179672
189675
199672
209735
219672
229672
239673
249671
259672
269671
279671
289674
299670
309670
319791
329672
339674
349671
359672
369695
379672
389728
399674
409671
419671
429740
439675
449673
459671
469670
479673
489675
499671
509671
519671
529672
539743
549672
559672
569671
579671
589674
599671
609672
619672
629671
639674
649736
659672
669671
679671
689677
699672
709789
719673
729690
739674
749671
759738
769671
779672
789673
799671
809671
819670
829674
839674
849671
859672
869736
879696
889675
899673
909673
919672
929672
939674
949672
959671
969671
979737
989677
999671
9671
19673
29671
39673
49670
59672
69671
79662
89726
99664
109663
119663
129663
139665
149663
159662
169662
179663
189664
199727
209663
219662
229663
239665
249662
259662
269662
279662
289664
299662
309724
319663
329718
339665
349663
359663
369662
379663
389688
399759
409662
419733
429663
439671
449662
459662
469663
479663
489665
499662
509662
519663
529724
539665
549662
559662
569662
579663
589665
599662
609662
619664
629663
639728
649663
659665
669662
679664
689665
699662
709662
720379
729662
739681
749728
759664
769662
779666
789676
799665
809663
819663
829663
839664
849662
859734
869663
879663
889665
899687
909664
919664
929662
939665
949662
959663
969726
979663
989665
999663
9664
19663
29663
39665
49661
59662
69663
79717
89656
99656
109653
119654
129653
139655
149653
159653
169653
179653
189723
199654
209654
219655
229653
239656
249654
259658
269653
279655
289656
299722
309653
319654
329652
339710
349654
359653
369653
379652
389656
399653
409811
419654
429653
439655
449654
459654
469652
479653
489655
499653
509653
519718
529656
539655
549652
559654
569653
579654
589655
599652
609652
619653
629716
639658
649653
659653
669654
679654
689655
699653
709653
719654
729653
739717
749671
759655
769653
779654
789656
799653
809653
819654
829654
839656
849718
859653
869654
879654
889657
899653
909653
919674
929654
939657
949653
959723
969654
979654
989656
999653
9654
19654
29654
39657
49654
59653
69716
79645
89647
99644
109645
119644
129643
139646
149643
159644
169643
179706
189647
199644
209643
219646
229645
239647
249643
259872
269646
279645
289713
299644
309644
319644
329643
339648
349695
359644
369644
379644
389647
399709
409643
419699
429667
439646
449645
459644
469645
479645
489646
499644
509711
519646
529644
539646
549644
559644
569643
579643
589645
599644
609643
619708
629644
639647
649643
659643
669643
679644
689646
699643
709642
719645
729711
739646
749643
759658
769644
779644
789645
799643
809643
819642
829643
839709
849643
859643
869642
879644
889645
899643
909642
919642
929643
939664
949706
959644
969643
979642
989645
999643
9642
19642
29642
39645
49642
59705
69643
79635
89635
99635
109636
119634
129634
139637
149634
159636
169696
179635
189637
199635
209636
219635
229635
239638
249635
259634
269866
279705
289638
299636
309634
319635
329635
339637
349634
359688
369634
379635
389706
399635
409635
419634
429691
439639
449659
459634
469635
479636
489636
499700
509635
519635
529635
539638
549635
559634
569634
579635
589638
599634
609701
619636
629635
639637
649636
659635
669634
679638
689638
699636
709634
719696
729635
739636
749634
759645
769652
779634
789640
799634
809633
819635
829700
839638
849634
859634
869634
879634
889648
899633
909634
919633
929633
939717
949635
959655
969635
979635
989636
999633
9633
19634
29633
39642
49712
59634
69634
79623
89626
99626
109625
119625
129624
139625
149624
159690
169625
179624
189625
199625
209626
219626
229625
239626
249625
259626
269694
283591
289863
299867
309860
319865
329860
339864
349858
359865
369859
379865
389860
399863
409858
419865
429861
439864
449858
459910
469860
479906
489858
499865
509861
519865
529888
539865
549861
559863
569859
579866
589859
599868
609860
619866
629860
639864
649859
659885
669873
679877
689870
699877
709874
719946
729870
739876
749869
759878
769870
779877
789959
799874
809872
819878
829871
839875
849867
859874
869870
879877
889867
899873
910050
919878
929870
939884
949867
959873
970115
979877
989868
999873
10003
19879
29868
39872
49866
59872
69867
80396
89856
100366
110538
119856
129852
139858
149849
159856
169850
179856
189850
199856
209850
219855
229851
239857
249849
259861
269851
279857
289851
299856
309849
319856
329851
339854
349850
359853
369850
379855
389851
399854
409852
419857
429851
439854
449850
459856
469899
479856
489849
499855
509850
519858
529885
539855
549849
559854
569851
579856
589849
599859
609850
619857
629852
639855
649848
659853
669850
679860
689848
699853
709850
719856
729850
739855
749849
759853
769849
779855
789849
799938
809849
819856
829850
839853
849848
859854
869851
879857
889848
899854
909850
920021
929851
939858
949849
959855
969851
979856
989849
999854
9849
19855
29850
39855
49849
59855
69850
79847
89874
100009
109851
120325
129851
139857
149915
159853
169850
179856
189848
199856
209853
219857
229850
239856
249848
259856
269852
279857
289847
299855
309868
319859
329851
340290
349852
359857
369869
381648
389845
399853
409851
419858
429847
439851
449846
459852
469847
480001
489849
499855
510132
519868
529878
540035
549853
559855
569852
579859
589899
599861
609853
619861
629851
639854
649849
659854
669850
679860
689847
699856
709852
719857
729851
739858
749846
759854
769850
779859
790291
799855
809950
820167
830291
839854
849847
859853
869847
879859
889846
899856
909853
919856
930025
939851
949847
959852
969853
979850
989839
999844
9842
19846
29843
39846
49839
59846
69842
79837
89829
100362
109831
119839
130548
139837
149829
159835
169831
179838
189830
199834
209830
219891
229833
239833
249831
259836
269830
279838
289830
299835
309831
319836
329831
339834
349829
359835
369831
379838
389830
399835
409831
419836
429831
439834
449829
459834
469830
479842
489888
499837
509832
519836
529870
539836
549829
559839
569831
579838
589829
599833
609830
619835
629834
639837
649829
659833
669829
679836
689829
699833
709828
719834
729831
739834
749828
759834
769828
779836
789828
799835
809831
819926
829831
839835
849829
859833
869830
879836
889829
899833
909830
919837
929832
939930
949828
959835
969830
979876
989838
999846
9842
19849
29841
39910
49837
59844
69840
79838
89828
100297
109834
119838
129829
140517
149828
159834
169830
179836
189826
199835
209831
219837
229829
239835
249828
259850
269831
279836
290185
299834
309833
319833
329830
339837
349825
359831
369826
379834
389826
400489
409828
419828
429824
439825
449821
459825
469820
479879
489822
499874
509821
519826
529850
539824
549818
559825
569820
579827
589819
599829
609821
619825
629824
639828
649820
659824
669822
679827
689818
699827
709820
719827
729822
739827
749821
759825
769820
779827
789819
799825
809820
819827
829913
839824
849819
859824
869820
879826
889820
899824
909822
919830
929823
939827
949989
959823
969820
979826
989819
999823
9820
19826
29821
39824
49820
59824
69818
79817
89808
100285
109810
119817
129811
139817
150489
159814
169810
179815
189809
199813
209810
219815
229811
239815
249808
259815
269811
279816
289810
299815
309810
319815
329811
339815
349810
359819
369812
379816
389809
399813
409842
419833
429822
439825
449820
459828
469882
479827
489818
499825
509879
519832
529868
539839
549818
559827
569820
579827
589819
599826
609821
619826
629825
639823
650536
659825
669821
679830
689821
699827
709822
719825
729817
739826
749815
759825
769819
779825
789816
799821
809820
819826
829824
839911
849809
859814
869811
879818
889810
899814
909813
919817
929812
939817
949810
959997
969810
979818
989810
999815
9810
19816
29813
39815
49809
59817
69810
79807
89800
100296
109802
119807
129803
139809
149802
160485
169801
179809
189802
199805
209803
219808
229803
239805
249800
259806
269800
279809
289799
299805
309802
319807
329802
339810
349799
359807
369802
379808
389800
399804
409800
419807
429803
439805
449800
459804
469800
479851
489800
499806
509799
519854
529830
539804
549800
559804
569800
579806
589799
599803
609799
619806
629800
639804
649799
659808
669800
679807
689799
699805
709799
719806
729801
739805
749800
759804
769801
779807
789799
799804
809801
819806
829801
839935
849848
859814
869811
879818
889808
899883
909814
919819
929811
939817
949808
959819
969980
979816
989809
999816
9813
19818
29810
39814
49807
59814
69809
79804
89798
100275
109803
119822
129799
139806
149795
159803
170486
179803
189795
199808
209801
219802
229796
239802
249796
260084
269797
279796
289790
299793
309792
319797
329791
339793
349790
359794
369789
379796
389788
399793
409790
419794
429791
439794
449788
459794
469790
479796
489791
499793
509791
519796
529885
539796
549791
559794
569790
579796
589789
599793
609790
619798
629792
639794
649791
659794
669789
679800
689789
699792
709789
719796
729791
739793
749788
759793
769790
779799
789789
799793
809790
819795
829790
839793
849788
859883
869789
879796
889787
899793
909790
919798
929789
939794
949788
959793
969790
979962
989787
999792
9789
19794
29789
39793
49787
59793
69788
79785
89778
100238
109780
119786
129781
139784
149778
159784
169779
180277
189777
199783
209779
219784
229780
239783
249778
259783
269809
279802
289787
299797
309791
319799
329856
339795
349787
359794
369790
379797
389787
399795
409792
419797
429787
439794
449786
459794
469789
479845
489788
499795
511336
519798
529826
539847
549790
559794
569788
579794
589785
599793
609789
619794
629790
639794
649785
659796
669789
679797
689794
699788
709783
719789
729782
739786
749779
759785
769781
779788
789780
799783
809780
819784
829780
839784
849778
859784
869873
879787
889781
899784
909781
919786
929781
939783
949779
959785
969779
979787
989952
999784
9780
19786
29781
39784
49778
59785
69780
79775
89766
100256
109768
119774
129768
139775
149768
159772
169769
179775
190454
199776
209767
219775
229769
239772
249768
259773
269768
279776
289768
299773
309769
319773
329768
339773
349769
359771
369768
379773
389767
399771
409769
419772
429768
439773
449767
459772
469768
479773
489767
499772
509768
519775
529804
539775
549815
559774
569769
579775
589766
599772
609768
619774
629769
639773
649766
659773
669768
679775
689766
699809
709777
719785
729779
739786
749776
759842
769778
779784
789778
799785
809779
819785
829777
839783
849776
859783
869778
879875
889776
899784
909780
919785
929774
941358
949775
959783
969781
979791
989775
999963
9778
19782
29778
39784
49781
59784
69776
79773
89762
100260
109772
120218
129763
139764
149757
159762
169759
179767
189757
200446
209760
219763
229758
239762
249756
259761
269758
279764
289757
299762
309757
319766
329759
339764
349757
359763
369758
379764
389758
399761
409758
419763
429758
439763
449758
459763
469757
479807
489756
499763
509760
519765
529784
539763
549757
559993
569757
579765
589757
599762
609758
619763
629760
639764
649756
659763
669757
679791
689757
699766
709758
719763
729758
739763
749755
759763
769757
779765
789755
799760
809756
819762
829758
839763
849757
859760
869757
879764
889844
899760
909756
919761
929757
939761
949756
959761
969757
979764
989755
999762
9909
19762
29758
39761
49756
59762
69756
79754
89746
99908
109749
119755
129886
139768
149756
159763
169758
179768
189819
199763
210416
219770
229758
239764
249755
259762
269758
279764
289756
299762
309760
319765
329761
339762
349755
359763
369756
379761
389754
399763
409765
419772
429753
440098
449751
459761
469755
479764
489756
499762
509757
519764
529803
539763
550154
559763
569795
579755
589747
599751
609750
619752
629749
639754
649747
659752
669748
679754
689747
699752
709748
719755
729750
739751
749747
759754
769749
779754
789746
799757
809750
819759
829751
839753
849748
859754
869748
879755
889747
899751
909754
919754
929748
939755
949746
959753
969749
979753
989746
999751
9748
19923
29748
39752
49748
59751
69751
79743
89736
100253
109738
119743
129738
139744
149735
159741
169737
179742
189735
199742
209738
220417
229737
239740
249734
259740
269736
279743
289735
299740
309736
319741
329736
339743
349734
359741
369737
379743
389736
399740
409736
419742
429737
439740
449735
459741
469737
479834
489737
499741
509736
519741
529748
539740
549735
559765
569748
579787
589744
599752
609751
619822
629745
639751
649743
659751
669746
679755
689745
699758
709748
719758
729745
739752
749744
759750
769747
779755
789743
801527
809747
819754
829749
839755
849836
859753
869744
879752
889743
899748
909748
919754
929746
939747
949742
959750
969743
979809
989740
999743
9739
19743
29910
39740
49736
59741
69737
79732
89724
100253
109727
119731
129727
139733
149726
159731
169725
179734
189726
199730
209726
219732
230412
239730
249726
259733
269726
279733
289725
299730
309733
319731
329728
339729
349727
359730
369726
379732
389726
399731
409727
419731
429726
439729
449725
459731
469725
479733
489725
499734
509726
519732
529763
539731
549724
559729
569725
579734
589771
599729
609726
619731
629726
639730
649725
659728
669725
679732
689723
699731
709726
719733
729727
739731
749723
759729
769725
779732
789725
799728
809726
819731
829726
839731
849724
859810
869725
879732
889725
899729
909725
919731
929727
939729
949725
959729
969725
979732
989754
999746
9738
19747
29737
39888
49795
59738
69734
79731
89723
100197
109729
119733
129723
139729
149723
159729
169726
179732
189721
199729
209726
219731
229723
240429
249721
259731
269730
279734
289850
299729
309725
319733
329723
339733
349722
359732
369721
379730
389719
399728
409962
419728
429716
439718
449714
459718
469715
479772
489713
499721
509715
519720
529741
539718
549714
559718
569715
579722
589714
599772
609716
619721
629717
639718
649714
659719
669716
679722
689714
699718
709715
719721
729716
739723
749714
759719
769715
779722
789714
799718
809722
819720
829718
839720
849714
859718
869809
879721
889713
899717
909713
919719
929718
939719
949713
959718
969716
979719
989714
999719
9714
19721
29715
39719
49882
59719
69713
79710
89702
100174
109704
119709
129705
139711
149700
159708
169704
179710
189702
199707
209703
219708
229704
239708
250378
259707
269704
279709
289702
299707
309703
319709
329705
339707
349702
359713
369706
379709
389702
399707
409703
419740
429716
439720
449711
459718
469715
479784
489712
499719
509717
519720
529762
539721
549711
559716
569712
579720
589710
599719
609768
619720
629715
639718
649711
661597
669712
679721
689714
699722
709714
719718
729715
739715
749711
759720
769719
779720
789709
799716
809712
819717
829712
840258
849707
859709
869704
879805
889702
899708
909704
919711
929706
939709
949703
959708
969704
979709
989703
999706
9704
19710
29704
39709
49702
59883
69702
79698
89690
100193
109693
119697
129693
139697
149691
159696
169692
179699
189690
199695
209693
219696
