This file contains any messages produced by compilers while
running configure, to aid debugging if configure makes a mistake.

It was created by configure, which was
generated by GNU Autoconf 2.66.  Invocation command line was

  $ ./configure --prefix=/hss/sgw/SGW_HOME/ CC=aCC CFLAGS=-g +DD64 -w

## --------- ##
## Platform. ##
## --------- ##

hostname = hss4
uname -m = ia64
uname -r = B.11.31
uname -s = HP-UX
uname -v = U

/usr/bin/uname -p = unknown
/bin/uname -X     = unknown

/bin/arch              = unknown
/usr/bin/arch -k       = unknown
/usr/convex/getsysinfo = unknown
/usr/bin/hostinfo      = unknown
/bin/machine           = unknown
/usr/bin/oslevel       = unknown
/bin/universe          = unknown

PATH: /bea/bea/tuxedo8.1/bin
PATH: /opt/java1.5/bin
PATH: /hss/sgw/gnu_make/make-3.81/bin
PATH: /usr/bin
PATH: /usr/ccs/bin
PATH: /usr/contrib/bin
PATH: /usr/contrib/Q4/bin
PATH: /opt/perl/bin
PATH: /opt/gvsd/bin
PATH: /opt/ipf/bin
PATH: /opt/nettladm/bin
PATH: /opt/fcms/bin
PATH: /opt/wbem/bin
PATH: /opt/wbem/sbin
PATH: /opt/sas/bin
PATH: /opt/graphics/common/bin
PATH: /opt/atok/bin
PATH: /usr/bin/X11
PATH: /usr/contrib/bin/X11
PATH: /opt/sec_mgmt/bastille/bin
PATH: /opt/caliper/bin
PATH: /opt/drd/bin
PATH: /opt/dsau/bin
PATH: /opt/dsau/sbin
PATH: /opt/resmon/bin
PATH: /opt/firefox
PATH: /opt/gnome/bin
PATH: /opt/propplus/bin
PATH: /usr/contrib/kwdb/bin
PATH: /opt/perl_32/bin
PATH: /opt/perl_64/bin
PATH: /opt/prm/bin
PATH: /opt/sfm/bin
PATH: /opt/swm/bin
PATH: /opt/sec_mgmt/spc/bin
PATH: /opt/ssh/bin
PATH: /opt/swa/bin
PATH: /opt/hpsmh/bin
PATH: /opt/thunderbird
PATH: /opt/langtools/bin
PATH: /opt/gwlm/bin
PATH: /opt/ignite/bin
PATH: /opt/aCC/bin
PATH: /opt/cadvise/bin
PATH: /opt/sentinel/bin
PATH: /oracle/app/oracle/product/10.2/bin
PATH: .
PATH: /opt/java6/bin
PATH: /opt/java6/jre/bin
PATH: .
PATH: /hss/sgw/SGW_HOME/bin
PATH: .


## ----------- ##
## Core tests. ##
## ----------- ##

configure:2400: checking build system type
configure:2414: result: ia64-hp-hpux11.31
configure:2434: checking host system type
configure:2447: result: ia64-hp-hpux11.31
configure:2527: checking for a BSD-compatible install
configure:2595: result: ./install-sh -c
configure:2606: checking whether build environment is sane
configure:2656: result: yes
configure:2797: checking for a thread-safe mkdir -p
configure:2836: result: ./install-sh -c -d
configure:2849: checking for gawk
configure:2879: result: no
configure:2849: checking for mawk
configure:2879: result: no
configure:2849: checking for nawk
configure:2879: result: no
configure:2849: checking for awk
configure:2865: found /usr/bin/awk
configure:2876: result: awk
configure:2887: checking whether make sets $(MAKE)
configure:2909: result: yes
configure:3054: checking for gcc
configure:3081: result: aCC
configure:3310: checking for C compiler version
configure:3319: aCC --version >&5
aCC: HP C/aC++ B3910B A.06.15 [May 16 2007]
configure:3330: $? = 0
configure:3319: aCC -v >&5
configure:3330: $? = 0
configure:3319: aCC -V >&5
aCC: HP C/aC++ B3910B A.06.15 [May 16 2007]
configure:3330: $? = 0
configure:3319: aCC -qversion >&5
configure:3330: $? = 0
configure:3350: checking whether the C compiler works
configure:3372: aCC -g +DD64 -w   conftest.c  >&5
configure:3376: $? = 0
configure:3424: result: yes
configure:3427: checking for C compiler default output file name
configure:3429: result: a.out
configure:3435: checking for suffix of executables
configure:3442: aCC -o conftest -g +DD64 -w   conftest.c  >&5
configure:3446: $? = 0
configure:3468: result: 
configure:3490: checking whether we are cross compiling
configure:3498: aCC -o conftest -g +DD64 -w   conftest.c  >&5
configure:3502: $? = 0
configure:3509: ./conftest
configure:3513: $? = 0
configure:3528: result: no
configure:3533: checking for suffix of object files
configure:3555: aCC -c -g +DD64 -w  conftest.c >&5
configure:3559: $? = 0
configure:3580: result: o
configure:3584: checking whether we are using the GNU C compiler
configure:3603: aCC -c -g +DD64 -w  conftest.c >&5
"conftest.c", line 16: error #2020: identifier "choke" is undefined
         choke me
         ^

1 error detected in the compilation of "conftest.c".
configure:3603: $? = 2
configure: failed program was:
| /* confdefs.h */
| #define PACKAGE_NAME ""
| #define PACKAGE_TARNAME ""
| #define PACKAGE_VERSION ""
| #define PACKAGE_STRING ""
| #define PACKAGE_BUGREPORT ""
| #define PACKAGE_URL ""
| #define PACKAGE "libxml2"
| #define VERSION "2.7.8"
| /* end confdefs.h.  */
| 
| int
| main ()
| {
| #ifndef __GNUC__
|        choke me
| #endif
| 
|   ;
|   return 0;
| }
configure:3612: result: no
configure:3621: checking whether aCC accepts -g
configure:3641: aCC -c -g  conftest.c >&5
configure:3641: $? = 0
configure:3682: result: yes
configure:3699: checking for aCC option to accept ISO C89
configure:3763: aCC  -c -g +DD64 -w  conftest.c >&5
"conftest.c", line 18: error #2020: identifier "p" is undefined
  static char *e (p, i)
                  ^

"conftest.c", line 18: error #2020: identifier "i" is undefined
  static char *e (p, i)
                     ^

"conftest.c", line 19: error #2130: expected a "{"
       char **p;
       ^

"conftest.c", line 22: error #2020: identifier "p" is undefined
    return p[i];
           ^

"conftest.c", line 22: error #2020: identifier "i" is undefined
    return p[i];
             ^

5 errors detected in the compilation of "conftest.c".
configure:3763: $? = 2
configure: failed program was:
| /* confdefs.h */
| #define PACKAGE_NAME ""
| #define PACKAGE_TARNAME ""
| #define PACKAGE_VERSION ""
| #define PACKAGE_STRING ""
| #define PACKAGE_BUGREPORT ""
| #define PACKAGE_URL ""
| #define PACKAGE "libxml2"
| #define VERSION "2.7.8"
| /* end confdefs.h.  */
| #include <stdarg.h>
| #include <stdio.h>
| #include <sys/types.h>
| #include <sys/stat.h>
| /* Most of the following tests are stolen from RCS 5.7's src/conf.sh.  */
| struct buf { int x; };
| FILE * (*rcsopen) (struct buf *, struct stat *, int);
| static char *e (p, i)
|      char **p;
|      int i;
| {
|   return p[i];
| }
| static char *f (char * (*g) (char **, int), char **p, ...)
| {
|   char *s;
|   va_list v;
|   va_start (v,p);
|   s = g (p, va_arg (v,int));
|   va_end (v);
|   return s;
| }
| 
| /* OSF 4.0 Compaq cc is some sort of almost-ANSI by default.  It has
|    function prototypes and stuff, but not '\xHH' hex character constants.
|    These don't provoke an error unfortunately, instead are silently treated
|    as 'x'.  The following induces an error, until -std is added to get
|    proper ANSI mode.  Curiously '\x00'!='x' always comes out true, for an
|    array size at least.  It's necessary to write '\x00'==0 to get something
|    that's true only with -std.  */
| int osf4_cc_array ['\x00' == 0 ? 1 : -1];
| 
| /* IBM C 6 for AIX is almost-ANSI by default, but it replaces macro parameters
|    inside strings and character constants.  */
| #define FOO(x) 'x'
| int xlc6_cc_array[FOO(a) == 'x' ? 1 : -1];
| 
| int test (int i, double x);
| struct s1 {int (*f) (int a);};
| struct s2 {int (*f) (double a);};
| int pairnames (int, char **, FILE *(*)(struct buf *, struct stat *, int), int, int);
| int argc;
| char **argv;
| int
| main ()
| {
| return f (e, argv, 0) != argv[0]  ||  f (e, argv, 1) != argv[1];
|   ;
|   return 0;
| }
configure:3763: aCC -qlanglvl=extc89 -c -g +DD64 -w  conftest.c >&5
"conftest.c", line 18: error #2020: identifier "p" is undefined
  static char *e (p, i)
                  ^

"conftest.c", line 18: error #2020: identifier "i" is undefined
  static char *e (p, i)
                     ^

"conftest.c", line 19: error #2130: expected a "{"
       char **p;
       ^

"conftest.c", line 22: error #2020: identifier "p" is undefined
    return p[i];
           ^

"conftest.c", line 22: error #2020: identifier "i" is undefined
    return p[i];
             ^

5 errors detected in the compilation of "conftest.c".
configure:3763: $? = 2
configure: failed program was:
| /* confdefs.h */
| #define PACKAGE_NAME ""
| #define PACKAGE_TARNAME ""
| #define PACKAGE_VERSION ""
| #define PACKAGE_STRING ""
| #define PACKAGE_BUGREPORT ""
| #define PACKAGE_URL ""
| #define PACKAGE "libxml2"
| #define VERSION "2.7.8"
| /* end confdefs.h.  */
| #include <stdarg.h>
| #include <stdio.h>
| #include <sys/types.h>
| #include <sys/stat.h>
| /* Most of the following tests are stolen from RCS 5.7's src/conf.sh.  */
| struct buf { int x; };
| FILE * (*rcsopen) (struct buf *, struct stat *, int);
| static char *e (p, i)
|      char **p;
|      int i;
| {
|   return p[i];
| }
| static char *f (char * (*g) (char **, int), char **p, ...)
| {
|   char *s;
|   va_list v;
|   va_start (v,p);
|   s = g (p, va_arg (v,int));
|   va_end (v);
|   return s;
| }
| 
| /* OSF 4.0 Compaq cc is some sort of almost-ANSI by default.  It has
|    function prototypes and stuff, but not '\xHH' hex character constants.
|    These don't provoke an error unfortunately, instead are silently treated
|    as 'x'.  The following induces an error, until -std is added to get
|    proper ANSI mode.  Curiously '\x00'!='x' always comes out true, for an
|    array size at least.  It's necessary to write '\x00'==0 to get something
|    that's true only with -std.  */
| int osf4_cc_array ['\x00' == 0 ? 1 : -1];
| 
| /* IBM C 6 for AIX is almost-ANSI by default, but it replaces macro parameters
|    inside strings and character constants.  */
| #define FOO(x) 'x'
| int xlc6_cc_array[FOO(a) == 'x' ? 1 : -1];
| 
| int test (int i, double x);
| struct s1 {int (*f) (int a);};
| struct s2 {int (*f) (double a);};
| int pairnames (int, char **, FILE *(*)(struct buf *, struct stat *, int), int, int);
| int argc;
| char **argv;
| int
| main ()
| {
| return f (e, argv, 0) != argv[0]  ||  f (e, argv, 1) != argv[1];
|   ;
|   return 0;
| }
configure:3763: aCC -qlanglvl=ansi -c -g +DD64 -w  conftest.c >&5
"conftest.c", line 18: error #2020: identifier "p" is undefined
  static char *e (p, i)
                  ^

"conftest.c", line 18: error #2020: identifier "i" is undefined
  static char *e (p, i)
                     ^

"conftest.c", line 19: error #2130: expected a "{"
       char **p;
       ^

"conftest.c", line 22: error #2020: identifier "p" is undefined
    return p[i];
           ^

"conftest.c", line 22: error #2020: identifier "i" is undefined
    return p[i];
             ^

5 errors detected in the compilation of "conftest.c".
configure:3763: $? = 2
configure: failed program was:
| /* confdefs.h */
| #define PACKAGE_NAME ""
| #define PACKAGE_TARNAME ""
| #define PACKAGE_VERSION ""
| #define PACKAGE_STRING ""
| #define PACKAGE_BUGREPORT ""
| #define PACKAGE_URL ""
| #define PACKAGE "libxml2"
| #define VERSION "2.7.8"
| /* end confdefs.h.  */
| #include <stdarg.h>
| #include <stdio.h>
| #include <sys/types.h>
| #include <sys/stat.h>
| /* Most of the following tests are stolen from RCS 5.7's src/conf.sh.  */
| struct buf { int x; };
| FILE * (*rcsopen) (struct buf *, struct stat *, int);
| static char *e (p, i)
|      char **p;
|      int i;
| {
|   return p[i];
| }
| static char *f (char * (*g) (char **, int), char **p, ...)
| {
|   char *s;
|   va_list v;
|   va_start (v,p);
|   s = g (p, va_arg (v,int));
|   va_end (v);
|   return s;
| }
| 
| /* OSF 4.0 Compaq cc is some sort of almost-ANSI by default.  It has
|    function prototypes and stuff, but not '\xHH' hex character constants.
|    These don't provoke an error unfortunately, instead are silently treated
|    as 'x'.  The following induces an error, until -std is added to get
|    proper ANSI mode.  Curiously '\x00'!='x' always comes out true, for an
|    array size at least.  It's necessary to write '\x00'==0 to get something
|    that's true only with -std.  */
| int osf4_cc_array ['\x00' == 0 ? 1 : -1];
| 
| /* IBM C 6 for AIX is almost-ANSI by default, but it replaces macro parameters
|    inside strings and character constants.  */
| #define FOO(x) 'x'
| int xlc6_cc_array[FOO(a) == 'x' ? 1 : -1];
| 
| int test (int i, double x);
| struct s1 {int (*f) (int a);};
| struct s2 {int (*f) (double a);};
| int pairnames (int, char **, FILE *(*)(struct buf *, struct stat *, int), int, int);
| int argc;
| char **argv;
| int
| main ()
| {
| return f (e, argv, 0) != argv[0]  ||  f (e, argv, 1) != argv[1];
|   ;
|   return 0;
| }
configure:3763: aCC -std -c -g +DD64 -w  conftest.c >&5
aCC: error 1914: bad form for `-t' option
configure:3763: $? = 1
configure: failed program was:
| /* confdefs.h */
| #define PACKAGE_NAME ""
| #define PACKAGE_TARNAME ""
| #define PACKAGE_VERSION ""
| #define PACKAGE_STRING ""
| #define PACKAGE_BUGREPORT ""
| #define PACKAGE_URL ""
| #define PACKAGE "libxml2"
| #define VERSION "2.7.8"
| /* end confdefs.h.  */
| #include <stdarg.h>
| #include <stdio.h>
| #include <sys/types.h>
| #include <sys/stat.h>
| /* Most of the following tests are stolen from RCS 5.7's src/conf.sh.  */
| struct buf { int x; };
| FILE * (*rcsopen) (struct buf *, struct stat *, int);
| static char *e (p, i)
|      char **p;
|      int i;
| {
|   return p[i];
| }
| static char *f (char * (*g) (char **, int), char **p, ...)
| {
|   char *s;
|   va_list v;
|   va_start (v,p);
|   s = g (p, va_arg (v,int));
|   va_end (v);
|   return s;
| }
| 
| /* OSF 4.0 Compaq cc is some sort of almost-ANSI by default.  It has
|    function prototypes and stuff, but not '\xHH' hex character constants.
|    These don't provoke an error unfortunately, instead are silently treated
|    as 'x'.  The following induces an error, until -std is added to get
|    proper ANSI mode.  Curiously '\x00'!='x' always comes out true, for an
|    array size at least.  It's necessary to write '\x00'==0 to get something
|    that's true only with -std.  */
| int osf4_cc_array ['\x00' == 0 ? 1 : -1];
| 
| /* IBM C 6 for AIX is almost-ANSI by default, but it replaces macro parameters
|    inside strings and character constants.  */
| #define FOO(x) 'x'
| int xlc6_cc_array[FOO(a) == 'x' ? 1 : -1];
| 
| int test (int i, double x);
| struct s1 {int (*f) (int a);};
| struct s2 {int (*f) (double a);};
| int pairnames (int, char **, FILE *(*)(struct buf *, struct stat *, int), int, int);
| int argc;
| char **argv;
| int
| main ()
| {
| return f (e, argv, 0) != argv[0]  ||  f (e, argv, 1) != argv[1];
|   ;
|   return 0;
| }
configure:3763: aCC -Ae -c -g +DD64 -w  conftest.c >&5
configure:3763: $? = 0
configure:3783: result: -Ae
configure:3807: checking for style of include used by make
configure:3835: result: GNU
configure:3860: checking dependency style of aCC -Ae
configure:3970: result: hp2
configure:3992: checking how to run the C preprocessor
configure:4023: aCC -Ae -E  conftest.c
configure:4023: $? = 0
configure:4037: aCC -Ae -E  conftest.c
"conftest.c", line 11: error #2005-D: could not open source file "ac_nonexistent.h"
  #include <ac_nonexistent.h>
                             ^

1 error detected in the compilation of "conftest.c".
configure:4037: $? = 2
configure: failed program was:
| /* confdefs.h */
| #define PACKAGE_NAME ""
| #define PACKAGE_TARNAME ""
| #define PACKAGE_VERSION ""
| #define PACKAGE_STRING ""
| #define PACKAGE_BUGREPORT ""
| #define PACKAGE_URL ""
| #define PACKAGE "libxml2"
| #define VERSION "2.7.8"
| /* end confdefs.h.  */
| #include <ac_nonexistent.h>
configure:4062: result: aCC -Ae -E
configure:4082: aCC -Ae -E  conftest.c
configure:4082: $? = 0
configure:4096: aCC -Ae -E  conftest.c
"conftest.c", line 11: error #2005-D: could not open source file "ac_nonexistent.h"
  #include <ac_nonexistent.h>
                             ^

1 error detected in the compilation of "conftest.c".
configure:4096: $? = 2
configure: failed program was:
| /* confdefs.h */
| #define PACKAGE_NAME ""
| #define PACKAGE_TARNAME ""
| #define PACKAGE_VERSION ""
| #define PACKAGE_STRING ""
| #define PACKAGE_BUGREPORT ""
| #define PACKAGE_URL ""
| #define PACKAGE "libxml2"
| #define VERSION "2.7.8"
| /* end confdefs.h.  */
| #include <ac_nonexistent.h>
configure:4126: checking for rm
configure:4144: found /usr/bin/rm
configure:4157: result: /usr/bin/rm
configure:4167: checking for mv
configure:4185: found /usr/bin/mv
configure:4198: result: /usr/bin/mv
configure:4208: checking for tar
configure:4226: found /usr/bin/tar
configure:4239: result: /usr/bin/tar
configure:4249: checking for perl
configure:4267: found /usr/bin/perl
configure:4280: result: /usr/bin/perl
configure:4290: checking for wget
configure:4321: result: /usr/bin/wget
configure:4331: checking for xmllint
configure:4362: result: /usr/bin/xmllint
configure:4372: checking for xsltproc
configure:4403: result: /usr/bin/xsltproc
configure:4412: checking for function prototypes
configure:4415: result: yes
configure:4430: checking for grep that handles long lines and -e
configure:4488: result: /usr/bin/grep
configure:4493: checking for egrep
configure:4555: result: /usr/bin/grep -E
configure:4560: checking for ANSI C header files
configure:4580: aCC -Ae -c -g +DD64 -w  conftest.c >&5
configure:4580: $? = 0
configure:4653: aCC -Ae -o conftest -g +DD64 -w   conftest.c  >&5
configure:4653: $? = 0
configure:4653: ./conftest
configure:4653: $? = 0
configure:4664: result: yes
configure:4677: checking for sys/types.h
configure:4677: aCC -Ae -c -g +DD64 -w  conftest.c >&5
configure:4677: $? = 0
configure:4677: result: yes
configure:4677: checking for sys/stat.h
configure:4677: aCC -Ae -c -g +DD64 -w  conftest.c >&5
configure:4677: $? = 0
configure:4677: result: yes
configure:4677: checking for stdlib.h
configure:4677: aCC -Ae -c -g +DD64 -w  conftest.c >&5
configure:4677: $? = 0
configure:4677: result: yes
configure:4677: checking for string.h
configure:4677: aCC -Ae -c -g +DD64 -w  conftest.c >&5
configure:4677: $? = 0
configure:4677: result: yes
configure:4677: checking for memory.h
configure:4677: aCC -Ae -c -g +DD64 -w  conftest.c >&5
configure:4677: $? = 0
configure:4677: result: yes
configure:4677: checking for strings.h
configure:4677: aCC -Ae -c -g +DD64 -w  conftest.c >&5
configure:4677: $? = 0
configure:4677: result: yes
configure:4677: checking for inttypes.h
configure:4677: aCC -Ae -c -g +DD64 -w  conftest.c >&5
configure:4677: $? = 0
configure:4677: result: yes
configure:4677: checking for stdint.h
configure:4677: aCC -Ae -c -g +DD64 -w  conftest.c >&5
configure:4677: $? = 0
configure:4677: result: yes
configure:4677: checking for unistd.h
configure:4677: aCC -Ae -c -g +DD64 -w  conftest.c >&5
configure:4677: $? = 0
configure:4677: result: yes
configure:4699: checking for string.h
configure:4699: result: yes
configure:5061: checking how to print strings
configure:5090: result: print -r
configure:5109: checking for a sed that does not truncate output
configure:5173: result: /usr/bin/sed
configure:5191: checking for fgrep
configure:5253: result: /usr/bin/grep -F
configure:5321: checking for non-GNU ld
configure:5355: result: /usr/bin/ld
configure:5362: checking if the linker (/usr/bin/ld) is GNU ld
configure:5377: result: no
configure:5389: checking for BSD- or MS-compatible name lister (nm)
configure:5438: result: /usr/bin/nm -p
configure:5568: checking the name lister (/usr/bin/nm -p) interface
configure:5575: aCC -Ae -c -g +DD64 -w  conftest.c >&5
configure:5578: /usr/bin/nm -p "conftest.o"
configure:5581: output
0000000000000000000000 u  
0000000000000000000000 r  .debug_abbrev
0000000000000000000000 r  .debug_actual
0000000000000000000000 r  .debug_line
0000000000000000000000 r  .debug_macinfo
0000000000000000000000 r  .objdebug_const
0000000000000000000000 r  .objdebug_file
0000000000000000000000 r  .objdebug_type
0000000000000000000000 a  conftest.c
0000000000000000000000 D  some_variable
configure:5588: result: BSD nm
configure:5591: checking whether ln -s works
configure:5595: result: yes
configure:5603: checking the maximum length of command line arguments
configure:5728: result: 1536000
configure:5745: checking whether the shell understands some XSI constructs
configure:5755: result: yes
configure:5759: checking whether the shell understands "+="
configure:5765: result: no
configure:5800: checking for /usr/bin/ld option to reload object files
configure:5807: result: -r
configure:5876: checking for objdump
configure:5903: result: objdump
configure:5932: checking how to recognize dependent libraries
configure:6134: result: file_magic (s[0-9][0-9][0-9]|ELF-[0-9][0-9]) shared object file - IA64
configure:6194: checking for ar
configure:6210: found /usr/bin/ar
configure:6221: result: ar
configure:6299: checking for strip
configure:6315: found /usr/bin/strip
configure:6326: result: strip
configure:6398: checking for ranlib
configure:6414: found /usr/bin/ranlib
configure:6425: result: ranlib
configure:6527: checking command to parse /usr/bin/nm -p output from aCC -Ae object
configure:6645: aCC -Ae -c -g +DD64 -w  conftest.c >&5
configure:6648: $? = 0
configure:6652: /usr/bin/nm -p conftest.o \| sed -n -e 's/^.*[ ]\([ABCDEGRST][ABCDEGRST]*\)[ ][ ]*\([_A-Za-z][_A-Za-z0-9]*\)$/\1 \2 \2/p' \> conftest.nm
configure:6655: $? = 0
configure:6709: aCC -Ae -o conftest -g +DD64 -w   conftest.c conftstm.o >&5
configure:6712: $? = 0
configure:6750: result: ok
configure:6788: aCC -Ae -c -g +DD64 -w  conftest.c >&5
configure:6791: $? = 0
configure:7587: checking for dlfcn.h
configure:7587: aCC -Ae -c -g +DD64 -w  conftest.c >&5
configure:7587: $? = 0
configure:7587: result: yes
configure:7772: checking for objdir
configure:7787: result: .libs
configure:8113: checking for aCC -Ae option to produce PIC
configure:8398: result:  -DPIC
configure:8410: checking if aCC -Ae PIC flag  -DPIC works
configure:8428: aCC -Ae -c -g +DD64 -w   -DPIC -DPIC conftest.c >&5
configure:8432: $? = 0
configure:8445: result: yes
configure:8469: checking if aCC -Ae static flag -Wl,-a -Wl,archive works
configure:8497: result: no
configure:8512: checking if aCC -Ae supports -c -o file.o
configure:8533: aCC -Ae -c -g +DD64 -w  -o out/conftest2.o conftest.c >&5
configure:8537: $? = 0
configure:8559: result: yes
configure:8567: checking if aCC -Ae supports -c -o file.o
configure:8614: result: yes
configure:8647: checking whether the aCC -Ae linker (/usr/bin/ld) supports shared libraries
configure:9722: result: yes
configure:9967: checking dynamic linker characteristics
configure:10648: result: hpux11.31 dld.so
configure:10755: checking how to hardcode library paths into programs
configure:10780: result: immediate
configure:11320: checking whether stripping libraries is possible
configure:11342: result: no
configure:11360: checking if libtool supports shared libraries
configure:11362: result: yes
configure:11365: checking whether to build shared libraries
configure:11386: result: yes
configure:11389: checking whether to build static libraries
configure:11393: result: yes
configure:11888: checking zlib.h usability
configure:11888: aCC -Ae -c -g +DD64 -w  conftest.c >&5
"conftest.c", line 59: error #2005-D: could not open source file "zlib.h"
  #include <zlib.h>
                   ^

1 error detected in the compilation of "conftest.c".
configure:11888: $? = 2
configure: failed program was:
| /* confdefs.h */
| #define PACKAGE_NAME ""
| #define PACKAGE_TARNAME ""
| #define PACKAGE_VERSION ""
| #define PACKAGE_STRING ""
| #define PACKAGE_BUGREPORT ""
| #define PACKAGE_URL ""
| #define PACKAGE "libxml2"
| #define VERSION "2.7.8"
| #define PROTOTYPES 1
| #define __PROTOTYPES 1
| #define STDC_HEADERS 1
| #define HAVE_SYS_TYPES_H 1
| #define HAVE_SYS_STAT_H 1
| #define HAVE_STDLIB_H 1
| #define HAVE_STRING_H 1
| #define HAVE_MEMORY_H 1
| #define HAVE_STRINGS_H 1
| #define HAVE_INTTYPES_H 1
| #define HAVE_STDINT_H 1
| #define HAVE_UNISTD_H 1
| #define HAVE_STRING_H 1
| #define HAVE_DLFCN_H 1
| #define LT_OBJDIR ".libs/"
| /* end confdefs.h.  */
| #include <stdio.h>
| #ifdef HAVE_SYS_TYPES_H
| # include <sys/types.h>
| #endif
| #ifdef HAVE_SYS_STAT_H
| # include <sys/stat.h>
| #endif
| #ifdef STDC_HEADERS
| # include <stdlib.h>
| # include <stddef.h>
| #else
| # ifdef HAVE_STDLIB_H
| #  include <stdlib.h>
| # endif
| #endif
| #ifdef HAVE_STRING_H
| # if !defined STDC_HEADERS && defined HAVE_MEMORY_H
| #  include <memory.h>
| # endif
| # include <string.h>
| #endif
| #ifdef HAVE_STRINGS_H
| # include <strings.h>
| #endif
| #ifdef HAVE_INTTYPES_H
| # include <inttypes.h>
| #endif
| #ifdef HAVE_STDINT_H
| # include <stdint.h>
| #endif
| #ifdef HAVE_UNISTD_H
| # include <unistd.h>
| #endif
| #include <zlib.h>
configure:11888: result: no
configure:11888: checking zlib.h presence
configure:11888: aCC -Ae -E  conftest.c
"conftest.c", line 26: error #2005-D: could not open source file "zlib.h"
  #include <zlib.h>
                   ^

1 error detected in the compilation of "conftest.c".
configure:11888: $? = 2
configure: failed program was:
| /* confdefs.h */
| #define PACKAGE_NAME ""
| #define PACKAGE_TARNAME ""
| #define PACKAGE_VERSION ""
| #define PACKAGE_STRING ""
| #define PACKAGE_BUGREPORT ""
| #define PACKAGE_URL ""
| #define PACKAGE "libxml2"
| #define VERSION "2.7.8"
| #define PROTOTYPES 1
| #define __PROTOTYPES 1
| #define STDC_HEADERS 1
| #define HAVE_SYS_TYPES_H 1
| #define HAVE_SYS_STAT_H 1
| #define HAVE_STDLIB_H 1
| #define HAVE_STRING_H 1
| #define HAVE_MEMORY_H 1
| #define HAVE_STRINGS_H 1
| #define HAVE_INTTYPES_H 1
| #define HAVE_STDINT_H 1
| #define HAVE_UNISTD_H 1
| #define HAVE_STRING_H 1
| #define HAVE_DLFCN_H 1
| #define LT_OBJDIR ".libs/"
| /* end confdefs.h.  */
| #include <zlib.h>
configure:11888: result: no
configure:11888: checking for zlib.h
configure:11888: result: no
configure:11966: checking for dirent.h that defines DIR
configure:11985: aCC -Ae -c -g +DD64 -w  conftest.c >&5
configure:11985: $? = 0
configure:11993: result: yes
configure:12006: checking for library containing opendir
configure:12037: aCC -Ae -o conftest -g +DD64 -w   conftest.c  >&5
configure:12037: $? = 0
configure:12054: result: none required
configure:12121: checking for ANSI C header files
configure:12225: result: yes
configure:12235: checking fcntl.h usability
configure:12235: aCC -Ae -c -g +DD64 -w  conftest.c >&5
configure:12235: $? = 0
configure:12235: result: yes
configure:12235: checking fcntl.h presence
configure:12235: aCC -Ae -E  conftest.c
configure:12235: $? = 0
configure:12235: result: yes
configure:12235: checking for fcntl.h
configure:12235: result: yes
configure:12247: checking for unistd.h
configure:12247: result: yes
configure:12259: checking ctype.h usability
configure:12259: aCC -Ae -c -g +DD64 -w  conftest.c >&5
configure:12259: $? = 0
configure:12259: result: yes
configure:12259: checking ctype.h presence
configure:12259: aCC -Ae -E  conftest.c
configure:12259: $? = 0
configure:12259: result: yes
configure:12259: checking for ctype.h
configure:12259: result: yes
configure:12271: checking dirent.h usability
configure:12271: aCC -Ae -c -g +DD64 -w  conftest.c >&5
configure:12271: $? = 0
configure:12271: result: yes
configure:12271: checking dirent.h presence
configure:12271: aCC -Ae -E  conftest.c
configure:12271: $? = 0
configure:12271: result: yes
configure:12271: checking for dirent.h
configure:12271: result: yes
configure:12283: checking errno.h usability
configure:12283: aCC -Ae -c -g +DD64 -w  conftest.c >&5
configure:12283: $? = 0
configure:12283: result: yes
configure:12283: checking errno.h presence
configure:12283: aCC -Ae -E  conftest.c
configure:12283: $? = 0
configure:12283: result: yes
configure:12283: checking for errno.h
configure:12283: result: yes
configure:12295: checking malloc.h usability
configure:12295: aCC -Ae -c -g +DD64 -w  conftest.c >&5
configure:12295: $? = 0
configure:12295: result: yes
configure:12295: checking malloc.h presence
configure:12295: aCC -Ae -E  conftest.c
configure:12295: $? = 0
configure:12295: result: yes
configure:12295: checking for malloc.h
configure:12295: result: yes
configure:12307: checking stdarg.h usability
configure:12307: aCC -Ae -c -g +DD64 -w  conftest.c >&5
configure:12307: $? = 0
configure:12307: result: yes
configure:12307: checking stdarg.h presence
configure:12307: aCC -Ae -E  conftest.c
configure:12307: $? = 0
configure:12307: result: yes
configure:12307: checking for stdarg.h
configure:12307: result: yes
configure:12319: checking for sys/stat.h
configure:12319: result: yes
configure:12331: checking for sys/types.h
configure:12331: result: yes
configure:12343: checking for stdint.h
configure:12343: result: yes
configure:12355: checking inttypes.h.h usability
configure:12355: aCC -Ae -c -g +DD64 -w  conftest.c >&5
"conftest.c", line 71: error #2005-D: could not open source file "inttypes.h.h"
  #include <inttypes.h.h>
                         ^

1 error detected in the compilation of "conftest.c".
configure:12355: $? = 2
configure: failed program was:
| /* confdefs.h */
| #define PACKAGE_NAME ""
| #define PACKAGE_TARNAME ""
| #define PACKAGE_VERSION ""
| #define PACKAGE_STRING ""
| #define PACKAGE_BUGREPORT ""
| #define PACKAGE_URL ""
| #define PACKAGE "libxml2"
| #define VERSION "2.7.8"
| #define PROTOTYPES 1
| #define __PROTOTYPES 1
| #define STDC_HEADERS 1
| #define HAVE_SYS_TYPES_H 1
| #define HAVE_SYS_STAT_H 1
| #define HAVE_STDLIB_H 1
| #define HAVE_STRING_H 1
| #define HAVE_MEMORY_H 1
| #define HAVE_STRINGS_H 1
| #define HAVE_INTTYPES_H 1
| #define HAVE_STDINT_H 1
| #define HAVE_UNISTD_H 1
| #define HAVE_STRING_H 1
| #define HAVE_DLFCN_H 1
| #define LT_OBJDIR ".libs/"
| #define HAVE_DIRENT_H 1
| #define STDC_HEADERS 1
| #define HAVE_FCNTL_H 1
| #define HAVE_UNISTD_H 1
| #define HAVE_CTYPE_H 1
| #define HAVE_DIRENT_H 1
| #define HAVE_ERRNO_H 1
| #define HAVE_MALLOC_H 1
| #define HAVE_STDARG_H 1
| #define HAVE_SYS_STAT_H 1
| #define HAVE_SYS_TYPES_H 1
| #define HAVE_STDINT_H 1
| /* end confdefs.h.  */
| #include <stdio.h>
| #ifdef HAVE_SYS_TYPES_H
| # include <sys/types.h>
| #endif
| #ifdef HAVE_SYS_STAT_H
| # include <sys/stat.h>
| #endif
| #ifdef STDC_HEADERS
| # include <stdlib.h>
| # include <stddef.h>
| #else
| # ifdef HAVE_STDLIB_H
| #  include <stdlib.h>
| # endif
| #endif
| #ifdef HAVE_STRING_H
| # if !defined STDC_HEADERS && defined HAVE_MEMORY_H
| #  include <memory.h>
| # endif
| # include <string.h>
| #endif
| #ifdef HAVE_STRINGS_H
| # include <strings.h>
| #endif
| #ifdef HAVE_INTTYPES_H
| # include <inttypes.h>
| #endif
| #ifdef HAVE_STDINT_H
| # include <stdint.h>
| #endif
| #ifdef HAVE_UNISTD_H
| # include <unistd.h>
| #endif
| #include <inttypes.h.h>
configure:12355: result: no
configure:12355: checking inttypes.h.h presence
configure:12355: aCC -Ae -E  conftest.c
"conftest.c", line 38: error #2005-D: could not open source file "inttypes.h.h"
  #include <inttypes.h.h>
                         ^

1 error detected in the compilation of "conftest.c".
configure:12355: $? = 2
configure: failed program was:
| /* confdefs.h */
| #define PACKAGE_NAME ""
| #define PACKAGE_TARNAME ""
| #define PACKAGE_VERSION ""
| #define PACKAGE_STRING ""
| #define PACKAGE_BUGREPORT ""
| #define PACKAGE_URL ""
| #define PACKAGE "libxml2"
| #define VERSION "2.7.8"
| #define PROTOTYPES 1
| #define __PROTOTYPES 1
| #define STDC_HEADERS 1
| #define HAVE_SYS_TYPES_H 1
| #define HAVE_SYS_STAT_H 1
| #define HAVE_STDLIB_H 1
| #define HAVE_STRING_H 1
| #define HAVE_MEMORY_H 1
| #define HAVE_STRINGS_H 1
| #define HAVE_INTTYPES_H 1
| #define HAVE_STDINT_H 1
| #define HAVE_UNISTD_H 1
| #define HAVE_STRING_H 1
| #define HAVE_DLFCN_H 1
| #define LT_OBJDIR ".libs/"
| #define HAVE_DIRENT_H 1
| #define STDC_HEADERS 1
| #define HAVE_FCNTL_H 1
| #define HAVE_UNISTD_H 1
| #define HAVE_CTYPE_H 1
| #define HAVE_DIRENT_H 1
| #define HAVE_ERRNO_H 1
| #define HAVE_MALLOC_H 1
| #define HAVE_STDARG_H 1
| #define HAVE_SYS_STAT_H 1
| #define HAVE_SYS_TYPES_H 1
| #define HAVE_STDINT_H 1
| /* end confdefs.h.  */
| #include <inttypes.h.h>
configure:12355: result: no
configure:12355: checking for inttypes.h.h
configure:12355: result: no
configure:12367: checking time.h usability
configure:12367: aCC -Ae -c -g +DD64 -w  conftest.c >&5
configure:12367: $? = 0
configure:12367: result: yes
configure:12367: checking time.h presence
configure:12367: aCC -Ae -E  conftest.c
configure:12367: $? = 0
configure:12367: result: yes
configure:12367: checking for time.h
configure:12367: result: yes
configure:12379: checking ansidecl.h usability
configure:12379: aCC -Ae -c -g +DD64 -w  conftest.c >&5
"conftest.c", line 72: error #2005-D: could not open source file "ansidecl.h"
  #include <ansidecl.h>
                       ^

1 error detected in the compilation of "conftest.c".
configure:12379: $? = 2
configure: failed program was:
| /* confdefs.h */
| #define PACKAGE_NAME ""
| #define PACKAGE_TARNAME ""
| #define PACKAGE_VERSION ""
| #define PACKAGE_STRING ""
| #define PACKAGE_BUGREPORT ""
| #define PACKAGE_URL ""
| #define PACKAGE "libxml2"
| #define VERSION "2.7.8"
| #define PROTOTYPES 1
| #define __PROTOTYPES 1
| #define STDC_HEADERS 1
| #define HAVE_SYS_TYPES_H 1
| #define HAVE_SYS_STAT_H 1
| #define HAVE_STDLIB_H 1
| #define HAVE_STRING_H 1
| #define HAVE_MEMORY_H 1
| #define HAVE_STRINGS_H 1
| #define HAVE_INTTYPES_H 1
| #define HAVE_STDINT_H 1
| #define HAVE_UNISTD_H 1
| #define HAVE_STRING_H 1
| #define HAVE_DLFCN_H 1
| #define LT_OBJDIR ".libs/"
| #define HAVE_DIRENT_H 1
| #define STDC_HEADERS 1
| #define HAVE_FCNTL_H 1
| #define HAVE_UNISTD_H 1
| #define HAVE_CTYPE_H 1
| #define HAVE_DIRENT_H 1
| #define HAVE_ERRNO_H 1
| #define HAVE_MALLOC_H 1
| #define HAVE_STDARG_H 1
| #define HAVE_SYS_STAT_H 1
| #define HAVE_SYS_TYPES_H 1
| #define HAVE_STDINT_H 1
| #define HAVE_TIME_H 1
| /* end confdefs.h.  */
| #include <stdio.h>
| #ifdef HAVE_SYS_TYPES_H
| # include <sys/types.h>
| #endif
| #ifdef HAVE_SYS_STAT_H
| # include <sys/stat.h>
| #endif
| #ifdef STDC_HEADERS
| # include <stdlib.h>
| # include <stddef.h>
| #else
| # ifdef HAVE_STDLIB_H
| #  include <stdlib.h>
| # endif
| #endif
| #ifdef HAVE_STRING_H
| # if !defined STDC_HEADERS && defined HAVE_MEMORY_H
| #  include <memory.h>
| # endif
| # include <string.h>
| #endif
| #ifdef HAVE_STRINGS_H
| # include <strings.h>
| #endif
| #ifdef HAVE_INTTYPES_H
| # include <inttypes.h>
| #endif
| #ifdef HAVE_STDINT_H
| # include <stdint.h>
| #endif
| #ifdef HAVE_UNISTD_H
| # include <unistd.h>
| #endif
| #include <ansidecl.h>
configure:12379: result: no
configure:12379: checking ansidecl.h presence
configure:12379: aCC -Ae -E  conftest.c
"conftest.c", line 39: error #2005-D: could not open source file "ansidecl.h"
  #include <ansidecl.h>
                       ^

1 error detected in the compilation of "conftest.c".
configure:12379: $? = 2
configure: failed program was:
| /* confdefs.h */
| #define PACKAGE_NAME ""
| #define PACKAGE_TARNAME ""
| #define PACKAGE_VERSION ""
| #define PACKAGE_STRING ""
| #define PACKAGE_BUGREPORT ""
| #define PACKAGE_URL ""
| #define PACKAGE "libxml2"
| #define VERSION "2.7.8"
| #define PROTOTYPES 1
| #define __PROTOTYPES 1
| #define STDC_HEADERS 1
| #define HAVE_SYS_TYPES_H 1
| #define HAVE_SYS_STAT_H 1
| #define HAVE_STDLIB_H 1
| #define HAVE_STRING_H 1
| #define HAVE_MEMORY_H 1
| #define HAVE_STRINGS_H 1
| #define HAVE_INTTYPES_H 1
| #define HAVE_STDINT_H 1
| #define HAVE_UNISTD_H 1
| #define HAVE_STRING_H 1
| #define HAVE_DLFCN_H 1
| #define LT_OBJDIR ".libs/"
| #define HAVE_DIRENT_H 1
| #define STDC_HEADERS 1
| #define HAVE_FCNTL_H 1
| #define HAVE_UNISTD_H 1
| #define HAVE_CTYPE_H 1
| #define HAVE_DIRENT_H 1
| #define HAVE_ERRNO_H 1
| #define HAVE_MALLOC_H 1
| #define HAVE_STDARG_H 1
| #define HAVE_SYS_STAT_H 1
| #define HAVE_SYS_TYPES_H 1
| #define HAVE_STDINT_H 1
| #define HAVE_TIME_H 1
| /* end confdefs.h.  */
| #include <ansidecl.h>
configure:12379: result: no
configure:12379: checking for ansidecl.h
configure:12379: result: no
configure:12391: checking ieeefp.h usability
configure:12391: aCC -Ae -c -g +DD64 -w  conftest.c >&5
"conftest.c", line 72: error #2005-D: could not open source file "ieeefp.h"
  #include <ieeefp.h>
                     ^

1 error detected in the compilation of "conftest.c".
configure:12391: $? = 2
configure: failed program was:
| /* confdefs.h */
| #define PACKAGE_NAME ""
| #define PACKAGE_TARNAME ""
| #define PACKAGE_VERSION ""
| #define PACKAGE_STRING ""
| #define PACKAGE_BUGREPORT ""
| #define PACKAGE_URL ""
| #define PACKAGE "libxml2"
| #define VERSION "2.7.8"
| #define PROTOTYPES 1
| #define __PROTOTYPES 1
| #define STDC_HEADERS 1
| #define HAVE_SYS_TYPES_H 1
| #define HAVE_SYS_STAT_H 1
| #define HAVE_STDLIB_H 1
| #define HAVE_STRING_H 1
| #define HAVE_MEMORY_H 1
| #define HAVE_STRINGS_H 1
| #define HAVE_INTTYPES_H 1
| #define HAVE_STDINT_H 1
| #define HAVE_UNISTD_H 1
| #define HAVE_STRING_H 1
| #define HAVE_DLFCN_H 1
| #define LT_OBJDIR ".libs/"
| #define HAVE_DIRENT_H 1
| #define STDC_HEADERS 1
| #define HAVE_FCNTL_H 1
| #define HAVE_UNISTD_H 1
| #define HAVE_CTYPE_H 1
| #define HAVE_DIRENT_H 1
| #define HAVE_ERRNO_H 1
| #define HAVE_MALLOC_H 1
| #define HAVE_STDARG_H 1
| #define HAVE_SYS_STAT_H 1
| #define HAVE_SYS_TYPES_H 1
| #define HAVE_STDINT_H 1
| #define HAVE_TIME_H 1
| /* end confdefs.h.  */
| #include <stdio.h>
| #ifdef HAVE_SYS_TYPES_H
| # include <sys/types.h>
| #endif
| #ifdef HAVE_SYS_STAT_H
| # include <sys/stat.h>
| #endif
| #ifdef STDC_HEADERS
| # include <stdlib.h>
| # include <stddef.h>
| #else
| # ifdef HAVE_STDLIB_H
| #  include <stdlib.h>
| # endif
| #endif
| #ifdef HAVE_STRING_H
| # if !defined STDC_HEADERS && defined HAVE_MEMORY_H
| #  include <memory.h>
| # endif
| # include <string.h>
| #endif
| #ifdef HAVE_STRINGS_H
| # include <strings.h>
| #endif
| #ifdef HAVE_INTTYPES_H
| # include <inttypes.h>
| #endif
| #ifdef HAVE_STDINT_H
| # include <stdint.h>
| #endif
| #ifdef HAVE_UNISTD_H
| # include <unistd.h>
| #endif
| #include <ieeefp.h>
configure:12391: result: no
configure:12391: checking ieeefp.h presence
configure:12391: aCC -Ae -E  conftest.c
"conftest.c", line 39: error #2005-D: could not open source file "ieeefp.h"
  #include <ieeefp.h>
                     ^

1 error detected in the compilation of "conftest.c".
configure:12391: $? = 2
configure: failed program was:
| /* confdefs.h */
| #define PACKAGE_NAME ""
| #define PACKAGE_TARNAME ""
| #define PACKAGE_VERSION ""
| #define PACKAGE_STRING ""
| #define PACKAGE_BUGREPORT ""
| #define PACKAGE_URL ""
| #define PACKAGE "libxml2"
| #define VERSION "2.7.8"
| #define PROTOTYPES 1
| #define __PROTOTYPES 1
| #define STDC_HEADERS 1
| #define HAVE_SYS_TYPES_H 1
| #define HAVE_SYS_STAT_H 1
| #define HAVE_STDLIB_H 1
| #define HAVE_STRING_H 1
| #define HAVE_MEMORY_H 1
| #define HAVE_STRINGS_H 1
| #define HAVE_INTTYPES_H 1
| #define HAVE_STDINT_H 1
| #define HAVE_UNISTD_H 1
| #define HAVE_STRING_H 1
| #define HAVE_DLFCN_H 1
| #define LT_OBJDIR ".libs/"
| #define HAVE_DIRENT_H 1
| #define STDC_HEADERS 1
| #define HAVE_FCNTL_H 1
| #define HAVE_UNISTD_H 1
| #define HAVE_CTYPE_H 1
| #define HAVE_DIRENT_H 1
| #define HAVE_ERRNO_H 1
| #define HAVE_MALLOC_H 1
| #define HAVE_STDARG_H 1
| #define HAVE_SYS_STAT_H 1
| #define HAVE_SYS_TYPES_H 1
| #define HAVE_STDINT_H 1
| #define HAVE_TIME_H 1
| /* end confdefs.h.  */
| #include <ieeefp.h>
configure:12391: result: no
configure:12391: checking for ieeefp.h
configure:12391: result: no
configure:12403: checking nan.h usability
configure:12403: aCC -Ae -c -g +DD64 -w  conftest.c >&5
"conftest.c", line 72: error #2005-D: could not open source file "nan.h"
  #include <nan.h>
                  ^

1 error detected in the compilation of "conftest.c".
configure:12403: $? = 2
configure: failed program was:
| /* confdefs.h */
| #define PACKAGE_NAME ""
| #define PACKAGE_TARNAME ""
| #define PACKAGE_VERSION ""
| #define PACKAGE_STRING ""
| #define PACKAGE_BUGREPORT ""
| #define PACKAGE_URL ""
| #define PACKAGE "libxml2"
| #define VERSION "2.7.8"
| #define PROTOTYPES 1
| #define __PROTOTYPES 1
| #define STDC_HEADERS 1
| #define HAVE_SYS_TYPES_H 1
| #define HAVE_SYS_STAT_H 1
| #define HAVE_STDLIB_H 1
| #define HAVE_STRING_H 1
| #define HAVE_MEMORY_H 1
| #define HAVE_STRINGS_H 1
| #define HAVE_INTTYPES_H 1
| #define HAVE_STDINT_H 1
| #define HAVE_UNISTD_H 1
| #define HAVE_STRING_H 1
| #define HAVE_DLFCN_H 1
| #define LT_OBJDIR ".libs/"
| #define HAVE_DIRENT_H 1
| #define STDC_HEADERS 1
| #define HAVE_FCNTL_H 1
| #define HAVE_UNISTD_H 1
| #define HAVE_CTYPE_H 1
| #define HAVE_DIRENT_H 1
| #define HAVE_ERRNO_H 1
| #define HAVE_MALLOC_H 1
| #define HAVE_STDARG_H 1
| #define HAVE_SYS_STAT_H 1
| #define HAVE_SYS_TYPES_H 1
| #define HAVE_STDINT_H 1
| #define HAVE_TIME_H 1
| /* end confdefs.h.  */
| #include <stdio.h>
| #ifdef HAVE_SYS_TYPES_H
| # include <sys/types.h>
| #endif
| #ifdef HAVE_SYS_STAT_H
| # include <sys/stat.h>
| #endif
| #ifdef STDC_HEADERS
| # include <stdlib.h>
| # include <stddef.h>
| #else
| # ifdef HAVE_STDLIB_H
| #  include <stdlib.h>
| # endif
| #endif
| #ifdef HAVE_STRING_H
| # if !defined STDC_HEADERS && defined HAVE_MEMORY_H
| #  include <memory.h>
| # endif
| # include <string.h>
| #endif
| #ifdef HAVE_STRINGS_H
| # include <strings.h>
| #endif
| #ifdef HAVE_INTTYPES_H
| # include <inttypes.h>
| #endif
| #ifdef HAVE_STDINT_H
| # include <stdint.h>
| #endif
| #ifdef HAVE_UNISTD_H
| # include <unistd.h>
| #endif
| #include <nan.h>
configure:12403: result: no
configure:12403: checking nan.h presence
configure:12403: aCC -Ae -E  conftest.c
"conftest.c", line 39: error #2005-D: could not open source file "nan.h"
  #include <nan.h>
                  ^

1 error detected in the compilation of "conftest.c".
configure:12403: $? = 2
configure: failed program was:
| /* confdefs.h */
| #define PACKAGE_NAME ""
| #define PACKAGE_TARNAME ""
| #define PACKAGE_VERSION ""
| #define PACKAGE_STRING ""
| #define PACKAGE_BUGREPORT ""
| #define PACKAGE_URL ""
| #define PACKAGE "libxml2"
| #define VERSION "2.7.8"
| #define PROTOTYPES 1
| #define __PROTOTYPES 1
| #define STDC_HEADERS 1
| #define HAVE_SYS_TYPES_H 1
| #define HAVE_SYS_STAT_H 1
| #define HAVE_STDLIB_H 1
| #define HAVE_STRING_H 1
| #define HAVE_MEMORY_H 1
| #define HAVE_STRINGS_H 1
| #define HAVE_INTTYPES_H 1
| #define HAVE_STDINT_H 1
| #define HAVE_UNISTD_H 1
| #define HAVE_STRING_H 1
| #define HAVE_DLFCN_H 1
| #define LT_OBJDIR ".libs/"
| #define HAVE_DIRENT_H 1
| #define STDC_HEADERS 1
| #define HAVE_FCNTL_H 1
| #define HAVE_UNISTD_H 1
| #define HAVE_CTYPE_H 1
| #define HAVE_DIRENT_H 1
| #define HAVE_ERRNO_H 1
| #define HAVE_MALLOC_H 1
| #define HAVE_STDARG_H 1
| #define HAVE_SYS_STAT_H 1
| #define HAVE_SYS_TYPES_H 1
| #define HAVE_STDINT_H 1
| #define HAVE_TIME_H 1
| /* end confdefs.h.  */
| #include <nan.h>
configure:12403: result: no
configure:12403: checking for nan.h
configure:12403: result: no
configure:12415: checking math.h usability
configure:12415: aCC -Ae -c -g +DD64 -w  conftest.c >&5
configure:12415: $? = 0
configure:12415: result: yes
configure:12415: checking math.h presence
configure:12415: aCC -Ae -E  conftest.c
configure:12415: $? = 0
configure:12415: result: yes
configure:12415: checking for math.h
configure:12415: result: yes
configure:12427: checking limits.h usability
configure:12427: aCC -Ae -c -g +DD64 -w  conftest.c >&5
configure:12427: $? = 0
configure:12427: result: yes
configure:12427: checking limits.h presence
configure:12427: aCC -Ae -E  conftest.c
configure:12427: $? = 0
configure:12427: result: yes
configure:12427: checking for limits.h
configure:12427: result: yes
configure:12439: checking fp_class.h usability
configure:12439: aCC -Ae -c -g +DD64 -w  conftest.c >&5
"conftest.c", line 74: error #2005-D: could not open source file "fp_class.h"
  #include <fp_class.h>
                       ^

1 error detected in the compilation of "conftest.c".
configure:12439: $? = 2
configure: failed program was:
| /* confdefs.h */
| #define PACKAGE_NAME ""
| #define PACKAGE_TARNAME ""
| #define PACKAGE_VERSION ""
| #define PACKAGE_STRING ""
| #define PACKAGE_BUGREPORT ""
| #define PACKAGE_URL ""
| #define PACKAGE "libxml2"
| #define VERSION "2.7.8"
| #define PROTOTYPES 1
| #define __PROTOTYPES 1
| #define STDC_HEADERS 1
| #define HAVE_SYS_TYPES_H 1
| #define HAVE_SYS_STAT_H 1
| #define HAVE_STDLIB_H 1
| #define HAVE_STRING_H 1
| #define HAVE_MEMORY_H 1
| #define HAVE_STRINGS_H 1
| #define HAVE_INTTYPES_H 1
| #define HAVE_STDINT_H 1
| #define HAVE_UNISTD_H 1
| #define HAVE_STRING_H 1
| #define HAVE_DLFCN_H 1
| #define LT_OBJDIR ".libs/"
| #define HAVE_DIRENT_H 1
| #define STDC_HEADERS 1
| #define HAVE_FCNTL_H 1
| #define HAVE_UNISTD_H 1
| #define HAVE_CTYPE_H 1
| #define HAVE_DIRENT_H 1
| #define HAVE_ERRNO_H 1
| #define HAVE_MALLOC_H 1
| #define HAVE_STDARG_H 1
| #define HAVE_SYS_STAT_H 1
| #define HAVE_SYS_TYPES_H 1
| #define HAVE_STDINT_H 1
| #define HAVE_TIME_H 1
| #define HAVE_MATH_H 1
| #define HAVE_LIMITS_H 1
| /* end confdefs.h.  */
| #include <stdio.h>
| #ifdef HAVE_SYS_TYPES_H
| # include <sys/types.h>
| #endif
| #ifdef HAVE_SYS_STAT_H
| # include <sys/stat.h>
| #endif
| #ifdef STDC_HEADERS
| # include <stdlib.h>
| # include <stddef.h>
| #else
| # ifdef HAVE_STDLIB_H
| #  include <stdlib.h>
| # endif
| #endif
| #ifdef HAVE_STRING_H
| # if !defined STDC_HEADERS && defined HAVE_MEMORY_H
| #  include <memory.h>
| # endif
| # include <string.h>
| #endif
| #ifdef HAVE_STRINGS_H
| # include <strings.h>
| #endif
| #ifdef HAVE_INTTYPES_H
| # include <inttypes.h>
| #endif
| #ifdef HAVE_STDINT_H
| # include <stdint.h>
| #endif
| #ifdef HAVE_UNISTD_H
| # include <unistd.h>
| #endif
| #include <fp_class.h>
configure:12439: result: no
configure:12439: checking fp_class.h presence
configure:12439: aCC -Ae -E  conftest.c
"conftest.c", line 41: error #2005-D: could not open source file "fp_class.h"
  #include <fp_class.h>
                       ^

1 error detected in the compilation of "conftest.c".
configure:12439: $? = 2
configure: failed program was:
| /* confdefs.h */
| #define PACKAGE_NAME ""
| #define PACKAGE_TARNAME ""
| #define PACKAGE_VERSION ""
| #define PACKAGE_STRING ""
| #define PACKAGE_BUGREPORT ""
| #define PACKAGE_URL ""
| #define PACKAGE "libxml2"
| #define VERSION "2.7.8"
| #define PROTOTYPES 1
| #define __PROTOTYPES 1
| #define STDC_HEADERS 1
| #define HAVE_SYS_TYPES_H 1
| #define HAVE_SYS_STAT_H 1
| #define HAVE_STDLIB_H 1
| #define HAVE_STRING_H 1
| #define HAVE_MEMORY_H 1
| #define HAVE_STRINGS_H 1
| #define HAVE_INTTYPES_H 1
| #define HAVE_STDINT_H 1
| #define HAVE_UNISTD_H 1
| #define HAVE_STRING_H 1
| #define HAVE_DLFCN_H 1
| #define LT_OBJDIR ".libs/"
| #define HAVE_DIRENT_H 1
| #define STDC_HEADERS 1
| #define HAVE_FCNTL_H 1
| #define HAVE_UNISTD_H 1
| #define HAVE_CTYPE_H 1
| #define HAVE_DIRENT_H 1
| #define HAVE_ERRNO_H 1
| #define HAVE_MALLOC_H 1
| #define HAVE_STDARG_H 1
| #define HAVE_SYS_STAT_H 1
| #define HAVE_SYS_TYPES_H 1
| #define HAVE_STDINT_H 1
| #define HAVE_TIME_H 1
| #define HAVE_MATH_H 1
| #define HAVE_LIMITS_H 1
| /* end confdefs.h.  */
| #include <fp_class.h>
configure:12439: result: no
configure:12439: checking for fp_class.h
configure:12439: result: no
configure:12451: checking float.h usability
configure:12451: aCC -Ae -c -g +DD64 -w  conftest.c >&5
configure:12451: $? = 0
configure:12451: result: yes
configure:12451: checking float.h presence
configure:12451: aCC -Ae -E  conftest.c
configure:12451: $? = 0
configure:12451: result: yes
configure:12451: checking for float.h
configure:12451: result: yes
configure:12463: checking for stdlib.h
configure:12463: result: yes
configure:12475: checking for sys/socket.h
configure:12475: aCC -Ae -c -g +DD64 -w  conftest.c >&5
configure:12475: $? = 0
configure:12475: result: yes
configure:12491: checking for netinet/in.h
configure:12491: aCC -Ae -c -g +DD64 -w  conftest.c >&5
configure:12491: $? = 0
configure:12491: result: yes
configure:12507: checking for arpa/inet.h
configure:12507: aCC -Ae -c -g +DD64 -w  conftest.c >&5
configure:12507: $? = 0
configure:12507: result: yes
configure:12526: checking netdb.h usability
configure:12526: aCC -Ae -c -g +DD64 -w  conftest.c >&5
configure:12526: $? = 0
configure:12526: result: yes
configure:12526: checking netdb.h presence
configure:12526: aCC -Ae -E  conftest.c
configure:12526: $? = 0
configure:12526: result: yes
configure:12526: checking for netdb.h
configure:12526: result: yes
configure:12538: checking sys/time.h usability
configure:12538: aCC -Ae -c -g +DD64 -w  conftest.c >&5
configure:12538: $? = 0
configure:12538: result: yes
configure:12538: checking sys/time.h presence
configure:12538: aCC -Ae -E  conftest.c
configure:12538: $? = 0
configure:12538: result: yes
configure:12538: checking for sys/time.h
configure:12538: result: yes
configure:12550: checking sys/select.h usability
configure:12550: aCC -Ae -c -g +DD64 -w  conftest.c >&5
configure:12550: $? = 0
configure:12550: result: yes
configure:12550: checking sys/select.h presence
configure:12550: aCC -Ae -E  conftest.c
configure:12550: $? = 0
configure:12550: result: yes
configure:12550: checking for sys/select.h
configure:12550: result: yes
configure:12562: checking poll.h usability
configure:12562: aCC -Ae -c -g +DD64 -w  conftest.c >&5
configure:12562: $? = 0
configure:12562: result: yes
configure:12562: checking poll.h presence
configure:12562: aCC -Ae -E  conftest.c
configure:12562: $? = 0
configure:12562: result: yes
configure:12562: checking for poll.h
configure:12562: result: yes
configure:12574: checking sys/mman.h usability
configure:12574: aCC -Ae -c -g +DD64 -w  conftest.c >&5
configure:12574: $? = 0
configure:12574: result: yes
configure:12574: checking sys/mman.h presence
configure:12574: aCC -Ae -E  conftest.c
configure:12574: $? = 0
configure:12574: result: yes
configure:12574: checking for sys/mman.h
configure:12574: result: yes
configure:12586: checking sys/timeb.h usability
configure:12586: aCC -Ae -c -g +DD64 -w  conftest.c >&5
configure:12586: $? = 0
configure:12586: result: yes
configure:12586: checking sys/timeb.h presence
configure:12586: aCC -Ae -E  conftest.c
configure:12586: $? = 0
configure:12586: result: yes
configure:12586: checking for sys/timeb.h
configure:12586: result: yes
configure:12598: checking signal.h usability
configure:12598: aCC -Ae -c -g +DD64 -w  conftest.c >&5
configure:12598: $? = 0
configure:12598: result: yes
configure:12598: checking signal.h presence
configure:12598: aCC -Ae -E  conftest.c
configure:12598: $? = 0
configure:12598: result: yes
configure:12598: checking for signal.h
configure:12598: result: yes
configure:12610: checking for arpa/nameser.h
configure:12610: aCC -Ae -c -g +DD64 -w  conftest.c >&5
configure:12610: $? = 0
configure:12610: result: yes
configure:12626: checking for resolv.h
configure:12626: aCC -Ae -c -g +DD64 -w  conftest.c >&5
configure:12626: $? = 0
configure:12626: result: yes
configure:12648: checking dl.h usability
configure:12648: aCC -Ae -c -g +DD64 -w  conftest.c >&5
configure:12648: $? = 0
configure:12648: result: yes
configure:12648: checking dl.h presence
configure:12648: aCC -Ae -E  conftest.c
configure:12648: $? = 0
configure:12648: result: yes
configure:12648: checking for dl.h
configure:12648: result: yes
configure:12660: checking for dlfcn.h
configure:12660: result: yes
configure:12676: checking for strftime
configure:12676: aCC -Ae -o conftest -g +DD64 -w   conftest.c  >&5
configure:12676: $? = 0
configure:12676: result: yes
configure:12732: checking for strdup
configure:12732: aCC -Ae -o conftest -g +DD64 -w   conftest.c  >&5
configure:12732: $? = 0
configure:12732: result: yes
configure:12732: checking for strndup
configure:12732: aCC -Ae -o conftest -g +DD64 -w   conftest.c  >&5
ld: Unsatisfied symbol "strndup" in file conftest.o
1 errors.
configure:12732: $? = 1
configure: failed program was:
| /* confdefs.h */
| #define PACKAGE_NAME ""
| #define PACKAGE_TARNAME ""
| #define PACKAGE_VERSION ""
| #define PACKAGE_STRING ""
| #define PACKAGE_BUGREPORT ""
| #define PACKAGE_URL ""
| #define PACKAGE "libxml2"
| #define VERSION "2.7.8"
| #define PROTOTYPES 1
| #define __PROTOTYPES 1
| #define STDC_HEADERS 1
| #define HAVE_SYS_TYPES_H 1
| #define HAVE_SYS_STAT_H 1
| #define HAVE_STDLIB_H 1
| #define HAVE_STRING_H 1
| #define HAVE_MEMORY_H 1
| #define HAVE_STRINGS_H 1
| #define HAVE_INTTYPES_H 1
| #define HAVE_STDINT_H 1
| #define HAVE_UNISTD_H 1
| #define HAVE_STRING_H 1
| #define HAVE_DLFCN_H 1
| #define LT_OBJDIR ".libs/"
| #define HAVE_DIRENT_H 1
| #define STDC_HEADERS 1
| #define HAVE_FCNTL_H 1
| #define HAVE_UNISTD_H 1
| #define HAVE_CTYPE_H 1
| #define HAVE_DIRENT_H 1
| #define HAVE_ERRNO_H 1
| #define HAVE_MALLOC_H 1
| #define HAVE_STDARG_H 1
| #define HAVE_SYS_STAT_H 1
| #define HAVE_SYS_TYPES_H 1
| #define HAVE_STDINT_H 1
| #define HAVE_TIME_H 1
| #define HAVE_MATH_H 1
| #define HAVE_LIMITS_H 1
| #define HAVE_FLOAT_H 1
| #define HAVE_STDLIB_H 1
| #define HAVE_SYS_SOCKET_H 1
| #define HAVE_NETINET_IN_H 1
| #define HAVE_ARPA_INET_H 1
| #define HAVE_NETDB_H 1
| #define HAVE_SYS_TIME_H 1
| #define HAVE_SYS_SELECT_H 1
| #define HAVE_POLL_H 1
| #define HAVE_SYS_MMAN_H 1
| #define HAVE_SYS_TIMEB_H 1
| #define HAVE_SIGNAL_H 1
| #define HAVE_ARPA_NAMESER_H 1
| #define HAVE_RESOLV_H 1
| #define HAVE_DL_H 1
| #define HAVE_DLFCN_H 1
| #define HAVE_STRFTIME 1
| #define HAVE_STRDUP 1
| /* end confdefs.h.  */
| /* Define strndup to an innocuous variant, in case <limits.h> declares strndup.
|    For example, HP-UX 11i <limits.h> declares gettimeofday.  */
| #define strndup innocuous_strndup
| 
| /* System header to define __stub macros and hopefully few prototypes,
|     which can conflict with char strndup (); below.
|     Prefer <limits.h> to <assert.h> if __STDC__ is defined, since
|     <limits.h> exists even on freestanding compilers.  */
| 
| #ifdef __STDC__
| # include <limits.h>
| #else
| # include <assert.h>
| #endif
| 
| #undef strndup
| 
| /* Override any GCC internal prototype to avoid an error.
|    Use char because int might match the return type of a GCC
|    builtin and then its argument prototype would still apply.  */
| #ifdef __cplusplus
| extern "C"
| #endif
| char strndup ();
| /* The GNU C library defines this for functions which it implements
|     to always fail with ENOSYS.  Some functions are actually named
|     something starting with __ and the normal name is an alias.  */
| #if defined __stub_strndup || defined __stub___strndup
| choke me
| #endif
| 
| int
| main ()
| {
| return strndup ();
|   ;
|   return 0;
| }
configure:12732: result: no
configure:12732: checking for strerror
configure:12732: aCC -Ae -o conftest -g +DD64 -w   conftest.c  >&5
configure:12732: $? = 0
configure:12732: result: yes
configure:12744: checking for finite
configure:12744: aCC -Ae -o conftest -g +DD64 -w   conftest.c  >&5
ld: Unsatisfied symbol "finite" in file conftest.o
1 errors.
configure:12744: $? = 1
configure: failed program was:
| /* confdefs.h */
| #define PACKAGE_NAME ""
| #define PACKAGE_TARNAME ""
| #define PACKAGE_VERSION ""
| #define PACKAGE_STRING ""
| #define PACKAGE_BUGREPORT ""
| #define PACKAGE_URL ""
| #define PACKAGE "libxml2"
| #define VERSION "2.7.8"
| #define PROTOTYPES 1
| #define __PROTOTYPES 1
| #define STDC_HEADERS 1
| #define HAVE_SYS_TYPES_H 1
| #define HAVE_SYS_STAT_H 1
| #define HAVE_STDLIB_H 1
| #define HAVE_STRING_H 1
| #define HAVE_MEMORY_H 1
| #define HAVE_STRINGS_H 1
| #define HAVE_INTTYPES_H 1
| #define HAVE_STDINT_H 1
| #define HAVE_UNISTD_H 1
| #define HAVE_STRING_H 1
| #define HAVE_DLFCN_H 1
| #define LT_OBJDIR ".libs/"
| #define HAVE_DIRENT_H 1
| #define STDC_HEADERS 1
| #define HAVE_FCNTL_H 1
| #define HAVE_UNISTD_H 1
| #define HAVE_CTYPE_H 1
| #define HAVE_DIRENT_H 1
| #define HAVE_ERRNO_H 1
| #define HAVE_MALLOC_H 1
| #define HAVE_STDARG_H 1
| #define HAVE_SYS_STAT_H 1
| #define HAVE_SYS_TYPES_H 1
| #define HAVE_STDINT_H 1
| #define HAVE_TIME_H 1
| #define HAVE_MATH_H 1
| #define HAVE_LIMITS_H 1
| #define HAVE_FLOAT_H 1
| #define HAVE_STDLIB_H 1
| #define HAVE_SYS_SOCKET_H 1
| #define HAVE_NETINET_IN_H 1
| #define HAVE_ARPA_INET_H 1
| #define HAVE_NETDB_H 1
| #define HAVE_SYS_TIME_H 1
| #define HAVE_SYS_SELECT_H 1
| #define HAVE_POLL_H 1
| #define HAVE_SYS_MMAN_H 1
| #define HAVE_SYS_TIMEB_H 1
| #define HAVE_SIGNAL_H 1
| #define HAVE_ARPA_NAMESER_H 1
| #define HAVE_RESOLV_H 1
| #define HAVE_DL_H 1
| #define HAVE_DLFCN_H 1
| #define HAVE_STRFTIME 1
| #define HAVE_STRDUP 1
| #define HAVE_STRERROR 1
| /* end confdefs.h.  */
| /* Define finite to an innocuous variant, in case <limits.h> declares finite.
|    For example, HP-UX 11i <limits.h> declares gettimeofday.  */
| #define finite innocuous_finite
| 
| /* System header to define __stub macros and hopefully few prototypes,
|     which can conflict with char finite (); below.
|     Prefer <limits.h> to <assert.h> if __STDC__ is defined, since
|     <limits.h> exists even on freestanding compilers.  */
| 
| #ifdef __STDC__
| # include <limits.h>
| #else
| # include <assert.h>
| #endif
| 
| #undef finite
| 
| /* Override any GCC internal prototype to avoid an error.
|    Use char because int might match the return type of a GCC
|    builtin and then its argument prototype would still apply.  */
| #ifdef __cplusplus
| extern "C"
| #endif
| char finite ();
| /* The GNU C library defines this for functions which it implements
|     to always fail with ENOSYS.  Some functions are actually named
|     something starting with __ and the normal name is an alias.  */
| #if defined __stub_finite || defined __stub___finite
| choke me
| #endif
| 
| int
| main ()
| {
| return finite ();
|   ;
|   return 0;
| }
configure:12744: result: no
configure:12744: checking for isnand
configure:12744: aCC -Ae -o conftest -g +DD64 -w   conftest.c  >&5
ld: Unsatisfied symbol "isnand" in file conftest.o
1 errors.
configure:12744: $? = 1
configure: failed program was:
| /* confdefs.h */
| #define PACKAGE_NAME ""
| #define PACKAGE_TARNAME ""
| #define PACKAGE_VERSION ""
| #define PACKAGE_STRING ""
| #define PACKAGE_BUGREPORT ""
| #define PACKAGE_URL ""
| #define PACKAGE "libxml2"
| #define VERSION "2.7.8"
| #define PROTOTYPES 1
| #define __PROTOTYPES 1
| #define STDC_HEADERS 1
| #define HAVE_SYS_TYPES_H 1
| #define HAVE_SYS_STAT_H 1
| #define HAVE_STDLIB_H 1
| #define HAVE_STRING_H 1
| #define HAVE_MEMORY_H 1
| #define HAVE_STRINGS_H 1
| #define HAVE_INTTYPES_H 1
| #define HAVE_STDINT_H 1
| #define HAVE_UNISTD_H 1
| #define HAVE_STRING_H 1
| #define HAVE_DLFCN_H 1
| #define LT_OBJDIR ".libs/"
| #define HAVE_DIRENT_H 1
| #define STDC_HEADERS 1
| #define HAVE_FCNTL_H 1
| #define HAVE_UNISTD_H 1
| #define HAVE_CTYPE_H 1
| #define HAVE_DIRENT_H 1
| #define HAVE_ERRNO_H 1
| #define HAVE_MALLOC_H 1
| #define HAVE_STDARG_H 1
| #define HAVE_SYS_STAT_H 1
| #define HAVE_SYS_TYPES_H 1
| #define HAVE_STDINT_H 1
| #define HAVE_TIME_H 1
| #define HAVE_MATH_H 1
| #define HAVE_LIMITS_H 1
| #define HAVE_FLOAT_H 1
| #define HAVE_STDLIB_H 1
| #define HAVE_SYS_SOCKET_H 1
| #define HAVE_NETINET_IN_H 1
| #define HAVE_ARPA_INET_H 1
| #define HAVE_NETDB_H 1
| #define HAVE_SYS_TIME_H 1
| #define HAVE_SYS_SELECT_H 1
| #define HAVE_POLL_H 1
| #define HAVE_SYS_MMAN_H 1
| #define HAVE_SYS_TIMEB_H 1
| #define HAVE_SIGNAL_H 1
| #define HAVE_ARPA_NAMESER_H 1
| #define HAVE_RESOLV_H 1
| #define HAVE_DL_H 1
| #define HAVE_DLFCN_H 1
| #define HAVE_STRFTIME 1
| #define HAVE_STRDUP 1
| #define HAVE_STRERROR 1
| /* end confdefs.h.  */
| /* Define isnand to an innocuous variant, in case <limits.h> declares isnand.
|    For example, HP-UX 11i <limits.h> declares gettimeofday.  */
| #define isnand innocuous_isnand
| 
| /* System header to define __stub macros and hopefully few prototypes,
|     which can conflict with char isnand (); below.
|     Prefer <limits.h> to <assert.h> if __STDC__ is defined, since
|     <limits.h> exists even on freestanding compilers.  */
| 
| #ifdef __STDC__
| # include <limits.h>
| #else
| # include <assert.h>
| #endif
| 
| #undef isnand
| 
| /* Override any GCC internal prototype to avoid an error.
|    Use char because int might match the return type of a GCC
|    builtin and then its argument prototype would still apply.  */
| #ifdef __cplusplus
| extern "C"
| #endif
| char isnand ();
| /* The GNU C library defines this for functions which it implements
|     to always fail with ENOSYS.  Some functions are actually named
|     something starting with __ and the normal name is an alias.  */
| #if defined __stub_isnand || defined __stub___isnand
| choke me
| #endif
| 
| int
| main ()
| {
| return isnand ();
|   ;
|   return 0;
| }
configure:12744: result: no
configure:12744: checking for fp_class
configure:12744: aCC -Ae -o conftest -g +DD64 -w   conftest.c  >&5
ld: Unsatisfied symbol "fp_class" in file conftest.o
1 errors.
configure:12744: $? = 1
configure: failed program was:
| /* confdefs.h */
| #define PACKAGE_NAME ""
| #define PACKAGE_TARNAME ""
| #define PACKAGE_VERSION ""
| #define PACKAGE_STRING ""
| #define PACKAGE_BUGREPORT ""
| #define PACKAGE_URL ""
| #define PACKAGE "libxml2"
| #define VERSION "2.7.8"
| #define PROTOTYPES 1
| #define __PROTOTYPES 1
| #define STDC_HEADERS 1
| #define HAVE_SYS_TYPES_H 1
| #define HAVE_SYS_STAT_H 1
| #define HAVE_STDLIB_H 1
| #define HAVE_STRING_H 1
| #define HAVE_MEMORY_H 1
| #define HAVE_STRINGS_H 1
| #define HAVE_INTTYPES_H 1
| #define HAVE_STDINT_H 1
| #define HAVE_UNISTD_H 1
| #define HAVE_STRING_H 1
| #define HAVE_DLFCN_H 1
| #define LT_OBJDIR ".libs/"
| #define HAVE_DIRENT_H 1
| #define STDC_HEADERS 1
| #define HAVE_FCNTL_H 1
| #define HAVE_UNISTD_H 1
| #define HAVE_CTYPE_H 1
| #define HAVE_DIRENT_H 1
| #define HAVE_ERRNO_H 1
| #define HAVE_MALLOC_H 1
| #define HAVE_STDARG_H 1
| #define HAVE_SYS_STAT_H 1
| #define HAVE_SYS_TYPES_H 1
| #define HAVE_STDINT_H 1
| #define HAVE_TIME_H 1
| #define HAVE_MATH_H 1
| #define HAVE_LIMITS_H 1
| #define HAVE_FLOAT_H 1
| #define HAVE_STDLIB_H 1
| #define HAVE_SYS_SOCKET_H 1
| #define HAVE_NETINET_IN_H 1
| #define HAVE_ARPA_INET_H 1
| #define HAVE_NETDB_H 1
| #define HAVE_SYS_TIME_H 1
| #define HAVE_SYS_SELECT_H 1
| #define HAVE_POLL_H 1
| #define HAVE_SYS_MMAN_H 1
| #define HAVE_SYS_TIMEB_H 1
| #define HAVE_SIGNAL_H 1
| #define HAVE_ARPA_NAMESER_H 1
| #define HAVE_RESOLV_H 1
| #define HAVE_DL_H 1
| #define HAVE_DLFCN_H 1
| #define HAVE_STRFTIME 1
| #define HAVE_STRDUP 1
| #define HAVE_STRERROR 1
| /* end confdefs.h.  */
| /* Define fp_class to an innocuous variant, in case <limits.h> declares fp_class.
|    For example, HP-UX 11i <limits.h> declares gettimeofday.  */
| #define fp_class innocuous_fp_class
| 
| /* System header to define __stub macros and hopefully few prototypes,
|     which can conflict with char fp_class (); below.
|     Prefer <limits.h> to <assert.h> if __STDC__ is defined, since
|     <limits.h> exists even on freestanding compilers.  */
| 
| #ifdef __STDC__
| # include <limits.h>
| #else
| # include <assert.h>
| #endif
| 
| #undef fp_class
| 
| /* Override any GCC internal prototype to avoid an error.
|    Use char because int might match the return type of a GCC
|    builtin and then its argument prototype would still apply.  */
| #ifdef __cplusplus
| extern "C"
| #endif
| char fp_class ();
| /* The GNU C library defines this for functions which it implements
|     to always fail with ENOSYS.  Some functions are actually named
|     something starting with __ and the normal name is an alias.  */
| #if defined __stub_fp_class || defined __stub___fp_class
| choke me
| #endif
| 
| int
| main ()
| {
| return fp_class ();
|   ;
|   return 0;
| }
configure:12744: result: no
configure:12744: checking for class
configure:12744: aCC -Ae -o conftest -g +DD64 -w   conftest.c  >&5
ld: Unsatisfied symbol "class" in file conftest.o
1 errors.
configure:12744: $? = 1
configure: failed program was:
| /* confdefs.h */
| #define PACKAGE_NAME ""
| #define PACKAGE_TARNAME ""
| #define PACKAGE_VERSION ""
| #define PACKAGE_STRING ""
| #define PACKAGE_BUGREPORT ""
| #define PACKAGE_URL ""
| #define PACKAGE "libxml2"
| #define VERSION "2.7.8"
| #define PROTOTYPES 1
| #define __PROTOTYPES 1
| #define STDC_HEADERS 1
| #define HAVE_SYS_TYPES_H 1
| #define HAVE_SYS_STAT_H 1
| #define HAVE_STDLIB_H 1
| #define HAVE_STRING_H 1
| #define HAVE_MEMORY_H 1
| #define HAVE_STRINGS_H 1
| #define HAVE_INTTYPES_H 1
| #define HAVE_STDINT_H 1
| #define HAVE_UNISTD_H 1
| #define HAVE_STRING_H 1
| #define HAVE_DLFCN_H 1
| #define LT_OBJDIR ".libs/"
| #define HAVE_DIRENT_H 1
| #define STDC_HEADERS 1
| #define HAVE_FCNTL_H 1
| #define HAVE_UNISTD_H 1
| #define HAVE_CTYPE_H 1
| #define HAVE_DIRENT_H 1
| #define HAVE_ERRNO_H 1
| #define HAVE_MALLOC_H 1
| #define HAVE_STDARG_H 1
| #define HAVE_SYS_STAT_H 1
| #define HAVE_SYS_TYPES_H 1
| #define HAVE_STDINT_H 1
| #define HAVE_TIME_H 1
| #define HAVE_MATH_H 1
| #define HAVE_LIMITS_H 1
| #define HAVE_FLOAT_H 1
| #define HAVE_STDLIB_H 1
| #define HAVE_SYS_SOCKET_H 1
| #define HAVE_NETINET_IN_H 1
| #define HAVE_ARPA_INET_H 1
| #define HAVE_NETDB_H 1
| #define HAVE_SYS_TIME_H 1
| #define HAVE_SYS_SELECT_H 1
| #define HAVE_POLL_H 1
| #define HAVE_SYS_MMAN_H 1
| #define HAVE_SYS_TIMEB_H 1
| #define HAVE_SIGNAL_H 1
| #define HAVE_ARPA_NAMESER_H 1
| #define HAVE_RESOLV_H 1
| #define HAVE_DL_H 1
| #define HAVE_DLFCN_H 1
| #define HAVE_STRFTIME 1
| #define HAVE_STRDUP 1
| #define HAVE_STRERROR 1
| /* end confdefs.h.  */
| /* Define class to an innocuous variant, in case <limits.h> declares class.
|    For example, HP-UX 11i <limits.h> declares gettimeofday.  */
| #define class innocuous_class
| 
| /* System header to define __stub macros and hopefully few prototypes,
|     which can conflict with char class (); below.
|     Prefer <limits.h> to <assert.h> if __STDC__ is defined, since
|     <limits.h> exists even on freestanding compilers.  */
| 
| #ifdef __STDC__
| # include <limits.h>
| #else
| # include <assert.h>
| #endif
| 
| #undef class
| 
| /* Override any GCC internal prototype to avoid an error.
|    Use char because int might match the return type of a GCC
|    builtin and then its argument prototype would still apply.  */
| #ifdef __cplusplus
| extern "C"
| #endif
| char class ();
| /* The GNU C library defines this for functions which it implements
|     to always fail with ENOSYS.  Some functions are actually named
|     something starting with __ and the normal name is an alias.  */
| #if defined __stub_class || defined __stub___class
| choke me
| #endif
| 
| int
| main ()
| {
| return class ();
|   ;
|   return 0;
| }
configure:12744: result: no
configure:12744: checking for fpclass
configure:12744: aCC -Ae -o conftest -g +DD64 -w   conftest.c  >&5
ld: Unsatisfied symbol "fpclass" in file conftest.o
1 errors.
configure:12744: $? = 1
configure: failed program was:
| /* confdefs.h */
| #define PACKAGE_NAME ""
| #define PACKAGE_TARNAME ""
| #define PACKAGE_VERSION ""
| #define PACKAGE_STRING ""
| #define PACKAGE_BUGREPORT ""
| #define PACKAGE_URL ""
| #define PACKAGE "libxml2"
| #define VERSION "2.7.8"
| #define PROTOTYPES 1
| #define __PROTOTYPES 1
| #define STDC_HEADERS 1
| #define HAVE_SYS_TYPES_H 1
| #define HAVE_SYS_STAT_H 1
| #define HAVE_STDLIB_H 1
| #define HAVE_STRING_H 1
| #define HAVE_MEMORY_H 1
| #define HAVE_STRINGS_H 1
| #define HAVE_INTTYPES_H 1
| #define HAVE_STDINT_H 1
| #define HAVE_UNISTD_H 1
| #define HAVE_STRING_H 1
| #define HAVE_DLFCN_H 1
| #define LT_OBJDIR ".libs/"
| #define HAVE_DIRENT_H 1
| #define STDC_HEADERS 1
| #define HAVE_FCNTL_H 1
| #define HAVE_UNISTD_H 1
| #define HAVE_CTYPE_H 1
| #define HAVE_DIRENT_H 1
| #define HAVE_ERRNO_H 1
| #define HAVE_MALLOC_H 1
| #define HAVE_STDARG_H 1
| #define HAVE_SYS_STAT_H 1
| #define HAVE_SYS_TYPES_H 1
| #define HAVE_STDINT_H 1
| #define HAVE_TIME_H 1
| #define HAVE_MATH_H 1
| #define HAVE_LIMITS_H 1
| #define HAVE_FLOAT_H 1
| #define HAVE_STDLIB_H 1
| #define HAVE_SYS_SOCKET_H 1
| #define HAVE_NETINET_IN_H 1
| #define HAVE_ARPA_INET_H 1
| #define HAVE_NETDB_H 1
| #define HAVE_SYS_TIME_H 1
| #define HAVE_SYS_SELECT_H 1
| #define HAVE_POLL_H 1
| #define HAVE_SYS_MMAN_H 1
| #define HAVE_SYS_TIMEB_H 1
| #define HAVE_SIGNAL_H 1
| #define HAVE_ARPA_NAMESER_H 1
| #define HAVE_RESOLV_H 1
| #define HAVE_DL_H 1
| #define HAVE_DLFCN_H 1
| #define HAVE_STRFTIME 1
| #define HAVE_STRDUP 1
| #define HAVE_STRERROR 1
| /* end confdefs.h.  */
| /* Define fpclass to an innocuous variant, in case <limits.h> declares fpclass.
|    For example, HP-UX 11i <limits.h> declares gettimeofday.  */
| #define fpclass innocuous_fpclass
| 
| /* System header to define __stub macros and hopefully few prototypes,
|     which can conflict with char fpclass (); below.
|     Prefer <limits.h> to <assert.h> if __STDC__ is defined, since
|     <limits.h> exists even on freestanding compilers.  */
| 
| #ifdef __STDC__
| # include <limits.h>
| #else
| # include <assert.h>
| #endif
| 
| #undef fpclass
| 
| /* Override any GCC internal prototype to avoid an error.
|    Use char because int might match the return type of a GCC
|    builtin and then its argument prototype would still apply.  */
| #ifdef __cplusplus
| extern "C"
| #endif
| char fpclass ();
| /* The GNU C library defines this for functions which it implements
|     to always fail with ENOSYS.  Some functions are actually named
|     something starting with __ and the normal name is an alias.  */
| #if defined __stub_fpclass || defined __stub___fpclass
| choke me
| #endif
| 
| int
| main ()
| {
| return fpclass ();
|   ;
|   return 0;
| }
configure:12744: result: no
configure:12756: checking for strftime
configure:12756: result: yes
configure:12756: checking for localtime
configure:12756: aCC -Ae -o conftest -g +DD64 -w   conftest.c  >&5
configure:12756: $? = 0
configure:12756: result: yes
configure:12756: checking for gettimeofday
configure:12756: aCC -Ae -o conftest -g +DD64 -w   conftest.c  >&5
configure:12756: $? = 0
configure:12756: result: yes
configure:12756: checking for ftime
configure:12756: aCC -Ae -o conftest -g +DD64 -w   conftest.c  >&5
configure:12756: $? = 0
configure:12756: result: yes
configure:12768: checking for stat
configure:12768: aCC -Ae -o conftest -g +DD64 -w   conftest.c  >&5
configure:12768: $? = 0
configure:12768: result: yes
configure:12768: checking for _stat
configure:12768: aCC -Ae -o conftest -g +DD64 -w   conftest.c  >&5
configure:12768: $? = 0
configure:12768: result: yes
configure:12768: checking for signal
configure:12768: aCC -Ae -o conftest -g +DD64 -w   conftest.c  >&5
configure:12768: $? = 0
configure:12768: result: yes
configure:12781: checking for printf
configure:12781: aCC -Ae -o conftest -g +DD64 -w   conftest.c  >&5
configure:12781: $? = 0
configure:12781: result: yes
configure:12781: checking for sprintf
configure:12781: aCC -Ae -o conftest -g +DD64 -w   conftest.c  >&5
configure:12781: $? = 0
configure:12781: result: yes
configure:12781: checking for fprintf
configure:12781: aCC -Ae -o conftest -g +DD64 -w   conftest.c  >&5
configure:12781: $? = 0
configure:12781: result: yes
configure:12781: checking for snprintf
configure:12781: aCC -Ae -o conftest -g +DD64 -w   conftest.c  >&5
configure:12781: $? = 0
configure:12781: result: yes
configure:12781: checking for vfprintf
configure:12781: aCC -Ae -o conftest -g +DD64 -w   conftest.c  >&5
configure:12781: $? = 0
configure:12781: result: yes
configure:12781: checking for vsprintf
configure:12781: aCC -Ae -o conftest -g +DD64 -w   conftest.c  >&5
configure:12781: $? = 0
configure:12781: result: yes
configure:12781: checking for vsnprintf
configure:12781: aCC -Ae -o conftest -g +DD64 -w   conftest.c  >&5
configure:12781: $? = 0
configure:12781: result: yes
configure:12781: checking for sscanf
configure:12781: aCC -Ae -o conftest -g +DD64 -w   conftest.c  >&5
configure:12781: $? = 0
configure:12781: result: yes
configure:12793: checking for va_copy
configure:12807: aCC -Ae -o conftest -g +DD64 -w   conftest.c  >&5
configure:12807: $? = 0
configure:12814: result: yes
configure:12851: checking for library containing gethostent
configure:12882: aCC -Ae -o conftest -g +DD64 -w   conftest.c  >&5
configure:12882: $? = 0
configure:12899: result: none required
configure:12907: checking for library containing setsockopt
configure:12938: aCC -Ae -o conftest -g +DD64 -w   conftest.c  >&5
configure:12938: $? = 0
configure:12955: result: none required
configure:12963: checking for library containing connect
configure:12994: aCC -Ae -o conftest -g +DD64 -w   conftest.c  >&5
configure:12994: $? = 0
configure:13011: result: none required
configure:13020: checking for type of socket length (socklen_t)
configure:13034: aCC -Ae -c -g +DD64 -w  conftest.c >&5
configure:13037: result: socklen_t *
configure:13107: checking whether to enable IPv6
configure:13139: aCC -Ae -c -g +DD64 -w  conftest.c >&5
configure:13139: $? = 0
configure:13146: result: yes
configure:13155: checking struct sockaddr::ss_family
configure:13174: aCC -Ae -c -g +DD64 -w  conftest.c >&5
configure:13174: $? = 0
configure:13181: result: yes
configure:13226: checking for getaddrinfo
configure:13226: aCC -Ae -o conftest -g +DD64 -w   conftest.c  >&5
configure:13226: $? = 0
configure:13226: result: yes
configure:13287: checking for isnan
configure:13287: aCC -Ae -o conftest -g +DD64 -w   conftest.c  >&5
ld: Unsatisfied symbol "isnan" in file conftest.o
1 errors.
configure:13287: $? = 1
configure: failed program was:
| /* confdefs.h */
| #define PACKAGE_NAME ""
| #define PACKAGE_TARNAME ""
| #define PACKAGE_VERSION ""
| #define PACKAGE_STRING ""
| #define PACKAGE_BUGREPORT ""
| #define PACKAGE_URL ""
| #define PACKAGE "libxml2"
| #define VERSION "2.7.8"
| #define PROTOTYPES 1
| #define __PROTOTYPES 1
| #define STDC_HEADERS 1
| #define HAVE_SYS_TYPES_H 1
| #define HAVE_SYS_STAT_H 1
| #define HAVE_STDLIB_H 1
| #define HAVE_STRING_H 1
| #define HAVE_MEMORY_H 1
| #define HAVE_STRINGS_H 1
| #define HAVE_INTTYPES_H 1
| #define HAVE_STDINT_H 1
| #define HAVE_UNISTD_H 1
| #define HAVE_STRING_H 1
| #define HAVE_DLFCN_H 1
| #define LT_OBJDIR ".libs/"
| #define HAVE_DIRENT_H 1
| #define STDC_HEADERS 1
| #define HAVE_FCNTL_H 1
| #define HAVE_UNISTD_H 1
| #define HAVE_CTYPE_H 1
| #define HAVE_DIRENT_H 1
| #define HAVE_ERRNO_H 1
| #define HAVE_MALLOC_H 1
| #define HAVE_STDARG_H 1
| #define HAVE_SYS_STAT_H 1
| #define HAVE_SYS_TYPES_H 1
| #define HAVE_STDINT_H 1
| #define HAVE_TIME_H 1
| #define HAVE_MATH_H 1
| #define HAVE_LIMITS_H 1
| #define HAVE_FLOAT_H 1
| #define HAVE_STDLIB_H 1
| #define HAVE_SYS_SOCKET_H 1
| #define HAVE_NETINET_IN_H 1
| #define HAVE_ARPA_INET_H 1
| #define HAVE_NETDB_H 1
| #define HAVE_SYS_TIME_H 1
| #define HAVE_SYS_SELECT_H 1
| #define HAVE_POLL_H 1
| #define HAVE_SYS_MMAN_H 1
| #define HAVE_SYS_TIMEB_H 1
| #define HAVE_SIGNAL_H 1
| #define HAVE_ARPA_NAMESER_H 1
| #define HAVE_RESOLV_H 1
| #define HAVE_DL_H 1
| #define HAVE_DLFCN_H 1
| #define HAVE_STRFTIME 1
| #define HAVE_STRDUP 1
| #define HAVE_STRERROR 1
| #define HAVE_STRFTIME 1
| #define HAVE_LOCALTIME 1
| #define HAVE_GETTIMEOFDAY 1
| #define HAVE_FTIME 1
| #define HAVE_STAT 1
| #define HAVE__STAT 1
| #define HAVE_SIGNAL 1
| #define HAVE_PRINTF 1
| #define HAVE_SPRINTF 1
| #define HAVE_FPRINTF 1
| #define HAVE_SNPRINTF 1
| #define HAVE_VFPRINTF 1
| #define HAVE_VSPRINTF 1
| #define HAVE_VSNPRINTF 1
| #define HAVE_SSCANF 1
| #define HAVE_VA_COPY 1
| #define XML_SOCKLEN_T socklen_t
| #define SUPPORT_IP6 /**/
| #define HAVE_GETADDRINFO /**/
| /* end confdefs.h.  */
| /* Define isnan to an innocuous variant, in case <limits.h> declares isnan.
|    For example, HP-UX 11i <limits.h> declares gettimeofday.  */
| #define isnan innocuous_isnan
| 
| /* System header to define __stub macros and hopefully few prototypes,
|     which can conflict with char isnan (); below.
|     Prefer <limits.h> to <assert.h> if __STDC__ is defined, since
|     <limits.h> exists even on freestanding compilers.  */
| 
| #ifdef __STDC__
| # include <limits.h>
| #else
| # include <assert.h>
| #endif
| 
| #undef isnan
| 
| /* Override any GCC internal prototype to avoid an error.
|    Use char because int might match the return type of a GCC
|    builtin and then its argument prototype would still apply.  */
| #ifdef __cplusplus
| extern "C"
| #endif
| char isnan ();
| /* The GNU C library defines this for functions which it implements
|     to always fail with ENOSYS.  Some functions are actually named
|     something starting with __ and the normal name is an alias.  */
| #if defined __stub_isnan || defined __stub___isnan
| choke me
| #endif
| 
| int
| main ()
| {
| return isnan ();
|   ;
|   return 0;
| }
configure:13287: result: no
configure:13293: checking for isnan in -lm
configure:13318: aCC -Ae -o conftest -g +DD64 -w   conftest.c -lm   >&5
configure:13318: $? = 0
configure:13327: result: yes
configure:13338: checking for isinf
configure:13338: aCC -Ae -o conftest -g +DD64 -w   conftest.c  >&5
ld: Unsatisfied symbol "isinf" in file conftest.o
1 errors.
configure:13338: $? = 1
configure: failed program was:
| /* confdefs.h */
| #define PACKAGE_NAME ""
| #define PACKAGE_TARNAME ""
| #define PACKAGE_VERSION ""
| #define PACKAGE_STRING ""
| #define PACKAGE_BUGREPORT ""
| #define PACKAGE_URL ""
| #define PACKAGE "libxml2"
| #define VERSION "2.7.8"
| #define PROTOTYPES 1
| #define __PROTOTYPES 1
| #define STDC_HEADERS 1
| #define HAVE_SYS_TYPES_H 1
| #define HAVE_SYS_STAT_H 1
| #define HAVE_STDLIB_H 1
| #define HAVE_STRING_H 1
| #define HAVE_MEMORY_H 1
| #define HAVE_STRINGS_H 1
| #define HAVE_INTTYPES_H 1
| #define HAVE_STDINT_H 1
| #define HAVE_UNISTD_H 1
| #define HAVE_STRING_H 1
| #define HAVE_DLFCN_H 1
| #define LT_OBJDIR ".libs/"
| #define HAVE_DIRENT_H 1
| #define STDC_HEADERS 1
| #define HAVE_FCNTL_H 1
| #define HAVE_UNISTD_H 1
| #define HAVE_CTYPE_H 1
| #define HAVE_DIRENT_H 1
| #define HAVE_ERRNO_H 1
| #define HAVE_MALLOC_H 1
| #define HAVE_STDARG_H 1
| #define HAVE_SYS_STAT_H 1
| #define HAVE_SYS_TYPES_H 1
| #define HAVE_STDINT_H 1
| #define HAVE_TIME_H 1
| #define HAVE_MATH_H 1
| #define HAVE_LIMITS_H 1
| #define HAVE_FLOAT_H 1
| #define HAVE_STDLIB_H 1
| #define HAVE_SYS_SOCKET_H 1
| #define HAVE_NETINET_IN_H 1
| #define HAVE_ARPA_INET_H 1
| #define HAVE_NETDB_H 1
| #define HAVE_SYS_TIME_H 1
| #define HAVE_SYS_SELECT_H 1
| #define HAVE_POLL_H 1
| #define HAVE_SYS_MMAN_H 1
| #define HAVE_SYS_TIMEB_H 1
| #define HAVE_SIGNAL_H 1
| #define HAVE_ARPA_NAMESER_H 1
| #define HAVE_RESOLV_H 1
| #define HAVE_DL_H 1
| #define HAVE_DLFCN_H 1
| #define HAVE_STRFTIME 1
| #define HAVE_STRDUP 1
| #define HAVE_STRERROR 1
| #define HAVE_STRFTIME 1
| #define HAVE_LOCALTIME 1
| #define HAVE_GETTIMEOFDAY 1
| #define HAVE_FTIME 1
| #define HAVE_STAT 1
| #define HAVE__STAT 1
| #define HAVE_SIGNAL 1
| #define HAVE_PRINTF 1
| #define HAVE_SPRINTF 1
| #define HAVE_FPRINTF 1
| #define HAVE_SNPRINTF 1
| #define HAVE_VFPRINTF 1
| #define HAVE_VSPRINTF 1
| #define HAVE_VSNPRINTF 1
| #define HAVE_SSCANF 1
| #define HAVE_VA_COPY 1
| #define XML_SOCKLEN_T socklen_t
| #define SUPPORT_IP6 /**/
| #define HAVE_GETADDRINFO /**/
| #define HAVE_ISNAN /**/
| /* end confdefs.h.  */
| /* Define isinf to an innocuous variant, in case <limits.h> declares isinf.
|    For example, HP-UX 11i <limits.h> declares gettimeofday.  */
| #define isinf innocuous_isinf
| 
| /* System header to define __stub macros and hopefully few prototypes,
|     which can conflict with char isinf (); below.
|     Prefer <limits.h> to <assert.h> if __STDC__ is defined, since
|     <limits.h> exists even on freestanding compilers.  */
| 
| #ifdef __STDC__
| # include <limits.h>
| #else
| # include <assert.h>
| #endif
| 
| #undef isinf
| 
| /* Override any GCC internal prototype to avoid an error.
|    Use char because int might match the return type of a GCC
|    builtin and then its argument prototype would still apply.  */
| #ifdef __cplusplus
| extern "C"
| #endif
| char isinf ();
| /* The GNU C library defines this for functions which it implements
|     to always fail with ENOSYS.  Some functions are actually named
|     something starting with __ and the normal name is an alias.  */
| #if defined __stub_isinf || defined __stub___isinf
| choke me
| #endif
| 
| int
| main ()
| {
| return isinf ();
|   ;
|   return 0;
| }
configure:13338: result: no
configure:13344: checking for isinf in -lm
configure:13369: aCC -Ae -o conftest -g +DD64 -w   conftest.c -lm   >&5
ld: Unsatisfied symbol "isinf" in file conftest.o
1 errors.
configure:13369: $? = 1
configure: failed program was:
| /* confdefs.h */
| #define PACKAGE_NAME ""
| #define PACKAGE_TARNAME ""
| #define PACKAGE_VERSION ""
| #define PACKAGE_STRING ""
| #define PACKAGE_BUGREPORT ""
| #define PACKAGE_URL ""
| #define PACKAGE "libxml2"
| #define VERSION "2.7.8"
| #define PROTOTYPES 1
| #define __PROTOTYPES 1
| #define STDC_HEADERS 1
| #define HAVE_SYS_TYPES_H 1
| #define HAVE_SYS_STAT_H 1
| #define HAVE_STDLIB_H 1
| #define HAVE_STRING_H 1
| #define HAVE_MEMORY_H 1
| #define HAVE_STRINGS_H 1
| #define HAVE_INTTYPES_H 1
| #define HAVE_STDINT_H 1
| #define HAVE_UNISTD_H 1
| #define HAVE_STRING_H 1
| #define HAVE_DLFCN_H 1
| #define LT_OBJDIR ".libs/"
| #define HAVE_DIRENT_H 1
| #define STDC_HEADERS 1
| #define HAVE_FCNTL_H 1
| #define HAVE_UNISTD_H 1
| #define HAVE_CTYPE_H 1
| #define HAVE_DIRENT_H 1
| #define HAVE_ERRNO_H 1
| #define HAVE_MALLOC_H 1
| #define HAVE_STDARG_H 1
| #define HAVE_SYS_STAT_H 1
| #define HAVE_SYS_TYPES_H 1
| #define HAVE_STDINT_H 1
| #define HAVE_TIME_H 1
| #define HAVE_MATH_H 1
| #define HAVE_LIMITS_H 1
| #define HAVE_FLOAT_H 1
| #define HAVE_STDLIB_H 1
| #define HAVE_SYS_SOCKET_H 1
| #define HAVE_NETINET_IN_H 1
| #define HAVE_ARPA_INET_H 1
| #define HAVE_NETDB_H 1
| #define HAVE_SYS_TIME_H 1
| #define HAVE_SYS_SELECT_H 1
| #define HAVE_POLL_H 1
| #define HAVE_SYS_MMAN_H 1
| #define HAVE_SYS_TIMEB_H 1
| #define HAVE_SIGNAL_H 1
| #define HAVE_ARPA_NAMESER_H 1
| #define HAVE_RESOLV_H 1
| #define HAVE_DL_H 1
| #define HAVE_DLFCN_H 1
| #define HAVE_STRFTIME 1
| #define HAVE_STRDUP 1
| #define HAVE_STRERROR 1
| #define HAVE_STRFTIME 1
| #define HAVE_LOCALTIME 1
| #define HAVE_GETTIMEOFDAY 1
| #define HAVE_FTIME 1
| #define HAVE_STAT 1
| #define HAVE__STAT 1
| #define HAVE_SIGNAL 1
| #define HAVE_PRINTF 1
| #define HAVE_SPRINTF 1
| #define HAVE_FPRINTF 1
| #define HAVE_SNPRINTF 1
| #define HAVE_VFPRINTF 1
| #define HAVE_VSPRINTF 1
| #define HAVE_VSNPRINTF 1
| #define HAVE_SSCANF 1
| #define HAVE_VA_COPY 1
| #define XML_SOCKLEN_T socklen_t
| #define SUPPORT_IP6 /**/
| #define HAVE_GETADDRINFO /**/
| #define HAVE_ISNAN /**/
| /* end confdefs.h.  */
| 
| /* Override any GCC internal prototype to avoid an error.
|    Use char because int might match the return type of a GCC
|    builtin and then its argument prototype would still apply.  */
| #ifdef __cplusplus
| extern "C"
| #endif
| char isinf ();
| int
| main ()
| {
| return isinf ();
|   ;
|   return 0;
| }
configure:13378: result: no
configure:13480: checking for python
configure:13513: result: no
configure:13648: checking for shl_load
configure:13648: aCC -Ae -o conftest -g +DD64 -w   conftest.c  >&5
configure:13648: $? = 0
configure:13648: result: yes
configure:13841: checking pthread.h usability
configure:13841: aCC -Ae -c -g +DD64 -w  conftest.c >&5
configure:13841: $? = 0
configure:13841: result: yes
configure:13841: checking pthread.h presence
configure:13841: aCC -Ae -E  conftest.c
configure:13841: $? = 0
configure:13841: result: yes
configure:13841: checking for pthread.h
configure:13841: result: yes
configure:13843: checking for pthread_join in -lpthread
configure:13868: aCC -Ae -o conftest -g +DD64 -w   conftest.c -lpthread   >&5
configure:13868: $? = 0
configure:13877: result: yes
configure:14352: checking iconv.h usability
configure:14352: aCC -Ae -c -g +DD64 -w  conftest.c >&5
configure:14352: $? = 0
configure:14352: result: yes
configure:14352: checking iconv.h presence
configure:14352: aCC -Ae -E  conftest.c
configure:14352: $? = 0
configure:14352: result: yes
configure:14352: checking for iconv.h
configure:14352: result: yes
configure:14354: checking for iconv
configure:14370: aCC -Ae -o conftest -g +DD64 -w   conftest.c  >&5
configure:14370: $? = 0
configure:14372: result: yes
configure:14426: checking for iconv declaration
configure:14454: aCC -Ae -c -g +DD64 -w  conftest.c >&5
configure:14454: $? = 0
configure:14464: result: 
	extern size_t iconv (iconv_t cd,  char * *inbuf, size_t *inbytesleft, char * *outbuf, size_t *outbytesleft);
configure:14803: creating ./config.status

## ---------------------- ##
## Running config.status. ##
## ---------------------- ##

This file was extended by config.status, which was
generated by GNU Autoconf 2.66.  Invocation command line was

  CONFIG_FILES    = 
  CONFIG_HEADERS  = 
  CONFIG_LINKS    = 
  CONFIG_COMMANDS = 
  $ ./config.status 

on hss4

config.status:1263: creating libxml2.spec
config.status:1263: creating Makefile
config.status:1263: creating include/Makefile
config.status:1263: creating include/libxml/Makefile
config.status:1263: creating doc/Makefile
config.status:1263: creating doc/examples/Makefile
config.status:1263: creating doc/devhelp/Makefile
config.status:1263: creating example/Makefile
config.status:1263: creating python/Makefile
config.status:1263: creating python/tests/Makefile
config.status:1263: creating xstc/Makefile
config.status:1263: creating include/libxml/xmlversion.h
config.status:1263: creating xml2-config
config.status:1263: creating libxml-2.0.pc
config.status:1263: creating libxml-2.0-uninstalled.pc
config.status:1263: creating python/setup.py
config.status:1263: creating config.h
config.status:1491: executing depfiles commands
config.status:1491: executing libtool commands

## ---------------- ##
## Cache variables. ##
## ---------------- ##

ac_cv_build=ia64-hp-hpux11.31
ac_cv_c_compiler_gnu=no
ac_cv_env_CC_set=set
ac_cv_env_CC_value=aCC
ac_cv_env_CFLAGS_set=set
ac_cv_env_CFLAGS_value='-g +DD64 -w'
ac_cv_env_CPPFLAGS_set=''
ac_cv_env_CPPFLAGS_value=''
ac_cv_env_CPP_set=''
ac_cv_env_CPP_value=''
ac_cv_env_LDFLAGS_set=''
ac_cv_env_LDFLAGS_value=''
ac_cv_env_LIBS_set=''
ac_cv_env_LIBS_value=''
ac_cv_env_build_alias_set=''
ac_cv_env_build_alias_value=''
ac_cv_env_host_alias_set=''
ac_cv_env_host_alias_value=''
ac_cv_env_target_alias_set=''
ac_cv_env_target_alias_value=''
ac_cv_func__stat=yes
ac_cv_func_class=no
ac_cv_func_finite=no
ac_cv_func_fp_class=no
ac_cv_func_fpclass=no
ac_cv_func_fprintf=yes
ac_cv_func_ftime=yes
ac_cv_func_getaddrinfo=yes
ac_cv_func_gettimeofday=yes
ac_cv_func_isinf=no
ac_cv_func_isnan=no
ac_cv_func_isnand=no
ac_cv_func_localtime=yes
ac_cv_func_printf=yes
ac_cv_func_shl_load=yes
ac_cv_func_signal=yes
ac_cv_func_snprintf=yes
ac_cv_func_sprintf=yes
ac_cv_func_sscanf=yes
ac_cv_func_stat=yes
ac_cv_func_strdup=yes
ac_cv_func_strerror=yes
ac_cv_func_strftime=yes
ac_cv_func_strndup=no
ac_cv_func_vfprintf=yes
ac_cv_func_vsnprintf=yes
ac_cv_func_vsprintf=yes
ac_cv_header_ansidecl_h=no
ac_cv_header_arpa_inet_h=yes
ac_cv_header_arpa_nameser_h=yes
ac_cv_header_ctype_h=yes
ac_cv_header_dirent_dirent_h=yes
ac_cv_header_dirent_h=yes
ac_cv_header_dl_h=yes
ac_cv_header_dlfcn_h=yes
ac_cv_header_errno_h=yes
ac_cv_header_fcntl_h=yes
ac_cv_header_float_h=yes
ac_cv_header_fp_class_h=no
ac_cv_header_iconv_h=yes
ac_cv_header_ieeefp_h=no
ac_cv_header_inttypes_h=yes
ac_cv_header_inttypes_h_h=no
ac_cv_header_limits_h=yes
ac_cv_header_malloc_h=yes
ac_cv_header_math_h=yes
ac_cv_header_memory_h=yes
ac_cv_header_nan_h=no
ac_cv_header_netdb_h=yes
ac_cv_header_netinet_in_h=yes
ac_cv_header_poll_h=yes
ac_cv_header_pthread_h=yes
ac_cv_header_resolv_h=yes
ac_cv_header_signal_h=yes
ac_cv_header_stdarg_h=yes
ac_cv_header_stdc=yes
ac_cv_header_stdint_h=yes
ac_cv_header_stdlib_h=yes
ac_cv_header_string_h=yes
ac_cv_header_strings_h=yes
ac_cv_header_sys_mman_h=yes
ac_cv_header_sys_select_h=yes
ac_cv_header_sys_socket_h=yes
ac_cv_header_sys_stat_h=yes
ac_cv_header_sys_time_h=yes
ac_cv_header_sys_timeb_h=yes
ac_cv_header_sys_types_h=yes
ac_cv_header_time_h=yes
ac_cv_header_unistd_h=yes
ac_cv_header_zlib_h=no
ac_cv_host=ia64-hp-hpux11.31
ac_cv_lib_m_isinf=no
ac_cv_lib_m_isnan=yes
ac_cv_lib_pthread_pthread_join=yes
ac_cv_objext=o
ac_cv_path_EGREP='/usr/bin/grep -E'
ac_cv_path_FGREP='/usr/bin/grep -F'
ac_cv_path_GREP=/usr/bin/grep
ac_cv_path_MV=/usr/bin/mv
ac_cv_path_PERL=/usr/bin/perl
ac_cv_path_RM=/usr/bin/rm
ac_cv_path_SED=/usr/bin/sed
ac_cv_path_TAR=/usr/bin/tar
ac_cv_path_WGET=/usr/bin/wget
ac_cv_path_XMLLINT=/usr/bin/xmllint
ac_cv_path_XSLTPROC=/usr/bin/xsltproc
ac_cv_prog_AWK=awk
ac_cv_prog_CPP='aCC -Ae -E'
ac_cv_prog_ac_ct_AR=ar
ac_cv_prog_ac_ct_CC=aCC
ac_cv_prog_ac_ct_OBJDUMP=objdump
ac_cv_prog_ac_ct_RANLIB=ranlib
ac_cv_prog_ac_ct_STRIP=strip
ac_cv_prog_cc_c89=-Ae
ac_cv_prog_cc_g=yes
ac_cv_prog_make_make_set=yes
ac_cv_search_connect='none required'
ac_cv_search_gethostent='none required'
ac_cv_search_opendir='none required'
ac_cv_search_setsockopt='none required'
am_cv_CC_dependencies_compiler_type=hp2
lt_cv_deplibs_check_method='file_magic (s[0-9][0-9][0-9]|ELF-[0-9][0-9]) shared object file - IA64'
lt_cv_file_magic_cmd=/usr/bin/file
lt_cv_file_magic_test_file=/usr/lib/hpux32/libc.so
lt_cv_ld_reload_flag=-r
lt_cv_nm_interface='BSD nm'
lt_cv_objdir=.libs
lt_cv_path_LD=/usr/bin/ld
lt_cv_path_NM='/usr/bin/nm -p'
lt_cv_prog_compiler_c_o=yes
lt_cv_prog_compiler_pic_works=yes
lt_cv_prog_compiler_static_works=no
lt_cv_prog_gnu_ld=no
lt_cv_sys_global_symbol_pipe='sed -n -e '\''s/^.*[	 ]\([ABCDEGRST][ABCDEGRST]*\)[	 ][	 ]*\([_A-Za-z][_A-Za-z0-9]*\)$/\1 \2 \2/p'\'
lt_cv_sys_global_symbol_to_c_name_address='sed -n -e '\''s/^: \([^ ]*\) $/  {\"\1\", (void *) 0},/p'\'' -e '\''s/^[ABCDEGRST]* \([^ ]*\) \([^ ]*\)$/  {"\2", (void *) \&\2},/p'\'
lt_cv_sys_global_symbol_to_c_name_address_lib_prefix='sed -n -e '\''s/^: \([^ ]*\) $/  {\"\1\", (void *) 0},/p'\'' -e '\''s/^[ABCDEGRST]* \([^ ]*\) \(lib[^ ]*\)$/  {"\2", (void *) \&\2},/p'\'' -e '\''s/^[ABCDEGRST]* \([^ ]*\) \([^ ]*\)$/  {"lib\2", (void *) \&\2},/p'\'
lt_cv_sys_global_symbol_to_cdecl='sed -n -e '\''s/^T .* \(.*\)$/extern int \1();/p'\'' -e '\''s/^[ABCDEGRST]* .* \(.*\)$/extern char \1;/p'\'
lt_cv_sys_max_cmd_len=1536000
xml_cv_iconv_arg2=''
xml_cv_iconv_decl='extern size_t iconv (iconv_t cd,  char * *inbuf, size_t *inbytesleft, char * *outbuf, size_t *outbytesleft);'

## ----------------- ##
## Output variables. ##
## ----------------- ##

ACLOCAL='${SHELL} /hss/sgw/SGW_HOME/libsrc/libxml2/missing --run aclocal-1.11'
AMDEPBACKSLASH='\'
AMDEP_FALSE='#'
AMDEP_TRUE=''
AMTAR='${SHELL} /hss/sgw/SGW_HOME/libsrc/libxml2/missing --run tar'
AM_BACKSLASH='\'
AM_DEFAULT_VERBOSITY='0'
ANSI2KNR=''
AR='ar'
AS='as'
AUTOCONF='${SHELL} /hss/sgw/SGW_HOME/libsrc/libxml2/missing --run autoconf'
AUTOHEADER='${SHELL} /hss/sgw/SGW_HOME/libsrc/libxml2/missing --run autoheader'
AUTOMAKE='${SHELL} /hss/sgw/SGW_HOME/libsrc/libxml2/missing --run automake-1.11'
AWK='awk'
BASE_THREAD_LIBS=''
C14N_OBJ='c14n.c'
CATALOG_OBJ='catalog.o'
CC='aCC -Ae'
CCDEPMODE='depmode=hp2'
CFLAGS='-g +DD64 -w'
CPP='aCC -Ae -E'
CPPFLAGS=''
CYGPATH_W='echo'
CYGWIN_EXTRA_LDFLAGS=''
CYGWIN_EXTRA_PYTHON_LIBADD=''
DEBUG_OBJ='debugXML.o'
DEFS='-DHAVE_CONFIG_H'
DEPDIR='.deps'
DLLTOOL='dlltool'
DOCB_OBJ='DOCBparser.o'
DSYMUTIL=''
DUMPBIN=''
ECHO_C='\c'
ECHO_N=''
ECHO_T=''
EGREP='/usr/bin/grep -E'
EXEEXT=''
FGREP='/usr/bin/grep -F'
FTP_OBJ='nanoftp.o'
GREP='/usr/bin/grep'
HAVE_ISINF=''
HAVE_ISNAN=''
HTML_DIR='$(datadir)/doc/$(PACKAGE)-$(VERSION)/html'
HTML_OBJ='HTMLparser.o HTMLtree.o'
HTTP_OBJ='nanohttp.o'
ICONV_LIBS=''
INSTALL_DATA='${INSTALL} -m 644'
INSTALL_PROGRAM='${INSTALL}'
INSTALL_SCRIPT='${INSTALL}'
INSTALL_STRIP_PROGRAM='$(install_sh) -c -s'
LD='/usr/bin/ld'
LDFLAGS=''
LIBOBJS=''
LIBS=''
LIBTOOL='$(SHELL) $(top_builddir)/libtool'
LIBXML_MAJOR_VERSION='2'
LIBXML_MICRO_VERSION='8'
LIBXML_MINOR_VERSION='7'
LIBXML_VERSION='2.7.8'
LIBXML_VERSION_EXTRA=''
LIBXML_VERSION_INFO='9:8:7'
LIBXML_VERSION_NUMBER='20708'
LIPO=''
LN_S='ln -s'
LTLIBOBJS=''
MAKEINFO='${SHELL} /hss/sgw/SGW_HOME/libsrc/libxml2/missing --run makeinfo'
MKDIR_P='./install-sh -c -d'
MODULE_EXTENSION='.sl'
MODULE_PLATFORM_LIBS=''
MV='/usr/bin/mv'
M_LIBS='-lm'
NM='/usr/bin/nm -p'
NMEDIT=''
OBJDUMP='objdump'
OBJEXT='o'
OTOOL64=''
OTOOL=''
PACKAGE='libxml2'
PACKAGE_BUGREPORT=''
PACKAGE_NAME=''
PACKAGE_STRING=''
PACKAGE_TARNAME=''
PACKAGE_URL=''
PACKAGE_VERSION=''
PATH_SEPARATOR=':'
PERL='/usr/bin/perl'
PYTHON=''
PYTHON_INCLUDES=''
PYTHON_LIBS=''
PYTHON_SITE_PACKAGES=''
PYTHON_SUBDIR=''
PYTHON_TESTS=''
PYTHON_VERSION=''
RANLIB='ranlib'
RDL_LIBS=''
READER_TEST='Readertests'
REBUILD_DOCS_FALSE=''
REBUILD_DOCS_TRUE='#'
RELDATE='Sat Oct  8 2011'
RM='/usr/bin/rm'
SED='/usr/bin/sed'
SET_MAKE=''
SHELL='/bin/sh'
STATIC_BINARIES=''
STRIP='strip'
TAR='/usr/bin/tar'
TEST_C14N='C14Ntests'
TEST_CATALOG='Catatests'
TEST_DEBUG='Scripttests'
TEST_HTML='HTMLtests'
TEST_MODULES='ModuleTests'
TEST_PATTERN='Patterntests'
TEST_PHTML='HTMLPushtests'
TEST_PUSH='XMLPushtests'
TEST_REGEXPS='Regexptests Automatatests'
TEST_SAX='SAXtests'
TEST_SCHEMAS='Schemastests Relaxtests'
TEST_SCHEMATRON='Schematrontests'
TEST_THREADS='Threadtests'
TEST_VALID='Validtests'
TEST_VTIME='VTimingtests'
TEST_XINCLUDE='XIncludetests'
TEST_XPATH='XPathtests'
TEST_XPTR='XPtrtests'
THREADS_W32=''
THREAD_CFLAGS=' -D_REENTRANT'
THREAD_LIBS='-lpthread'
U=''
USE_VERSION_SCRIPT_FALSE=''
USE_VERSION_SCRIPT_TRUE='#'
VERSION='2.7.8'
VERSION_SCRIPT_FLAGS=''
WGET='/usr/bin/wget'
WIN32_EXTRA_LDFLAGS=''
WIN32_EXTRA_LIBADD=''
WIN32_EXTRA_PYTHON_LIBADD=''
WITH_C14N='1'
WITH_CATALOG='1'
WITH_DEBUG='1'
WITH_DOCB='1'
WITH_FTP='1'
WITH_HTML='1'
WITH_HTTP='1'
WITH_ICONV='1'
WITH_ICU='0'
WITH_ISO8859X='1'
WITH_LEGACY='1'
WITH_MEM_DEBUG='0'
WITH_MODULES='1'
WITH_OUTPUT='1'
WITH_PATTERN='1'
WITH_PUSH='1'
WITH_PYTHON_FALSE=''
WITH_PYTHON_TRUE='#'
WITH_READER='1'
WITH_REGEXPS='1'
WITH_RUN_DEBUG='0'
WITH_SAX1='1'
WITH_SCHEMAS='1'
WITH_SCHEMATRON='1'
WITH_THREADS='1'
WITH_TREE='1'
WITH_TRIO='0'
WITH_TRIO_SOURCES_FALSE=''
WITH_TRIO_SOURCES_TRUE='#'
WITH_VALID='1'
WITH_WRITER='1'
WITH_XINCLUDE='1'
WITH_XPATH='1'
WITH_XPTR='1'
WITH_ZLIB='0'
XINCLUDE_OBJ='xinclude.o'
XMLLINT='/usr/bin/xmllint'
XML_CFLAGS=''
XML_INCLUDEDIR='-I${includedir}/libxml2'
XML_LIBDIR='-L${libdir}'
XML_LIBS='-lxml2  -lpthread  -lm '
XML_LIBTOOLLIBS='libxml2.la'
XPATH_OBJ='xpath.o'
XPTR_OBJ='xpointer.o'
XSLTPROC='/usr/bin/xsltproc'
Z_CFLAGS=''
Z_LIBS=''
ac_ct_CC='aCC'
ac_ct_DUMPBIN=''
am__EXEEXT_FALSE=''
am__EXEEXT_TRUE='#'
am__fastdepCC_FALSE=''
am__fastdepCC_TRUE='#'
am__include='include'
am__isrc=''
am__leading_dot='.'
am__quote=''
am__tar='${AMTAR} chof - "$$tardir"'
am__untar='${AMTAR} xf -'
bindir='${exec_prefix}/bin'
build='ia64-hp-hpux11.31'
build_alias=''
build_cpu='ia64'
build_os='hpux11.31'
build_vendor='hp'
datadir='${datarootdir}'
datarootdir='${prefix}/share'
docdir='${datarootdir}/doc/${PACKAGE}'
dvidir='${docdir}'
exec_prefix='${prefix}'
host='ia64-hp-hpux11.31'
host_alias=''
host_cpu='ia64'
host_os='hpux11.31'
host_vendor='hp'
htmldir='${docdir}'
includedir='${prefix}/include'
infodir='${datarootdir}/info'
install_sh='${SHELL} /hss/sgw/SGW_HOME/libsrc/libxml2/install-sh'
libdir='${exec_prefix}/lib'
libexecdir='${exec_prefix}/libexec'
localedir='${datarootdir}/locale'
localstatedir='${prefix}/var'
mandir='${datarootdir}/man'
mkdir_p='$(top_builddir)/./install-sh -c -d'
oldincludedir='/usr/include'
pdfdir='${docdir}'
prefix='/hss/sgw/SGW_HOME'
program_transform_name='s,x,x,'
psdir='${docdir}'
pythondir='$(libdir)/python$(PYTHON_VERSION)/site-packages'
sbindir='${exec_prefix}/sbin'
sharedstatedir='${prefix}/com'
sysconfdir='${prefix}/etc'
target_alias=''

## ----------- ##
## confdefs.h. ##
## ----------- ##

/* confdefs.h */
#define PACKAGE_NAME ""
#define PACKAGE_TARNAME ""
#define PACKAGE_VERSION ""
#define PACKAGE_STRING ""
#define PACKAGE_BUGREPORT ""
#define PACKAGE_URL ""
#define PACKAGE "libxml2"
#define VERSION "2.7.8"
#define PROTOTYPES 1
#define __PROTOTYPES 1
#define STDC_HEADERS 1
#define HAVE_SYS_TYPES_H 1
#define HAVE_SYS_STAT_H 1
#define HAVE_STDLIB_H 1
#define HAVE_STRING_H 1
#define HAVE_MEMORY_H 1
#define HAVE_STRINGS_H 1
#define HAVE_INTTYPES_H 1
#define HAVE_STDINT_H 1
#define HAVE_UNISTD_H 1
#define HAVE_STRING_H 1
#define HAVE_DLFCN_H 1
#define LT_OBJDIR ".libs/"
#define HAVE_DIRENT_H 1
#define STDC_HEADERS 1
#define HAVE_FCNTL_H 1
#define HAVE_UNISTD_H 1
#define HAVE_CTYPE_H 1
#define HAVE_DIRENT_H 1
#define HAVE_ERRNO_H 1
#define HAVE_MALLOC_H 1
#define HAVE_STDARG_H 1
#define HAVE_SYS_STAT_H 1
#define HAVE_SYS_TYPES_H 1
#define HAVE_STDINT_H 1
#define HAVE_TIME_H 1
#define HAVE_MATH_H 1
#define HAVE_LIMITS_H 1
#define HAVE_FLOAT_H 1
#define HAVE_STDLIB_H 1
#define HAVE_SYS_SOCKET_H 1
#define HAVE_NETINET_IN_H 1
#define HAVE_ARPA_INET_H 1
#define HAVE_NETDB_H 1
#define HAVE_SYS_TIME_H 1
#define HAVE_SYS_SELECT_H 1
#define HAVE_POLL_H 1
#define HAVE_SYS_MMAN_H 1
#define HAVE_SYS_TIMEB_H 1
#define HAVE_SIGNAL_H 1
#define HAVE_ARPA_NAMESER_H 1
#define HAVE_RESOLV_H 1
#define HAVE_DL_H 1
#define HAVE_DLFCN_H 1
#define HAVE_STRFTIME 1
#define HAVE_STRDUP 1
#define HAVE_STRERROR 1
#define HAVE_STRFTIME 1
#define HAVE_LOCALTIME 1
#define HAVE_GETTIMEOFDAY 1
#define HAVE_FTIME 1
#define HAVE_STAT 1
#define HAVE__STAT 1
#define HAVE_SIGNAL 1
#define HAVE_PRINTF 1
#define HAVE_SPRINTF 1
#define HAVE_FPRINTF 1
#define HAVE_SNPRINTF 1
#define HAVE_VFPRINTF 1
#define HAVE_VSPRINTF 1
#define HAVE_VSNPRINTF 1
#define HAVE_SSCANF 1
#define HAVE_VA_COPY 1
#define XML_SOCKLEN_T socklen_t
#define SUPPORT_IP6 /**/
#define HAVE_GETADDRINFO /**/
#define HAVE_ISNAN /**/
#define HAVE_SHLLOAD /**/
#define HAVE_LIBPTHREAD /**/
#define HAVE_PTHREAD_H /**/
#define ICONV_CONST 

configure: exit 0
